[2025-05-27T13:22:14.287+0000] {manager.py:469} INFO - Processing files using up to 2 processes at a time 
[2025-05-27T13:22:14.287+0000] {manager.py:470} INFO - Process each file at most once every 30 seconds
[2025-05-27T13:22:14.294+0000] {manager.py:471} INFO - Checking for new files in /opt/airflow/dags every 300 seconds
[2025-05-27T13:22:14.297+0000] {manager.py:738} INFO - Searching for files in /opt/airflow/dags
[2025-05-27T13:22:14.325+0000] {manager.py:741} INFO - There are 3 files in /opt/airflow/dags
[2025-05-27T13:22:14.538+0000] {manager.py:879} INFO - 
================================================================================
DAG File Processing Stats

File Path                                 PID  Runtime      # DAGs    # Errors  Last Runtime    Last Run
--------------------------------------  -----  ---------  --------  ----------  --------------  ----------
/opt/airflow/dags/load_csv_to_mysql.py    201  0.13s             0           0
/opt/airflow/dags/mysql_to_postgres.py                           0           0
/opt/airflow/dags/postgres_to_mysql.py    198  0.16s             0           0
================================================================================
[2025-05-27T13:22:44.665+0000] {manager.py:879} INFO - 
================================================================================
DAG File Processing Stats

File Path                               PID    Runtime      # DAGs    # Errors  Last Runtime    Last Run
--------------------------------------  -----  ---------  --------  ----------  --------------  -------------------
/opt/airflow/dags/load_csv_to_mysql.py                           1           0  1.03s           2025-05-27T13:22:15
/opt/airflow/dags/mysql_to_postgres.py                           1           0  1.56s           2025-05-27T13:22:17
/opt/airflow/dags/postgres_to_mysql.py                           1           0  1.07s           2025-05-27T13:22:15
================================================================================
[2025-05-27T13:23:14.802+0000] {manager.py:879} INFO - 
================================================================================
DAG File Processing Stats

File Path                               PID    Runtime      # DAGs    # Errors  Last Runtime    Last Run
--------------------------------------  -----  ---------  --------  ----------  --------------  -------------------
/opt/airflow/dags/load_csv_to_mysql.py                           1           0  0.69s           2025-05-27T13:22:46
/opt/airflow/dags/mysql_to_postgres.py                           1           0  0.86s           2025-05-27T13:22:48
/opt/airflow/dags/postgres_to_mysql.py                           1           0  0.74s           2025-05-27T13:22:46
================================================================================
[2025-05-27T13:23:44.858+0000] {manager.py:879} INFO - 
================================================================================
DAG File Processing Stats

File Path                               PID    Runtime      # DAGs    # Errors  Last Runtime    Last Run
--------------------------------------  -----  ---------  --------  ----------  --------------  -------------------
/opt/airflow/dags/load_csv_to_mysql.py                           1           0  0.50s           2025-05-27T13:23:17
/opt/airflow/dags/mysql_to_postgres.py                           1           0  0.46s           2025-05-27T13:23:18
/opt/airflow/dags/postgres_to_mysql.py                           1           0  0.59s           2025-05-27T13:23:17
================================================================================
[2025-05-27T13:24:14.883+0000] {manager.py:879} INFO - 
================================================================================
DAG File Processing Stats

File Path                               PID    Runtime      # DAGs    # Errors  Last Runtime    Last Run
--------------------------------------  -----  ---------  --------  ----------  --------------  -------------------
/opt/airflow/dags/load_csv_to_mysql.py                           1           0  0.46s           2025-05-27T13:23:48
/opt/airflow/dags/mysql_to_postgres.py                           1           0  1.31s           2025-05-27T13:23:50
/opt/airflow/dags/postgres_to_mysql.py                           1           0  0.51s           2025-05-27T13:23:48
================================================================================
[2025-05-27T13:24:45.597+0000] {manager.py:879} INFO - 
================================================================================
DAG File Processing Stats

File Path                               PID    Runtime      # DAGs    # Errors  Last Runtime    Last Run
--------------------------------------  -----  ---------  --------  ----------  --------------  -------------------
/opt/airflow/dags/load_csv_to_mysql.py                           1           0  1.55s           2025-05-27T13:24:20
/opt/airflow/dags/mysql_to_postgres.py                           1           0  0.39s           2025-05-27T13:24:21
/opt/airflow/dags/postgres_to_mysql.py                           1           0  1.60s           2025-05-27T13:24:20
================================================================================
[2025-05-27T13:25:15.908+0000] {manager.py:879} INFO - 
================================================================================
DAG File Processing Stats

File Path                               PID    Runtime      # DAGs    # Errors  Last Runtime    Last Run
--------------------------------------  -----  ---------  --------  ----------  --------------  -------------------
/opt/airflow/dags/load_csv_to_mysql.py                           1           0  1.10s           2025-05-27T13:24:52
/opt/airflow/dags/mysql_to_postgres.py                           1           0  0.47s           2025-05-27T13:24:53
/opt/airflow/dags/postgres_to_mysql.py                           1           0  1.73s           2025-05-27T13:24:52
================================================================================
[2025-05-27T13:25:37.753+0000] {manager.py:451} INFO - Exiting gracefully upon receiving signal 15
[2025-05-27T13:27:15.899+0000] {manager.py:469} INFO - Processing files using up to 2 processes at a time 
[2025-05-27T13:27:15.900+0000] {manager.py:470} INFO - Process each file at most once every 30 seconds
[2025-05-27T13:27:15.900+0000] {manager.py:471} INFO - Checking for new files in /opt/airflow/dags every 300 seconds
[2025-05-27T13:27:15.901+0000] {manager.py:738} INFO - Searching for files in /opt/airflow/dags
[2025-05-27T13:27:15.906+0000] {manager.py:741} INFO - There are 3 files in /opt/airflow/dags
[2025-05-27T13:27:16.176+0000] {manager.py:879} INFO - 
================================================================================
DAG File Processing Stats

File Path                                 PID  Runtime      # DAGs    # Errors  Last Runtime    Last Run
--------------------------------------  -----  ---------  --------  ----------  --------------  ----------
/opt/airflow/dags/load_csv_to_mysql.py    220  0.12s             0           0
/opt/airflow/dags/mysql_to_postgres.py                           0           0
/opt/airflow/dags/postgres_to_mysql.py    217  0.16s             0           0
================================================================================
[2025-05-27T13:27:46.494+0000] {manager.py:879} INFO - 
================================================================================
DAG File Processing Stats

File Path                               PID    Runtime      # DAGs    # Errors  Last Runtime    Last Run
--------------------------------------  -----  ---------  --------  ----------  --------------  -------------------
/opt/airflow/dags/load_csv_to_mysql.py                           1           0  1.03s           2025-05-27T13:27:17
/opt/airflow/dags/mysql_to_postgres.py                           1           0  1.03s           2025-05-27T13:27:18
/opt/airflow/dags/postgres_to_mysql.py                           1           0  1.12s           2025-05-27T13:27:17
================================================================================
[2025-05-27T13:28:16.991+0000] {manager.py:879} INFO - 
================================================================================
DAG File Processing Stats

File Path                               PID    Runtime      # DAGs    # Errors  Last Runtime    Last Run
--------------------------------------  -----  ---------  --------  ----------  --------------  -------------------
/opt/airflow/dags/load_csv_to_mysql.py                           1           0  1.17s           2025-05-27T13:27:48
/opt/airflow/dags/mysql_to_postgres.py                           1           0  0.44s           2025-05-27T13:27:49
/opt/airflow/dags/postgres_to_mysql.py                           1           0  1.23s           2025-05-27T13:27:48
================================================================================
[2025-05-27T13:28:47.669+0000] {manager.py:879} INFO - 
================================================================================
DAG File Processing Stats

File Path                               PID    Runtime      # DAGs    # Errors  Last Runtime    Last Run
--------------------------------------  -----  ---------  --------  ----------  --------------  -------------------
/opt/airflow/dags/load_csv_to_mysql.py                           1           0  0.31s           2025-05-27T13:28:19
/opt/airflow/dags/mysql_to_postgres.py                           1           0  0.17s           2025-05-27T13:28:19
/opt/airflow/dags/postgres_to_mysql.py                           1           0  0.38s           2025-05-27T13:28:19
================================================================================
[2025-05-27T13:29:18.598+0000] {manager.py:879} INFO - 
================================================================================
DAG File Processing Stats

File Path                               PID    Runtime      # DAGs    # Errors  Last Runtime    Last Run
--------------------------------------  -----  ---------  --------  ----------  --------------  -------------------
/opt/airflow/dags/load_csv_to_mysql.py                           1           0  0.33s           2025-05-27T13:28:50
/opt/airflow/dags/mysql_to_postgres.py                           1           0  0.18s           2025-05-27T13:28:50
/opt/airflow/dags/postgres_to_mysql.py                           1           0  0.40s           2025-05-27T13:28:50
================================================================================
[2025-05-27T13:29:49.134+0000] {manager.py:879} INFO - 
================================================================================
DAG File Processing Stats

File Path                               PID    Runtime      # DAGs    # Errors  Last Runtime    Last Run
--------------------------------------  -----  ---------  --------  ----------  --------------  -------------------
/opt/airflow/dags/load_csv_to_mysql.py                           1           0  0.38s           2025-05-27T13:29:21
/opt/airflow/dags/mysql_to_postgres.py                           1           0  0.19s           2025-05-27T13:29:21
/opt/airflow/dags/postgres_to_mysql.py                           1           0  0.44s           2025-05-27T13:29:21
================================================================================
[2025-05-27T13:30:19.404+0000] {manager.py:879} INFO - 
================================================================================
DAG File Processing Stats

File Path                               PID    Runtime      # DAGs    # Errors  Last Runtime    Last Run
--------------------------------------  -----  ---------  --------  ----------  --------------  -------------------
/opt/airflow/dags/load_csv_to_mysql.py                           1           0  0.65s           2025-05-27T13:29:52
/opt/airflow/dags/mysql_to_postgres.py                           1           0  0.22s           2025-05-27T13:29:52
/opt/airflow/dags/postgres_to_mysql.py                           1           0  0.84s           2025-05-27T13:29:52
================================================================================
[2025-05-27T13:30:50.201+0000] {manager.py:879} INFO - 
================================================================================
DAG File Processing Stats

File Path                               PID    Runtime      # DAGs    # Errors  Last Runtime    Last Run
--------------------------------------  -----  ---------  --------  ----------  --------------  -------------------
/opt/airflow/dags/load_csv_to_mysql.py                           1           0  0.38s           2025-05-27T13:30:22
/opt/airflow/dags/mysql_to_postgres.py                           1           0  0.19s           2025-05-27T13:30:23
/opt/airflow/dags/postgres_to_mysql.py                           1           0  0.44s           2025-05-27T13:30:22
================================================================================
[2025-05-27T13:31:20.941+0000] {manager.py:879} INFO - 
================================================================================
DAG File Processing Stats

File Path                               PID    Runtime      # DAGs    # Errors  Last Runtime    Last Run
--------------------------------------  -----  ---------  --------  ----------  --------------  -------------------
/opt/airflow/dags/load_csv_to_mysql.py                           1           0  0.33s           2025-05-27T13:30:53
/opt/airflow/dags/mysql_to_postgres.py                           1           0  0.18s           2025-05-27T13:30:53
/opt/airflow/dags/postgres_to_mysql.py                           1           0  0.38s           2025-05-27T13:30:53
================================================================================
[2025-05-27T13:31:51.857+0000] {manager.py:879} INFO - 
================================================================================
DAG File Processing Stats

File Path                               PID    Runtime      # DAGs    # Errors  Last Runtime    Last Run
--------------------------------------  -----  ---------  --------  ----------  --------------  -------------------
/opt/airflow/dags/load_csv_to_mysql.py                           1           0  0.31s           2025-05-27T13:31:24
/opt/airflow/dags/mysql_to_postgres.py                           1           0  0.17s           2025-05-27T13:31:24
/opt/airflow/dags/postgres_to_mysql.py                           1           0  0.36s           2025-05-27T13:31:24
================================================================================
[2025-05-27T13:32:16.535+0000] {manager.py:738} INFO - Searching for files in /opt/airflow/dags
[2025-05-27T13:32:16.553+0000] {manager.py:741} INFO - There are 3 files in /opt/airflow/dags
[2025-05-27T13:32:22.657+0000] {manager.py:879} INFO - 
================================================================================
DAG File Processing Stats

File Path                               PID    Runtime      # DAGs    # Errors  Last Runtime    Last Run
--------------------------------------  -----  ---------  --------  ----------  --------------  -------------------
/opt/airflow/dags/load_csv_to_mysql.py                           1           0  0.37s           2025-05-27T13:31:55
/opt/airflow/dags/mysql_to_postgres.py                           1           0  0.17s           2025-05-27T13:31:55
/opt/airflow/dags/postgres_to_mysql.py                           1           0  0.41s           2025-05-27T13:31:55
================================================================================
[2025-05-27T13:32:52.684+0000] {manager.py:879} INFO - 
================================================================================
DAG File Processing Stats

File Path                               PID    Runtime      # DAGs    # Errors  Last Runtime    Last Run
--------------------------------------  -----  ---------  --------  ----------  --------------  -------------------
/opt/airflow/dags/load_csv_to_mysql.py                           1           0  0.44s           2025-05-27T13:32:26
/opt/airflow/dags/mysql_to_postgres.py                           1           0  0.66s           2025-05-27T13:32:26
/opt/airflow/dags/postgres_to_mysql.py                           1           0  0.52s           2025-05-27T13:32:26
================================================================================
[2025-05-27T13:33:23.276+0000] {manager.py:879} INFO - 
================================================================================
DAG File Processing Stats

File Path                               PID    Runtime      # DAGs    # Errors  Last Runtime    Last Run
--------------------------------------  -----  ---------  --------  ----------  --------------  -------------------
/opt/airflow/dags/load_csv_to_mysql.py                           1           0  0.66s           2025-05-27T13:32:57
/opt/airflow/dags/mysql_to_postgres.py                           1           0  0.40s           2025-05-27T13:32:57
/opt/airflow/dags/postgres_to_mysql.py                           1           0  0.76s           2025-05-27T13:32:57
================================================================================
[2025-05-27T13:33:54.061+0000] {manager.py:879} INFO - 
================================================================================
DAG File Processing Stats

File Path                               PID    Runtime      # DAGs    # Errors  Last Runtime    Last Run
--------------------------------------  -----  ---------  --------  ----------  --------------  -------------------
/opt/airflow/dags/load_csv_to_mysql.py                           1           0  0.36s           2025-05-27T13:33:28
/opt/airflow/dags/mysql_to_postgres.py                           1           0  0.18s           2025-05-27T13:33:28
/opt/airflow/dags/postgres_to_mysql.py                           1           0  0.40s           2025-05-27T13:33:28
================================================================================
[2025-05-27T13:34:24.932+0000] {manager.py:879} INFO - 
================================================================================
DAG File Processing Stats

File Path                               PID    Runtime      # DAGs    # Errors  Last Runtime    Last Run
--------------------------------------  -----  ---------  --------  ----------  --------------  -------------------
/opt/airflow/dags/load_csv_to_mysql.py                           1           0  0.36s           2025-05-27T13:33:59
/opt/airflow/dags/mysql_to_postgres.py                           1           0  0.16s           2025-05-27T13:33:59
/opt/airflow/dags/postgres_to_mysql.py                           1           0  0.43s           2025-05-27T13:33:59
================================================================================
[2025-05-27T13:34:55.041+0000] {manager.py:879} INFO - 
================================================================================
DAG File Processing Stats

File Path                               PID    Runtime      # DAGs    # Errors  Last Runtime    Last Run
--------------------------------------  -----  ---------  --------  ----------  --------------  -------------------
/opt/airflow/dags/load_csv_to_mysql.py                           1           0  0.66s           2025-05-27T13:34:30
/opt/airflow/dags/mysql_to_postgres.py                           1           0  0.28s           2025-05-27T13:34:31
/opt/airflow/dags/postgres_to_mysql.py                           1           0  0.73s           2025-05-27T13:34:30
================================================================================
[2025-05-27T13:35:25.983+0000] {manager.py:879} INFO - 
================================================================================
DAG File Processing Stats

File Path                               PID    Runtime      # DAGs    # Errors  Last Runtime    Last Run
--------------------------------------  -----  ---------  --------  ----------  --------------  -------------------
/opt/airflow/dags/load_csv_to_mysql.py                           1           0  0.40s           2025-05-27T13:35:01
/opt/airflow/dags/mysql_to_postgres.py                           1           0  0.20s           2025-05-27T13:35:01
/opt/airflow/dags/postgres_to_mysql.py                           1           0  0.47s           2025-05-27T13:35:01
================================================================================
[2025-05-27T13:35:56.481+0000] {manager.py:879} INFO - 
================================================================================
DAG File Processing Stats

File Path                               PID    Runtime      # DAGs    # Errors  Last Runtime    Last Run
--------------------------------------  -----  ---------  --------  ----------  --------------  -------------------
/opt/airflow/dags/load_csv_to_mysql.py                           1           0  0.95s           2025-05-27T13:35:34
/opt/airflow/dags/mysql_to_postgres.py                           1           0  0.29s           2025-05-27T13:35:34
/opt/airflow/dags/postgres_to_mysql.py                           1           0  1.18s           2025-05-27T13:35:34
================================================================================
[2025-05-27T13:36:27.167+0000] {manager.py:879} INFO - 
================================================================================
DAG File Processing Stats

File Path                               PID    Runtime      # DAGs    # Errors  Last Runtime    Last Run
--------------------------------------  -----  ---------  --------  ----------  --------------  -------------------
/opt/airflow/dags/load_csv_to_mysql.py                           1           0  0.33s           2025-05-27T13:36:04
/opt/airflow/dags/mysql_to_postgres.py                           1           0  0.18s           2025-05-27T13:36:05
/opt/airflow/dags/postgres_to_mysql.py                           1           0  0.38s           2025-05-27T13:36:04
================================================================================
[2025-05-27T13:36:57.883+0000] {manager.py:879} INFO - 
================================================================================
DAG File Processing Stats

File Path                               PID    Runtime      # DAGs    # Errors  Last Runtime    Last Run
--------------------------------------  -----  ---------  --------  ----------  --------------  -------------------
/opt/airflow/dags/load_csv_to_mysql.py                           1           0  0.37s           2025-05-27T13:36:35
/opt/airflow/dags/mysql_to_postgres.py                           1           0  0.20s           2025-05-27T13:36:35
/opt/airflow/dags/postgres_to_mysql.py                           1           0  0.41s           2025-05-27T13:36:35
================================================================================
[2025-05-27T13:37:16.646+0000] {manager.py:738} INFO - Searching for files in /opt/airflow/dags
[2025-05-27T13:37:16.680+0000] {manager.py:741} INFO - There are 3 files in /opt/airflow/dags
[2025-05-27T13:37:28.571+0000] {manager.py:879} INFO - 
================================================================================
DAG File Processing Stats

File Path                               PID    Runtime      # DAGs    # Errors  Last Runtime    Last Run
--------------------------------------  -----  ---------  --------  ----------  --------------  -------------------
/opt/airflow/dags/load_csv_to_mysql.py                           1           0  0.37s           2025-05-27T13:37:06
/opt/airflow/dags/mysql_to_postgres.py                           1           0  0.19s           2025-05-27T13:37:06
/opt/airflow/dags/postgres_to_mysql.py                           1           0  0.41s           2025-05-27T13:37:06
================================================================================
[2025-05-27T13:37:59.316+0000] {manager.py:879} INFO - 
================================================================================
DAG File Processing Stats

File Path                               PID    Runtime      # DAGs    # Errors  Last Runtime    Last Run
--------------------------------------  -----  ---------  --------  ----------  --------------  -------------------
/opt/airflow/dags/load_csv_to_mysql.py                           1           0  0.40s           2025-05-27T13:37:37
/opt/airflow/dags/mysql_to_postgres.py                           1           0  0.19s           2025-05-27T13:37:37
/opt/airflow/dags/postgres_to_mysql.py                           1           0  0.44s           2025-05-27T13:37:37
================================================================================
[2025-05-27T13:38:29.992+0000] {manager.py:879} INFO - 
================================================================================
DAG File Processing Stats

File Path                               PID    Runtime      # DAGs    # Errors  Last Runtime    Last Run
--------------------------------------  -----  ---------  --------  ----------  --------------  -------------------
/opt/airflow/dags/load_csv_to_mysql.py                           1           0  0.34s           2025-05-27T13:38:07
/opt/airflow/dags/mysql_to_postgres.py                           1           0  0.17s           2025-05-27T13:38:07
/opt/airflow/dags/postgres_to_mysql.py                           1           0  0.39s           2025-05-27T13:38:07
================================================================================
[2025-05-27T13:39:00.664+0000] {manager.py:879} INFO - 
================================================================================
DAG File Processing Stats

File Path                               PID    Runtime      # DAGs    # Errors  Last Runtime    Last Run
--------------------------------------  -----  ---------  --------  ----------  --------------  -------------------
/opt/airflow/dags/load_csv_to_mysql.py                           1           0  0.35s           2025-05-27T13:38:38
/opt/airflow/dags/mysql_to_postgres.py                           1           0  0.18s           2025-05-27T13:38:38
/opt/airflow/dags/postgres_to_mysql.py                           1           0  0.39s           2025-05-27T13:38:38
================================================================================
[2025-05-27T13:39:31.147+0000] {manager.py:879} INFO - 
================================================================================
DAG File Processing Stats

File Path                               PID    Runtime      # DAGs    # Errors  Last Runtime    Last Run
--------------------------------------  -----  ---------  --------  ----------  --------------  -------------------
/opt/airflow/dags/load_csv_to_mysql.py                           1           0  0.61s           2025-05-27T13:39:09
/opt/airflow/dags/mysql_to_postgres.py                           1           0  0.29s           2025-05-27T13:39:09
/opt/airflow/dags/postgres_to_mysql.py                           1           0  0.83s           2025-05-27T13:39:09
================================================================================
[2025-05-27T13:40:01.512+0000] {manager.py:879} INFO - 
================================================================================
DAG File Processing Stats

File Path                               PID    Runtime      # DAGs    # Errors  Last Runtime    Last Run
--------------------------------------  -----  ---------  --------  ----------  --------------  -------------------
/opt/airflow/dags/load_csv_to_mysql.py                           1           0  0.50s           2025-05-27T13:39:40
/opt/airflow/dags/mysql_to_postgres.py                           1           0  0.21s           2025-05-27T13:39:41
/opt/airflow/dags/postgres_to_mysql.py                           1           0  0.59s           2025-05-27T13:39:40
================================================================================
[2025-05-27T13:40:31.560+0000] {manager.py:879} INFO - 
================================================================================
DAG File Processing Stats

File Path                               PID    Runtime      # DAGs    # Errors  Last Runtime    Last Run
--------------------------------------  -----  ---------  --------  ----------  --------------  -------------------
/opt/airflow/dags/load_csv_to_mysql.py                           1           0  1.54s           2025-05-27T13:40:13
/opt/airflow/dags/mysql_to_postgres.py                           1           0  0.47s           2025-05-27T13:40:13
/opt/airflow/dags/postgres_to_mysql.py                           1           0  1.62s           2025-05-27T13:40:13
================================================================================
[2025-05-27T13:41:01.843+0000] {manager.py:879} INFO - 
================================================================================
DAG File Processing Stats

File Path                               PID    Runtime      # DAGs    # Errors  Last Runtime    Last Run
--------------------------------------  -----  ---------  --------  ----------  --------------  -------------------
/opt/airflow/dags/load_csv_to_mysql.py                           1           0  0.82s           2025-05-27T13:40:44
/opt/airflow/dags/mysql_to_postgres.py                           1           0  0.49s           2025-05-27T13:40:45
/opt/airflow/dags/postgres_to_mysql.py                           1           0  0.91s           2025-05-27T13:40:44
================================================================================
[2025-05-27T13:41:31.917+0000] {manager.py:879} INFO - 
================================================================================
DAG File Processing Stats

File Path                               PID    Runtime      # DAGs    # Errors  Last Runtime    Last Run
--------------------------------------  -----  ---------  --------  ----------  --------------  -------------------
/opt/airflow/dags/load_csv_to_mysql.py                           1           0  0.49s           2025-05-27T13:41:15
/opt/airflow/dags/mysql_to_postgres.py                           1           0  0.98s           2025-05-27T13:41:16
/opt/airflow/dags/postgres_to_mysql.py                           1           0  0.34s           2025-05-27T13:41:15
================================================================================
[2025-05-27T13:42:02.218+0000] {manager.py:879} INFO - 
================================================================================
DAG File Processing Stats

File Path                               PID    Runtime      # DAGs    # Errors  Last Runtime    Last Run
--------------------------------------  -----  ---------  --------  ----------  --------------  -------------------
/opt/airflow/dags/load_csv_to_mysql.py                           1           0  0.54s           2025-05-27T13:41:45
/opt/airflow/dags/mysql_to_postgres.py                           1           0  0.39s           2025-05-27T13:41:47
/opt/airflow/dags/postgres_to_mysql.py                           1           0  0.48s           2025-05-27T13:41:45
================================================================================
[2025-05-27T13:42:16.800+0000] {manager.py:738} INFO - Searching for files in /opt/airflow/dags
[2025-05-27T13:42:16.810+0000] {manager.py:741} INFO - There are 3 files in /opt/airflow/dags
[2025-05-27T13:42:32.607+0000] {manager.py:879} INFO - 
================================================================================
DAG File Processing Stats

File Path                               PID    Runtime      # DAGs    # Errors  Last Runtime    Last Run
--------------------------------------  -----  ---------  --------  ----------  --------------  -------------------
/opt/airflow/dags/load_csv_to_mysql.py                           1           0  0.61s           2025-05-27T13:42:16
/opt/airflow/dags/mysql_to_postgres.py                           1           0  0.58s           2025-05-27T13:42:18
/opt/airflow/dags/postgres_to_mysql.py                           1           0  0.67s           2025-05-27T13:42:16
================================================================================
[2025-05-27T13:43:02.926+0000] {manager.py:879} INFO - 
================================================================================
DAG File Processing Stats

File Path                               PID    Runtime      # DAGs    # Errors  Last Runtime    Last Run
--------------------------------------  -----  ---------  --------  ----------  --------------  -------------------
/opt/airflow/dags/load_csv_to_mysql.py                           1           0  0.55s           2025-05-27T13:42:47
/opt/airflow/dags/mysql_to_postgres.py                           1           0  0.90s           2025-05-27T13:42:49
/opt/airflow/dags/postgres_to_mysql.py                           1           0  0.62s           2025-05-27T13:42:47
================================================================================
[2025-05-27T13:43:33.443+0000] {manager.py:879} INFO - 
================================================================================
DAG File Processing Stats

File Path                               PID    Runtime      # DAGs    # Errors  Last Runtime    Last Run
--------------------------------------  -----  ---------  --------  ----------  --------------  -------------------
/opt/airflow/dags/load_csv_to_mysql.py                           1           0  0.60s           2025-05-27T13:43:18
/opt/airflow/dags/mysql_to_postgres.py                           1           0  0.58s           2025-05-27T13:43:20
/opt/airflow/dags/postgres_to_mysql.py                           1           0  0.66s           2025-05-27T13:43:18
================================================================================
[2025-05-27T13:44:03.751+0000] {manager.py:879} INFO - 
================================================================================
DAG File Processing Stats

File Path                               PID    Runtime      # DAGs    # Errors  Last Runtime    Last Run
--------------------------------------  -----  ---------  --------  ----------  --------------  -------------------
/opt/airflow/dags/load_csv_to_mysql.py                           1           0  1.22s           2025-05-27T13:43:50
/opt/airflow/dags/mysql_to_postgres.py                           1           0  0.47s           2025-05-27T13:43:51
/opt/airflow/dags/postgres_to_mysql.py                           1           0  1.33s           2025-05-27T13:43:50
================================================================================
[2025-05-27T13:44:33.774+0000] {manager.py:879} INFO - 
================================================================================
DAG File Processing Stats

File Path                               PID    Runtime      # DAGs    # Errors  Last Runtime    Last Run
--------------------------------------  -----  ---------  --------  ----------  --------------  -------------------
/opt/airflow/dags/load_csv_to_mysql.py                           1           0  0.42s           2025-05-27T13:44:21
/opt/airflow/dags/mysql_to_postgres.py                           1           0  0.24s           2025-05-27T13:44:22
/opt/airflow/dags/postgres_to_mysql.py                           1           0  0.48s           2025-05-27T13:44:21
================================================================================
[2025-05-27T13:45:04.337+0000] {manager.py:879} INFO - 
================================================================================
DAG File Processing Stats

File Path                               PID    Runtime      # DAGs    # Errors  Last Runtime    Last Run
--------------------------------------  -----  ---------  --------  ----------  --------------  -------------------
/opt/airflow/dags/load_csv_to_mysql.py                           1           0  0.52s           2025-05-27T13:44:52
/opt/airflow/dags/mysql_to_postgres.py                           1           0  0.46s           2025-05-27T13:44:53
/opt/airflow/dags/postgres_to_mysql.py                           1           0  0.58s           2025-05-27T13:44:52
================================================================================
[2025-05-27T13:45:35.115+0000] {manager.py:879} INFO - 
================================================================================
DAG File Processing Stats

File Path                               PID    Runtime      # DAGs    # Errors  Last Runtime    Last Run
--------------------------------------  -----  ---------  --------  ----------  --------------  -------------------
/opt/airflow/dags/load_csv_to_mysql.py                           1           0  0.38s           2025-05-27T13:45:22
/opt/airflow/dags/mysql_to_postgres.py                           1           0  0.22s           2025-05-27T13:45:24
/opt/airflow/dags/postgres_to_mysql.py                           1           0  0.43s           2025-05-27T13:45:22
================================================================================
[2025-05-27T13:46:05.204+0000] {manager.py:879} INFO - 
================================================================================
DAG File Processing Stats

File Path                               PID    Runtime      # DAGs    # Errors  Last Runtime    Last Run
--------------------------------------  -----  ---------  --------  ----------  --------------  -------------------
/opt/airflow/dags/load_csv_to_mysql.py                           1           0  0.39s           2025-05-27T13:45:53
/opt/airflow/dags/mysql_to_postgres.py                           1           0  0.28s           2025-05-27T13:45:55
/opt/airflow/dags/postgres_to_mysql.py                           1           0  0.45s           2025-05-27T13:45:53
================================================================================
[2025-05-27T13:46:35.710+0000] {manager.py:879} INFO - 
================================================================================
DAG File Processing Stats

File Path                               PID    Runtime      # DAGs    # Errors  Last Runtime    Last Run
--------------------------------------  -----  ---------  --------  ----------  --------------  -------------------
/opt/airflow/dags/load_csv_to_mysql.py                           1           0  0.38s           2025-05-27T13:46:24
/opt/airflow/dags/mysql_to_postgres.py                           1           0  0.23s           2025-05-27T13:46:25
/opt/airflow/dags/postgres_to_mysql.py                           1           0  0.43s           2025-05-27T13:46:24
================================================================================
[2025-05-27T13:47:05.737+0000] {manager.py:879} INFO - 
================================================================================
DAG File Processing Stats

File Path                               PID    Runtime      # DAGs    # Errors  Last Runtime    Last Run
--------------------------------------  -----  ---------  --------  ----------  --------------  -------------------
/opt/airflow/dags/load_csv_to_mysql.py                           1           0  0.43s           2025-05-27T13:46:55
/opt/airflow/dags/mysql_to_postgres.py                           1           0  0.21s           2025-05-27T13:46:56
/opt/airflow/dags/postgres_to_mysql.py                           1           0  0.51s           2025-05-27T13:46:55
================================================================================
[2025-05-27T13:47:16.831+0000] {manager.py:738} INFO - Searching for files in /opt/airflow/dags
[2025-05-27T13:47:16.845+0000] {manager.py:741} INFO - There are 3 files in /opt/airflow/dags
[2025-05-27T13:47:36.416+0000] {manager.py:879} INFO - 
================================================================================
DAG File Processing Stats

File Path                               PID    Runtime      # DAGs    # Errors  Last Runtime    Last Run
--------------------------------------  -----  ---------  --------  ----------  --------------  -------------------
/opt/airflow/dags/load_csv_to_mysql.py                           1           0  0.42s           2025-05-27T13:47:26
/opt/airflow/dags/mysql_to_postgres.py                           1           0  0.22s           2025-05-27T13:47:27
/opt/airflow/dags/postgres_to_mysql.py                           1           0  0.48s           2025-05-27T13:47:26
================================================================================
[2025-05-27T13:48:06.810+0000] {manager.py:879} INFO - 
================================================================================
DAG File Processing Stats

File Path                               PID    Runtime      # DAGs    # Errors  Last Runtime    Last Run
--------------------------------------  -----  ---------  --------  ----------  --------------  -------------------
/opt/airflow/dags/load_csv_to_mysql.py                           1           0  0.43s           2025-05-27T13:47:57
/opt/airflow/dags/mysql_to_postgres.py                           1           0  0.41s           2025-05-27T13:47:58
/opt/airflow/dags/postgres_to_mysql.py                           1           0  0.48s           2025-05-27T13:47:57
================================================================================
[2025-05-27T13:48:37.104+0000] {manager.py:879} INFO - 
================================================================================
DAG File Processing Stats

File Path                               PID    Runtime      # DAGs    # Errors  Last Runtime    Last Run
--------------------------------------  -----  ---------  --------  ----------  --------------  -------------------
/opt/airflow/dags/load_csv_to_mysql.py                           1           0  0.98s           2025-05-27T13:48:29
/opt/airflow/dags/mysql_to_postgres.py                           1           0  0.38s           2025-05-27T13:48:29
/opt/airflow/dags/postgres_to_mysql.py                           1           0  1.08s           2025-05-27T13:48:29
================================================================================
[2025-05-27T13:49:07.236+0000] {manager.py:879} INFO - 
================================================================================
DAG File Processing Stats

File Path                               PID    Runtime      # DAGs    # Errors  Last Runtime    Last Run
--------------------------------------  -----  ---------  --------  ----------  --------------  -------------------
/opt/airflow/dags/load_csv_to_mysql.py                           1           0  0.52s           2025-05-27T13:49:00
/opt/airflow/dags/mysql_to_postgres.py                           1           0  0.44s           2025-05-27T13:49:00
/opt/airflow/dags/postgres_to_mysql.py                           1           0  0.61s           2025-05-27T13:49:00
================================================================================
[2025-05-27T13:49:37.270+0000] {manager.py:879} INFO - 
================================================================================
DAG File Processing Stats

File Path                               PID    Runtime      # DAGs    # Errors  Last Runtime    Last Run
--------------------------------------  -----  ---------  --------  ----------  --------------  -------------------
/opt/airflow/dags/load_csv_to_mysql.py                           1           0  0.65s           2025-05-27T13:49:31
/opt/airflow/dags/mysql_to_postgres.py                           1           0  0.31s           2025-05-27T13:49:32
/opt/airflow/dags/postgres_to_mysql.py                           1           0  0.74s           2025-05-27T13:49:31
================================================================================
[2025-05-27T13:50:07.327+0000] {manager.py:879} INFO - 
================================================================================
DAG File Processing Stats

File Path                               PID    Runtime      # DAGs    # Errors  Last Runtime    Last Run
--------------------------------------  -----  ---------  --------  ----------  --------------  -------------------
/opt/airflow/dags/load_csv_to_mysql.py                           1           0  0.50s           2025-05-27T13:50:03
/opt/airflow/dags/mysql_to_postgres.py                           1           0  0.29s           2025-05-27T13:50:03
/opt/airflow/dags/postgres_to_mysql.py                           1           0  0.57s           2025-05-27T13:50:03
================================================================================
[2025-05-27T13:50:37.951+0000] {manager.py:879} INFO - 
================================================================================
DAG File Processing Stats

File Path                               PID    Runtime      # DAGs    # Errors  Last Runtime    Last Run
--------------------------------------  -----  ---------  --------  ----------  --------------  -------------------
/opt/airflow/dags/load_csv_to_mysql.py                           1           0  0.47s           2025-05-27T13:50:33
/opt/airflow/dags/mysql_to_postgres.py                           1           0  0.25s           2025-05-27T13:50:34
/opt/airflow/dags/postgres_to_mysql.py                           1           0  0.56s           2025-05-27T13:50:33
================================================================================
[2025-05-27T13:51:08.385+0000] {manager.py:879} INFO - 
================================================================================
DAG File Processing Stats

File Path                               PID    Runtime      # DAGs    # Errors  Last Runtime    Last Run
--------------------------------------  -----  ---------  --------  ----------  --------------  -------------------
/opt/airflow/dags/load_csv_to_mysql.py                           1           0  0.65s           2025-05-27T13:51:05
/opt/airflow/dags/mysql_to_postgres.py                           1           0  0.21s           2025-05-27T13:51:05
/opt/airflow/dags/postgres_to_mysql.py                           1           0  0.71s           2025-05-27T13:51:05
================================================================================
[2025-05-27T13:51:38.489+0000] {manager.py:879} INFO - 
================================================================================
DAG File Processing Stats

File Path                               PID    Runtime      # DAGs    # Errors  Last Runtime    Last Run
--------------------------------------  -----  ---------  --------  ----------  --------------  -------------------
/opt/airflow/dags/load_csv_to_mysql.py                           1           0  0.45s           2025-05-27T13:51:36
/opt/airflow/dags/mysql_to_postgres.py                           1           0  0.22s           2025-05-27T13:51:36
/opt/airflow/dags/postgres_to_mysql.py                           1           0  0.53s           2025-05-27T13:51:36
================================================================================
[2025-05-27T13:52:08.789+0000] {manager.py:879} INFO - 
================================================================================
DAG File Processing Stats

File Path                               PID    Runtime      # DAGs    # Errors  Last Runtime    Last Run
--------------------------------------  -----  ---------  --------  ----------  --------------  -------------------
/opt/airflow/dags/load_csv_to_mysql.py                           1           0  0.99s           2025-05-27T13:52:08
/opt/airflow/dags/mysql_to_postgres.py                           1           0  0.63s           2025-05-27T13:52:08
/opt/airflow/dags/postgres_to_mysql.py                           1           0  1.09s           2025-05-27T13:52:08
================================================================================
[2025-05-27T13:52:16.912+0000] {manager.py:738} INFO - Searching for files in /opt/airflow/dags
[2025-05-27T13:52:16.934+0000] {manager.py:741} INFO - There are 3 files in /opt/airflow/dags
[2025-05-27T13:52:38.794+0000] {manager.py:879} INFO - 
================================================================================
DAG File Processing Stats

File Path                                 PID  Runtime      # DAGs    # Errors  Last Runtime    Last Run
--------------------------------------  -----  ---------  --------  ----------  --------------  -------------------
/opt/airflow/dags/load_csv_to_mysql.py                           1           0  0.42s           2025-05-27T13:52:38
/opt/airflow/dags/mysql_to_postgres.py   1122  0.00s             1           0  0.63s           2025-05-27T13:52:08
/opt/airflow/dags/postgres_to_mysql.py                           1           0  0.19s           2025-05-27T13:52:38
================================================================================
[2025-05-27T13:53:09.030+0000] {manager.py:879} INFO - 
================================================================================
DAG File Processing Stats

File Path                                 PID  Runtime      # DAGs    # Errors  Last Runtime    Last Run
--------------------------------------  -----  ---------  --------  ----------  --------------  -------------------
/opt/airflow/dags/load_csv_to_mysql.py   1131  0.01s             1           0  0.42s           2025-05-27T13:52:38
/opt/airflow/dags/mysql_to_postgres.py                           1           0  0.19s           2025-05-27T13:52:38
/opt/airflow/dags/postgres_to_mysql.py   1128  0.06s             1           0  0.19s           2025-05-27T13:52:38
================================================================================
[2025-05-27T13:53:40.344+0000] {manager.py:879} INFO - 
================================================================================
DAG File Processing Stats

File Path                                 PID  Runtime      # DAGs    # Errors  Last Runtime    Last Run
--------------------------------------  -----  ---------  --------  ----------  --------------  -------------------
/opt/airflow/dags/load_csv_to_mysql.py   1148  0.04s             1           0  0.51s           2025-05-27T13:53:09
/opt/airflow/dags/mysql_to_postgres.py                           1           0  0.21s           2025-05-27T13:53:09
/opt/airflow/dags/postgres_to_mysql.py   1146  0.36s             1           0  0.56s           2025-05-27T13:53:09
================================================================================
[2025-05-27T13:54:10.434+0000] {manager.py:879} INFO - 
================================================================================
DAG File Processing Stats

File Path                               PID    Runtime      # DAGs    # Errors  Last Runtime    Last Run
--------------------------------------  -----  ---------  --------  ----------  --------------  -------------------
/opt/airflow/dags/load_csv_to_mysql.py                           1           0  1.01s           2025-05-27T13:53:41
/opt/airflow/dags/mysql_to_postgres.py                           1           0  1.41s           2025-05-27T13:53:42
/opt/airflow/dags/postgres_to_mysql.py                           1           0  1.37s           2025-05-27T13:53:41
================================================================================
[2025-05-27T13:54:40.893+0000] {manager.py:879} INFO - 
================================================================================
DAG File Processing Stats

File Path                               PID    Runtime      # DAGs    # Errors  Last Runtime    Last Run
--------------------------------------  -----  ---------  --------  ----------  --------------  -------------------
/opt/airflow/dags/load_csv_to_mysql.py                           1           0  0.76s           2025-05-27T13:54:12
/opt/airflow/dags/mysql_to_postgres.py                           1           0  0.45s           2025-05-27T13:54:13
/opt/airflow/dags/postgres_to_mysql.py                           1           0  0.83s           2025-05-27T13:54:12
================================================================================
[2025-05-27T13:55:11.715+0000] {manager.py:879} INFO - 
================================================================================
DAG File Processing Stats

File Path                               PID    Runtime      # DAGs    # Errors  Last Runtime    Last Run
--------------------------------------  -----  ---------  --------  ----------  --------------  -------------------
/opt/airflow/dags/load_csv_to_mysql.py                           1           0  0.54s           2025-05-27T13:54:43
/opt/airflow/dags/mysql_to_postgres.py                           1           0  0.45s           2025-05-27T13:54:44
/opt/airflow/dags/postgres_to_mysql.py                           1           0  0.62s           2025-05-27T13:54:43
================================================================================
[2025-05-27T13:55:42.233+0000] {manager.py:879} INFO - 
================================================================================
DAG File Processing Stats

File Path                               PID    Runtime      # DAGs    # Errors  Last Runtime    Last Run
--------------------------------------  -----  ---------  --------  ----------  --------------  -------------------
/opt/airflow/dags/load_csv_to_mysql.py                           1           0  0.62s           2025-05-27T13:55:14
/opt/airflow/dags/mysql_to_postgres.py                           1           0  0.25s           2025-05-27T13:55:15
/opt/airflow/dags/postgres_to_mysql.py                           1           0  0.68s           2025-05-27T13:55:14
================================================================================
[2025-05-27T13:56:12.545+0000] {manager.py:879} INFO - 
================================================================================
DAG File Processing Stats

File Path                               PID    Runtime      # DAGs    # Errors  Last Runtime    Last Run
--------------------------------------  -----  ---------  --------  ----------  --------------  -------------------
/opt/airflow/dags/load_csv_to_mysql.py                           1           0  0.39s           2025-05-27T13:55:45
/opt/airflow/dags/mysql_to_postgres.py                           1           0  0.22s           2025-05-27T13:55:45
/opt/airflow/dags/postgres_to_mysql.py                           1           0  0.43s           2025-05-27T13:55:45
================================================================================
[2025-05-27T13:56:43.565+0000] {manager.py:879} INFO - 
================================================================================
DAG File Processing Stats

File Path                               PID    Runtime      # DAGs    # Errors  Last Runtime    Last Run
--------------------------------------  -----  ---------  --------  ----------  --------------  -------------------
/opt/airflow/dags/load_csv_to_mysql.py                           1           0  0.38s           2025-05-27T13:56:17
/opt/airflow/dags/mysql_to_postgres.py                           1           0  0.21s           2025-05-27T13:56:17
/opt/airflow/dags/postgres_to_mysql.py                           1           0  0.43s           2025-05-27T13:56:17
================================================================================
[2025-05-27T13:57:13.713+0000] {manager.py:879} INFO - 
================================================================================
DAG File Processing Stats

File Path                               PID    Runtime      # DAGs    # Errors  Last Runtime    Last Run
--------------------------------------  -----  ---------  --------  ----------  --------------  -------------------
/opt/airflow/dags/load_csv_to_mysql.py                           1           0  0.55s           2025-05-27T13:56:48
/opt/airflow/dags/mysql_to_postgres.py                           1           0  0.23s           2025-05-27T13:56:48
/opt/airflow/dags/postgres_to_mysql.py                           1           0  0.61s           2025-05-27T13:56:48
================================================================================
[2025-05-27T13:57:17.591+0000] {manager.py:738} INFO - Searching for files in /opt/airflow/dags
[2025-05-27T13:57:17.633+0000] {manager.py:741} INFO - There are 3 files in /opt/airflow/dags
[2025-05-27T13:57:43.945+0000] {manager.py:879} INFO - 
================================================================================
DAG File Processing Stats

File Path                               PID    Runtime      # DAGs    # Errors  Last Runtime    Last Run
--------------------------------------  -----  ---------  --------  ----------  --------------  -------------------
/opt/airflow/dags/load_csv_to_mysql.py                           1           0  0.41s           2025-05-27T13:57:19
/opt/airflow/dags/mysql_to_postgres.py                           1           0  0.45s           2025-05-27T13:57:19
/opt/airflow/dags/postgres_to_mysql.py                           1           0  0.47s           2025-05-27T13:57:19
================================================================================
[2025-05-27T13:58:14.100+0000] {manager.py:879} INFO - 
================================================================================
DAG File Processing Stats

File Path                               PID    Runtime      # DAGs    # Errors  Last Runtime    Last Run
--------------------------------------  -----  ---------  --------  ----------  --------------  -------------------
/opt/airflow/dags/load_csv_to_mysql.py                           1           0  0.62s           2025-05-27T13:57:50
/opt/airflow/dags/mysql_to_postgres.py                           1           0  0.23s           2025-05-27T13:57:50
/opt/airflow/dags/postgres_to_mysql.py                           1           0  0.68s           2025-05-27T13:57:50
================================================================================
[2025-05-27T13:58:44.795+0000] {manager.py:879} INFO - 
================================================================================
DAG File Processing Stats

File Path                               PID    Runtime      # DAGs    # Errors  Last Runtime    Last Run
--------------------------------------  -----  ---------  --------  ----------  --------------  -------------------
/opt/airflow/dags/load_csv_to_mysql.py                           1           0  0.32s           2025-05-27T13:58:21
/opt/airflow/dags/mysql_to_postgres.py                           1           0  0.18s           2025-05-27T13:58:21
/opt/airflow/dags/postgres_to_mysql.py                           1           0  0.40s           2025-05-27T13:58:21
================================================================================
[2025-05-27T13:59:15.612+0000] {manager.py:879} INFO - 
================================================================================
DAG File Processing Stats

File Path                               PID    Runtime      # DAGs    # Errors  Last Runtime    Last Run
--------------------------------------  -----  ---------  --------  ----------  --------------  -------------------
/opt/airflow/dags/load_csv_to_mysql.py                           1           0  0.37s           2025-05-27T13:58:52
/opt/airflow/dags/mysql_to_postgres.py                           1           0  0.18s           2025-05-27T13:58:52
/opt/airflow/dags/postgres_to_mysql.py                           1           0  0.41s           2025-05-27T13:58:52
================================================================================
[2025-05-27T13:59:46.051+0000] {manager.py:879} INFO - 
================================================================================
DAG File Processing Stats

File Path                               PID    Runtime      # DAGs    # Errors  Last Runtime    Last Run
--------------------------------------  -----  ---------  --------  ----------  --------------  -------------------
/opt/airflow/dags/load_csv_to_mysql.py                           1           0  0.56s           2025-05-27T13:59:23
/opt/airflow/dags/mysql_to_postgres.py                           1           0  0.31s           2025-05-27T13:59:23
/opt/airflow/dags/postgres_to_mysql.py                           1           0  0.63s           2025-05-27T13:59:23
================================================================================
[2025-05-27T14:00:16.906+0000] {manager.py:879} INFO - 
================================================================================
DAG File Processing Stats

File Path                               PID    Runtime      # DAGs    # Errors  Last Runtime    Last Run
--------------------------------------  -----  ---------  --------  ----------  --------------  -------------------
/opt/airflow/dags/load_csv_to_mysql.py                           1           0  0.39s           2025-05-27T13:59:54
/opt/airflow/dags/mysql_to_postgres.py                           1           0  0.21s           2025-05-27T13:59:54
/opt/airflow/dags/postgres_to_mysql.py                           1           0  0.45s           2025-05-27T13:59:54
================================================================================
[2025-05-27T14:00:47.459+0000] {manager.py:879} INFO - 
================================================================================
DAG File Processing Stats

File Path                               PID    Runtime      # DAGs    # Errors  Last Runtime    Last Run
--------------------------------------  -----  ---------  --------  ----------  --------------  -------------------
/opt/airflow/dags/load_csv_to_mysql.py                           1           0  0.75s           2025-05-27T14:00:26
/opt/airflow/dags/mysql_to_postgres.py                           1           0  0.38s           2025-05-27T14:00:26
/opt/airflow/dags/postgres_to_mysql.py                           1           0  0.86s           2025-05-27T14:00:26
================================================================================
[2025-05-27T14:01:18.032+0000] {manager.py:879} INFO - 
================================================================================
DAG File Processing Stats

File Path                               PID    Runtime      # DAGs    # Errors  Last Runtime    Last Run
--------------------------------------  -----  ---------  --------  ----------  --------------  -------------------
/opt/airflow/dags/load_csv_to_mysql.py                           1           0  0.47s           2025-05-27T14:00:57
/opt/airflow/dags/mysql_to_postgres.py                           1           0  0.35s           2025-05-27T14:00:57
/opt/airflow/dags/postgres_to_mysql.py                           1           0  0.56s           2025-05-27T14:00:57
================================================================================
[2025-05-27T14:01:48.493+0000] {manager.py:879} INFO - 
================================================================================
DAG File Processing Stats

File Path                               PID    Runtime      # DAGs    # Errors  Last Runtime    Last Run
--------------------------------------  -----  ---------  --------  ----------  --------------  -------------------
/opt/airflow/dags/load_csv_to_mysql.py                           1           0  0.74s           2025-05-27T14:01:28
/opt/airflow/dags/mysql_to_postgres.py                           1           0  0.65s           2025-05-27T14:01:29
/opt/airflow/dags/postgres_to_mysql.py                           1           0  0.83s           2025-05-27T14:01:29
================================================================================
[2025-05-27T14:02:17.929+0000] {manager.py:738} INFO - Searching for files in /opt/airflow/dags
[2025-05-27T14:02:18.116+0000] {manager.py:741} INFO - There are 3 files in /opt/airflow/dags
[2025-05-27T14:02:19.216+0000] {manager.py:879} INFO - 
================================================================================
DAG File Processing Stats

File Path                               PID    Runtime      # DAGs    # Errors  Last Runtime    Last Run
--------------------------------------  -----  ---------  --------  ----------  --------------  -------------------
/opt/airflow/dags/load_csv_to_mysql.py                           1           0  0.52s           2025-05-27T14:02:00
/opt/airflow/dags/mysql_to_postgres.py                           1           0  0.52s           2025-05-27T14:02:00
/opt/airflow/dags/postgres_to_mysql.py                           1           0  0.59s           2025-05-27T14:02:00
================================================================================
[2025-05-27T14:02:49.736+0000] {manager.py:879} INFO - 
================================================================================
DAG File Processing Stats

File Path                               PID    Runtime      # DAGs    # Errors  Last Runtime    Last Run
--------------------------------------  -----  ---------  --------  ----------  --------------  -------------------
/opt/airflow/dags/load_csv_to_mysql.py                           1           0  0.38s           2025-05-27T14:02:30
/opt/airflow/dags/mysql_to_postgres.py                           1           0  0.29s           2025-05-27T14:02:31
/opt/airflow/dags/postgres_to_mysql.py                           1           0  0.84s           2025-05-27T14:02:31
================================================================================
[2025-05-27T14:03:20.017+0000] {manager.py:879} INFO - 
================================================================================
DAG File Processing Stats

File Path                               PID    Runtime      # DAGs    # Errors  Last Runtime    Last Run
--------------------------------------  -----  ---------  --------  ----------  --------------  -------------------
/opt/airflow/dags/load_csv_to_mysql.py                           1           0  0.64s           2025-05-27T14:03:01
/opt/airflow/dags/mysql_to_postgres.py                           1           0  0.30s           2025-05-27T14:03:01
/opt/airflow/dags/postgres_to_mysql.py                           1           0  0.32s           2025-05-27T14:03:01
================================================================================
[2025-05-27T14:03:50.806+0000] {manager.py:879} INFO - 
================================================================================
DAG File Processing Stats

File Path                               PID    Runtime      # DAGs    # Errors  Last Runtime    Last Run
--------------------------------------  -----  ---------  --------  ----------  --------------  -------------------
/opt/airflow/dags/load_csv_to_mysql.py                           1           0  0.38s           2025-05-27T14:03:32
/opt/airflow/dags/mysql_to_postgres.py                           1           0  0.18s           2025-05-27T14:03:32
/opt/airflow/dags/postgres_to_mysql.py                           1           0  0.41s           2025-05-27T14:03:32
================================================================================
[2025-05-27T14:04:20.828+0000] {manager.py:879} INFO - 
================================================================================
DAG File Processing Stats

File Path                               PID    Runtime      # DAGs    # Errors  Last Runtime    Last Run
--------------------------------------  -----  ---------  --------  ----------  --------------  -------------------
/opt/airflow/dags/load_csv_to_mysql.py                           1           0  0.79s           2025-05-27T14:04:03
/opt/airflow/dags/mysql_to_postgres.py                           1           0  0.77s           2025-05-27T14:04:04
/opt/airflow/dags/postgres_to_mysql.py                           1           0  0.89s           2025-05-27T14:04:03
================================================================================
[2025-05-27T14:04:51.157+0000] {manager.py:879} INFO - 
================================================================================
DAG File Processing Stats

File Path                               PID    Runtime      # DAGs    # Errors  Last Runtime    Last Run
--------------------------------------  -----  ---------  --------  ----------  --------------  -------------------
/opt/airflow/dags/load_csv_to_mysql.py                           1           0  0.51s           2025-05-27T14:04:34
/opt/airflow/dags/mysql_to_postgres.py                           1           0  0.22s           2025-05-27T14:04:35
/opt/airflow/dags/postgres_to_mysql.py                           1           0  0.60s           2025-05-27T14:04:34
================================================================================
