[2025-05-27T13:22:14.453+0000] {processor.py:161} INFO - Started process (PID=201) to work on /opt/airflow/dags/load_csv_to_mysql.py
[2025-05-27T13:22:14.455+0000] {processor.py:830} INFO - Processing file /opt/airflow/dags/load_csv_to_mysql.py for tasks to queue
[2025-05-27T13:22:14.457+0000] {logging_mixin.py:188} INFO - [2025-05-27T13:22:14.457+0000] {dagbag.py:538} INFO - Filling up the DagBag from /opt/airflow/dags/load_csv_to_mysql.py
[2025-05-27T13:22:15.226+0000] {processor.py:840} INFO - DAG(s) 'load_csv_to_mysql' retrieved from /opt/airflow/dags/load_csv_to_mysql.py
[2025-05-27T13:22:15.326+0000] {logging_mixin.py:188} INFO - [2025-05-27T13:22:15.325+0000] {dag.py:3036} INFO - Sync 1 DAGs
[2025-05-27T13:22:15.358+0000] {logging_mixin.py:188} INFO - [2025-05-27T13:22:15.358+0000] {dag.py:3823} INFO - Setting next_dagrun for load_csv_to_mysql to None, run_after=None
[2025-05-27T13:22:15.403+0000] {processor.py:183} INFO - Processing /opt/airflow/dags/load_csv_to_mysql.py took 0.959 seconds
[2025-05-27T13:22:45.771+0000] {processor.py:161} INFO - Started process (PID=230) to work on /opt/airflow/dags/load_csv_to_mysql.py
[2025-05-27T13:22:45.774+0000] {processor.py:830} INFO - Processing file /opt/airflow/dags/load_csv_to_mysql.py for tasks to queue
[2025-05-27T13:22:45.775+0000] {logging_mixin.py:188} INFO - [2025-05-27T13:22:45.775+0000] {dagbag.py:538} INFO - Filling up the DagBag from /opt/airflow/dags/load_csv_to_mysql.py
[2025-05-27T13:22:46.045+0000] {processor.py:840} INFO - DAG(s) 'load_csv_to_mysql' retrieved from /opt/airflow/dags/load_csv_to_mysql.py
[2025-05-27T13:22:46.174+0000] {logging_mixin.py:188} INFO - [2025-05-27T13:22:46.173+0000] {dag.py:3036} INFO - Sync 1 DAGs
[2025-05-27T13:22:46.387+0000] {logging_mixin.py:188} INFO - [2025-05-27T13:22:46.387+0000] {dag.py:3823} INFO - Setting next_dagrun for load_csv_to_mysql to None, run_after=None
[2025-05-27T13:22:46.405+0000] {processor.py:183} INFO - Processing /opt/airflow/dags/load_csv_to_mysql.py took 0.648 seconds
[2025-05-27T13:23:16.968+0000] {processor.py:161} INFO - Started process (PID=248) to work on /opt/airflow/dags/load_csv_to_mysql.py
[2025-05-27T13:23:16.971+0000] {processor.py:830} INFO - Processing file /opt/airflow/dags/load_csv_to_mysql.py for tasks to queue
[2025-05-27T13:23:16.972+0000] {logging_mixin.py:188} INFO - [2025-05-27T13:23:16.972+0000] {dagbag.py:538} INFO - Filling up the DagBag from /opt/airflow/dags/load_csv_to_mysql.py
[2025-05-27T13:23:17.342+0000] {processor.py:840} INFO - DAG(s) 'load_csv_to_mysql' retrieved from /opt/airflow/dags/load_csv_to_mysql.py
[2025-05-27T13:23:17.395+0000] {logging_mixin.py:188} INFO - [2025-05-27T13:23:17.395+0000] {dag.py:3036} INFO - Sync 1 DAGs
[2025-05-27T13:23:17.410+0000] {logging_mixin.py:188} INFO - [2025-05-27T13:23:17.410+0000] {dag.py:3823} INFO - Setting next_dagrun for load_csv_to_mysql to None, run_after=None
[2025-05-27T13:23:17.426+0000] {processor.py:183} INFO - Processing /opt/airflow/dags/load_csv_to_mysql.py took 0.467 seconds
[2025-05-27T13:23:47.990+0000] {processor.py:161} INFO - Started process (PID=266) to work on /opt/airflow/dags/load_csv_to_mysql.py
[2025-05-27T13:23:47.993+0000] {processor.py:830} INFO - Processing file /opt/airflow/dags/load_csv_to_mysql.py for tasks to queue
[2025-05-27T13:23:47.995+0000] {logging_mixin.py:188} INFO - [2025-05-27T13:23:47.994+0000] {dagbag.py:538} INFO - Filling up the DagBag from /opt/airflow/dags/load_csv_to_mysql.py
[2025-05-27T13:23:48.279+0000] {processor.py:840} INFO - DAG(s) 'load_csv_to_mysql' retrieved from /opt/airflow/dags/load_csv_to_mysql.py
[2025-05-27T13:23:48.333+0000] {logging_mixin.py:188} INFO - [2025-05-27T13:23:48.333+0000] {dag.py:3036} INFO - Sync 1 DAGs
[2025-05-27T13:23:48.344+0000] {logging_mixin.py:188} INFO - [2025-05-27T13:23:48.344+0000] {dag.py:3823} INFO - Setting next_dagrun for load_csv_to_mysql to None, run_after=None
[2025-05-27T13:23:48.364+0000] {processor.py:183} INFO - Processing /opt/airflow/dags/load_csv_to_mysql.py took 0.389 seconds
[2025-05-27T13:24:19.020+0000] {processor.py:161} INFO - Started process (PID=288) to work on /opt/airflow/dags/load_csv_to_mysql.py
[2025-05-27T13:24:19.023+0000] {processor.py:830} INFO - Processing file /opt/airflow/dags/load_csv_to_mysql.py for tasks to queue
[2025-05-27T13:24:19.026+0000] {logging_mixin.py:188} INFO - [2025-05-27T13:24:19.026+0000] {dagbag.py:538} INFO - Filling up the DagBag from /opt/airflow/dags/load_csv_to_mysql.py
[2025-05-27T13:24:20.342+0000] {processor.py:840} INFO - DAG(s) 'load_csv_to_mysql' retrieved from /opt/airflow/dags/load_csv_to_mysql.py
[2025-05-27T13:24:20.448+0000] {logging_mixin.py:188} INFO - [2025-05-27T13:24:20.447+0000] {dag.py:3036} INFO - Sync 1 DAGs
[2025-05-27T13:24:20.468+0000] {logging_mixin.py:188} INFO - [2025-05-27T13:24:20.468+0000] {dag.py:3823} INFO - Setting next_dagrun for load_csv_to_mysql to None, run_after=None
[2025-05-27T13:24:20.501+0000] {processor.py:183} INFO - Processing /opt/airflow/dags/load_csv_to_mysql.py took 1.490 seconds
[2025-05-27T13:24:51.578+0000] {processor.py:161} INFO - Started process (PID=306) to work on /opt/airflow/dags/load_csv_to_mysql.py
[2025-05-27T13:24:51.583+0000] {processor.py:830} INFO - Processing file /opt/airflow/dags/load_csv_to_mysql.py for tasks to queue
[2025-05-27T13:24:51.587+0000] {logging_mixin.py:188} INFO - [2025-05-27T13:24:51.586+0000] {dagbag.py:538} INFO - Filling up the DagBag from /opt/airflow/dags/load_csv_to_mysql.py
[2025-05-27T13:24:52.359+0000] {processor.py:840} INFO - DAG(s) 'load_csv_to_mysql' retrieved from /opt/airflow/dags/load_csv_to_mysql.py
[2025-05-27T13:24:52.476+0000] {logging_mixin.py:188} INFO - [2025-05-27T13:24:52.475+0000] {dag.py:3036} INFO - Sync 1 DAGs
[2025-05-27T13:24:52.494+0000] {logging_mixin.py:188} INFO - [2025-05-27T13:24:52.493+0000] {dag.py:3823} INFO - Setting next_dagrun for load_csv_to_mysql to None, run_after=None
[2025-05-27T13:24:52.526+0000] {processor.py:183} INFO - Processing /opt/airflow/dags/load_csv_to_mysql.py took 0.980 seconds
[2025-05-27T13:25:23.101+0000] {processor.py:161} INFO - Started process (PID=324) to work on /opt/airflow/dags/load_csv_to_mysql.py
[2025-05-27T13:25:23.103+0000] {processor.py:830} INFO - Processing file /opt/airflow/dags/load_csv_to_mysql.py for tasks to queue
[2025-05-27T13:25:23.106+0000] {logging_mixin.py:188} INFO - [2025-05-27T13:25:23.105+0000] {dagbag.py:538} INFO - Filling up the DagBag from /opt/airflow/dags/load_csv_to_mysql.py
[2025-05-27T13:25:23.398+0000] {processor.py:840} INFO - DAG(s) 'load_csv_to_mysql' retrieved from /opt/airflow/dags/load_csv_to_mysql.py
[2025-05-27T13:25:23.448+0000] {logging_mixin.py:188} INFO - [2025-05-27T13:25:23.447+0000] {dag.py:3036} INFO - Sync 1 DAGs
[2025-05-27T13:25:23.458+0000] {logging_mixin.py:188} INFO - [2025-05-27T13:25:23.458+0000] {dag.py:3823} INFO - Setting next_dagrun for load_csv_to_mysql to None, run_after=None
[2025-05-27T13:25:23.478+0000] {processor.py:183} INFO - Processing /opt/airflow/dags/load_csv_to_mysql.py took 0.381 seconds
[2025-05-27T13:27:16.090+0000] {processor.py:161} INFO - Started process (PID=220) to work on /opt/airflow/dags/load_csv_to_mysql.py
[2025-05-27T13:27:16.101+0000] {processor.py:830} INFO - Processing file /opt/airflow/dags/load_csv_to_mysql.py for tasks to queue
[2025-05-27T13:27:16.106+0000] {logging_mixin.py:188} INFO - [2025-05-27T13:27:16.105+0000] {dagbag.py:538} INFO - Filling up the DagBag from /opt/airflow/dags/load_csv_to_mysql.py
[2025-05-27T13:27:16.812+0000] {processor.py:840} INFO - DAG(s) 'load_csv_to_mysql' retrieved from /opt/airflow/dags/load_csv_to_mysql.py
[2025-05-27T13:27:16.918+0000] {logging_mixin.py:188} INFO - [2025-05-27T13:27:16.918+0000] {dag.py:3036} INFO - Sync 1 DAGs
[2025-05-27T13:27:16.947+0000] {logging_mixin.py:188} INFO - [2025-05-27T13:27:16.947+0000] {dag.py:3823} INFO - Setting next_dagrun for load_csv_to_mysql to None, run_after=None
[2025-05-27T13:27:17.026+0000] {processor.py:183} INFO - Processing /opt/airflow/dags/load_csv_to_mysql.py took 0.949 seconds
[2025-05-27T13:27:47.629+0000] {processor.py:161} INFO - Started process (PID=248) to work on /opt/airflow/dags/load_csv_to_mysql.py
[2025-05-27T13:27:47.636+0000] {processor.py:830} INFO - Processing file /opt/airflow/dags/load_csv_to_mysql.py for tasks to queue
[2025-05-27T13:27:47.639+0000] {logging_mixin.py:188} INFO - [2025-05-27T13:27:47.638+0000] {dagbag.py:538} INFO - Filling up the DagBag from /opt/airflow/dags/load_csv_to_mysql.py
[2025-05-27T13:27:48.168+0000] {processor.py:840} INFO - DAG(s) 'load_csv_to_mysql' retrieved from /opt/airflow/dags/load_csv_to_mysql.py
[2025-05-27T13:27:48.325+0000] {logging_mixin.py:188} INFO - [2025-05-27T13:27:48.325+0000] {dag.py:3036} INFO - Sync 1 DAGs
[2025-05-27T13:27:48.707+0000] {logging_mixin.py:188} INFO - [2025-05-27T13:27:48.707+0000] {dag.py:3823} INFO - Setting next_dagrun for load_csv_to_mysql to None, run_after=None
[2025-05-27T13:27:48.727+0000] {processor.py:183} INFO - Processing /opt/airflow/dags/load_csv_to_mysql.py took 1.108 seconds
[2025-05-27T13:28:19.108+0000] {processor.py:161} INFO - Started process (PID=265) to work on /opt/airflow/dags/load_csv_to_mysql.py
[2025-05-27T13:28:19.109+0000] {processor.py:830} INFO - Processing file /opt/airflow/dags/load_csv_to_mysql.py for tasks to queue
[2025-05-27T13:28:19.110+0000] {logging_mixin.py:188} INFO - [2025-05-27T13:28:19.109+0000] {dagbag.py:538} INFO - Filling up the DagBag from /opt/airflow/dags/load_csv_to_mysql.py
[2025-05-27T13:28:19.335+0000] {processor.py:840} INFO - DAG(s) 'load_csv_to_mysql' retrieved from /opt/airflow/dags/load_csv_to_mysql.py
[2025-05-27T13:28:19.359+0000] {logging_mixin.py:188} INFO - [2025-05-27T13:28:19.359+0000] {dag.py:3036} INFO - Sync 1 DAGs
[2025-05-27T13:28:19.373+0000] {logging_mixin.py:188} INFO - [2025-05-27T13:28:19.373+0000] {dag.py:3823} INFO - Setting next_dagrun for load_csv_to_mysql to None, run_after=None
[2025-05-27T13:28:19.388+0000] {processor.py:183} INFO - Processing /opt/airflow/dags/load_csv_to_mysql.py took 0.285 seconds
[2025-05-27T13:28:49.806+0000] {processor.py:161} INFO - Started process (PID=285) to work on /opt/airflow/dags/load_csv_to_mysql.py
[2025-05-27T13:28:49.808+0000] {processor.py:830} INFO - Processing file /opt/airflow/dags/load_csv_to_mysql.py for tasks to queue
[2025-05-27T13:28:49.810+0000] {logging_mixin.py:188} INFO - [2025-05-27T13:28:49.810+0000] {dagbag.py:538} INFO - Filling up the DagBag from /opt/airflow/dags/load_csv_to_mysql.py
[2025-05-27T13:28:50.039+0000] {processor.py:840} INFO - DAG(s) 'load_csv_to_mysql' retrieved from /opt/airflow/dags/load_csv_to_mysql.py
[2025-05-27T13:28:50.070+0000] {logging_mixin.py:188} INFO - [2025-05-27T13:28:50.070+0000] {dag.py:3036} INFO - Sync 1 DAGs
[2025-05-27T13:28:50.091+0000] {logging_mixin.py:188} INFO - [2025-05-27T13:28:50.091+0000] {dag.py:3823} INFO - Setting next_dagrun for load_csv_to_mysql to None, run_after=None
[2025-05-27T13:28:50.108+0000] {processor.py:183} INFO - Processing /opt/airflow/dags/load_csv_to_mysql.py took 0.306 seconds
[2025-05-27T13:29:20.725+0000] {processor.py:161} INFO - Started process (PID=303) to work on /opt/airflow/dags/load_csv_to_mysql.py
[2025-05-27T13:29:20.727+0000] {processor.py:830} INFO - Processing file /opt/airflow/dags/load_csv_to_mysql.py for tasks to queue
[2025-05-27T13:29:20.729+0000] {logging_mixin.py:188} INFO - [2025-05-27T13:29:20.729+0000] {dagbag.py:538} INFO - Filling up the DagBag from /opt/airflow/dags/load_csv_to_mysql.py
[2025-05-27T13:29:20.982+0000] {processor.py:840} INFO - DAG(s) 'load_csv_to_mysql' retrieved from /opt/airflow/dags/load_csv_to_mysql.py
[2025-05-27T13:29:21.032+0000] {logging_mixin.py:188} INFO - [2025-05-27T13:29:21.031+0000] {dag.py:3036} INFO - Sync 1 DAGs
[2025-05-27T13:29:21.045+0000] {logging_mixin.py:188} INFO - [2025-05-27T13:29:21.045+0000] {dag.py:3823} INFO - Setting next_dagrun for load_csv_to_mysql to None, run_after=None
[2025-05-27T13:29:21.064+0000] {processor.py:183} INFO - Processing /opt/airflow/dags/load_csv_to_mysql.py took 0.343 seconds
[2025-05-27T13:29:51.455+0000] {processor.py:161} INFO - Started process (PID=321) to work on /opt/airflow/dags/load_csv_to_mysql.py
[2025-05-27T13:29:51.459+0000] {processor.py:830} INFO - Processing file /opt/airflow/dags/load_csv_to_mysql.py for tasks to queue
[2025-05-27T13:29:51.461+0000] {logging_mixin.py:188} INFO - [2025-05-27T13:29:51.460+0000] {dagbag.py:538} INFO - Filling up the DagBag from /opt/airflow/dags/load_csv_to_mysql.py
[2025-05-27T13:29:51.867+0000] {processor.py:840} INFO - DAG(s) 'load_csv_to_mysql' retrieved from /opt/airflow/dags/load_csv_to_mysql.py
[2025-05-27T13:29:51.959+0000] {logging_mixin.py:188} INFO - [2025-05-27T13:29:51.958+0000] {dag.py:3036} INFO - Sync 1 DAGs
[2025-05-27T13:29:51.980+0000] {logging_mixin.py:188} INFO - [2025-05-27T13:29:51.980+0000] {dag.py:3823} INFO - Setting next_dagrun for load_csv_to_mysql to None, run_after=None
[2025-05-27T13:29:52.006+0000] {processor.py:183} INFO - Processing /opt/airflow/dags/load_csv_to_mysql.py took 0.578 seconds
[2025-05-27T13:30:22.521+0000] {processor.py:161} INFO - Started process (PID=339) to work on /opt/airflow/dags/load_csv_to_mysql.py
[2025-05-27T13:30:22.524+0000] {processor.py:830} INFO - Processing file /opt/airflow/dags/load_csv_to_mysql.py for tasks to queue
[2025-05-27T13:30:22.526+0000] {logging_mixin.py:188} INFO - [2025-05-27T13:30:22.525+0000] {dagbag.py:538} INFO - Filling up the DagBag from /opt/airflow/dags/load_csv_to_mysql.py
[2025-05-27T13:30:22.780+0000] {processor.py:840} INFO - DAG(s) 'load_csv_to_mysql' retrieved from /opt/airflow/dags/load_csv_to_mysql.py
[2025-05-27T13:30:22.818+0000] {logging_mixin.py:188} INFO - [2025-05-27T13:30:22.817+0000] {dag.py:3036} INFO - Sync 1 DAGs
[2025-05-27T13:30:22.829+0000] {logging_mixin.py:188} INFO - [2025-05-27T13:30:22.829+0000] {dag.py:3823} INFO - Setting next_dagrun for load_csv_to_mysql to None, run_after=None
[2025-05-27T13:30:22.849+0000] {processor.py:183} INFO - Processing /opt/airflow/dags/load_csv_to_mysql.py took 0.334 seconds
[2025-05-27T13:30:53.317+0000] {processor.py:161} INFO - Started process (PID=357) to work on /opt/airflow/dags/load_csv_to_mysql.py
[2025-05-27T13:30:53.319+0000] {processor.py:830} INFO - Processing file /opt/airflow/dags/load_csv_to_mysql.py for tasks to queue
[2025-05-27T13:30:53.320+0000] {logging_mixin.py:188} INFO - [2025-05-27T13:30:53.319+0000] {dagbag.py:538} INFO - Filling up the DagBag from /opt/airflow/dags/load_csv_to_mysql.py
[2025-05-27T13:30:53.550+0000] {processor.py:840} INFO - DAG(s) 'load_csv_to_mysql' retrieved from /opt/airflow/dags/load_csv_to_mysql.py
[2025-05-27T13:30:53.581+0000] {logging_mixin.py:188} INFO - [2025-05-27T13:30:53.580+0000] {dag.py:3036} INFO - Sync 1 DAGs
[2025-05-27T13:30:53.591+0000] {logging_mixin.py:188} INFO - [2025-05-27T13:30:53.591+0000] {dag.py:3823} INFO - Setting next_dagrun for load_csv_to_mysql to None, run_after=None
[2025-05-27T13:30:53.607+0000] {processor.py:183} INFO - Processing /opt/airflow/dags/load_csv_to_mysql.py took 0.295 seconds
[2025-05-27T13:31:24.141+0000] {processor.py:161} INFO - Started process (PID=375) to work on /opt/airflow/dags/load_csv_to_mysql.py
[2025-05-27T13:31:24.143+0000] {processor.py:830} INFO - Processing file /opt/airflow/dags/load_csv_to_mysql.py for tasks to queue
[2025-05-27T13:31:24.144+0000] {logging_mixin.py:188} INFO - [2025-05-27T13:31:24.144+0000] {dagbag.py:538} INFO - Filling up the DagBag from /opt/airflow/dags/load_csv_to_mysql.py
[2025-05-27T13:31:24.357+0000] {processor.py:840} INFO - DAG(s) 'load_csv_to_mysql' retrieved from /opt/airflow/dags/load_csv_to_mysql.py
[2025-05-27T13:31:24.393+0000] {logging_mixin.py:188} INFO - [2025-05-27T13:31:24.393+0000] {dag.py:3036} INFO - Sync 1 DAGs
[2025-05-27T13:31:24.402+0000] {logging_mixin.py:188} INFO - [2025-05-27T13:31:24.402+0000] {dag.py:3823} INFO - Setting next_dagrun for load_csv_to_mysql to None, run_after=None
[2025-05-27T13:31:24.420+0000] {processor.py:183} INFO - Processing /opt/airflow/dags/load_csv_to_mysql.py took 0.283 seconds
[2025-05-27T13:31:54.957+0000] {processor.py:161} INFO - Started process (PID=393) to work on /opt/airflow/dags/load_csv_to_mysql.py
[2025-05-27T13:31:54.960+0000] {processor.py:830} INFO - Processing file /opt/airflow/dags/load_csv_to_mysql.py for tasks to queue
[2025-05-27T13:31:54.963+0000] {logging_mixin.py:188} INFO - [2025-05-27T13:31:54.962+0000] {dagbag.py:538} INFO - Filling up the DagBag from /opt/airflow/dags/load_csv_to_mysql.py
[2025-05-27T13:31:55.227+0000] {processor.py:840} INFO - DAG(s) 'load_csv_to_mysql' retrieved from /opt/airflow/dags/load_csv_to_mysql.py
[2025-05-27T13:31:55.267+0000] {logging_mixin.py:188} INFO - [2025-05-27T13:31:55.267+0000] {dag.py:3036} INFO - Sync 1 DAGs
[2025-05-27T13:31:55.277+0000] {logging_mixin.py:188} INFO - [2025-05-27T13:31:55.277+0000] {dag.py:3823} INFO - Setting next_dagrun for load_csv_to_mysql to None, run_after=None
[2025-05-27T13:31:55.294+0000] {processor.py:183} INFO - Processing /opt/airflow/dags/load_csv_to_mysql.py took 0.348 seconds
[2025-05-27T13:32:25.816+0000] {processor.py:161} INFO - Started process (PID=410) to work on /opt/airflow/dags/load_csv_to_mysql.py
[2025-05-27T13:32:25.819+0000] {processor.py:830} INFO - Processing file /opt/airflow/dags/load_csv_to_mysql.py for tasks to queue
[2025-05-27T13:32:25.821+0000] {logging_mixin.py:188} INFO - [2025-05-27T13:32:25.820+0000] {dagbag.py:538} INFO - Filling up the DagBag from /opt/airflow/dags/load_csv_to_mysql.py
[2025-05-27T13:32:26.101+0000] {processor.py:840} INFO - DAG(s) 'load_csv_to_mysql' retrieved from /opt/airflow/dags/load_csv_to_mysql.py
[2025-05-27T13:32:26.150+0000] {logging_mixin.py:188} INFO - [2025-05-27T13:32:26.150+0000] {dag.py:3036} INFO - Sync 1 DAGs
[2025-05-27T13:32:26.173+0000] {logging_mixin.py:188} INFO - [2025-05-27T13:32:26.173+0000] {dag.py:3823} INFO - Setting next_dagrun for load_csv_to_mysql to None, run_after=None
[2025-05-27T13:32:26.206+0000] {processor.py:183} INFO - Processing /opt/airflow/dags/load_csv_to_mysql.py took 0.396 seconds
[2025-05-27T13:32:56.903+0000] {processor.py:161} INFO - Started process (PID=429) to work on /opt/airflow/dags/load_csv_to_mysql.py
[2025-05-27T13:32:56.908+0000] {processor.py:830} INFO - Processing file /opt/airflow/dags/load_csv_to_mysql.py for tasks to queue
[2025-05-27T13:32:56.911+0000] {logging_mixin.py:188} INFO - [2025-05-27T13:32:56.911+0000] {dagbag.py:538} INFO - Filling up the DagBag from /opt/airflow/dags/load_csv_to_mysql.py
[2025-05-27T13:32:57.373+0000] {processor.py:840} INFO - DAG(s) 'load_csv_to_mysql' retrieved from /opt/airflow/dags/load_csv_to_mysql.py
[2025-05-27T13:32:57.440+0000] {logging_mixin.py:188} INFO - [2025-05-27T13:32:57.440+0000] {dag.py:3036} INFO - Sync 1 DAGs
[2025-05-27T13:32:57.464+0000] {logging_mixin.py:188} INFO - [2025-05-27T13:32:57.464+0000] {dag.py:3823} INFO - Setting next_dagrun for load_csv_to_mysql to None, run_after=None
[2025-05-27T13:32:57.491+0000] {processor.py:183} INFO - Processing /opt/airflow/dags/load_csv_to_mysql.py took 0.607 seconds
[2025-05-27T13:33:28.486+0000] {processor.py:161} INFO - Started process (PID=447) to work on /opt/airflow/dags/load_csv_to_mysql.py
[2025-05-27T13:33:28.489+0000] {processor.py:830} INFO - Processing file /opt/airflow/dags/load_csv_to_mysql.py for tasks to queue
[2025-05-27T13:33:28.490+0000] {logging_mixin.py:188} INFO - [2025-05-27T13:33:28.490+0000] {dagbag.py:538} INFO - Filling up the DagBag from /opt/airflow/dags/load_csv_to_mysql.py
[2025-05-27T13:33:28.731+0000] {processor.py:840} INFO - DAG(s) 'load_csv_to_mysql' retrieved from /opt/airflow/dags/load_csv_to_mysql.py
[2025-05-27T13:33:28.759+0000] {logging_mixin.py:188} INFO - [2025-05-27T13:33:28.759+0000] {dag.py:3036} INFO - Sync 1 DAGs
[2025-05-27T13:33:28.771+0000] {logging_mixin.py:188} INFO - [2025-05-27T13:33:28.770+0000] {dag.py:3823} INFO - Setting next_dagrun for load_csv_to_mysql to None, run_after=None
[2025-05-27T13:33:28.802+0000] {processor.py:183} INFO - Processing /opt/airflow/dags/load_csv_to_mysql.py took 0.322 seconds
[2025-05-27T13:33:59.213+0000] {processor.py:161} INFO - Started process (PID=465) to work on /opt/airflow/dags/load_csv_to_mysql.py
[2025-05-27T13:33:59.215+0000] {processor.py:830} INFO - Processing file /opt/airflow/dags/load_csv_to_mysql.py for tasks to queue
[2025-05-27T13:33:59.217+0000] {logging_mixin.py:188} INFO - [2025-05-27T13:33:59.216+0000] {dagbag.py:538} INFO - Filling up the DagBag from /opt/airflow/dags/load_csv_to_mysql.py
[2025-05-27T13:33:59.472+0000] {processor.py:840} INFO - DAG(s) 'load_csv_to_mysql' retrieved from /opt/airflow/dags/load_csv_to_mysql.py
[2025-05-27T13:33:59.500+0000] {logging_mixin.py:188} INFO - [2025-05-27T13:33:59.500+0000] {dag.py:3036} INFO - Sync 1 DAGs
[2025-05-27T13:33:59.511+0000] {logging_mixin.py:188} INFO - [2025-05-27T13:33:59.510+0000] {dag.py:3823} INFO - Setting next_dagrun for load_csv_to_mysql to None, run_after=None
[2025-05-27T13:33:59.533+0000] {processor.py:183} INFO - Processing /opt/airflow/dags/load_csv_to_mysql.py took 0.325 seconds
[2025-05-27T13:34:30.143+0000] {processor.py:161} INFO - Started process (PID=483) to work on /opt/airflow/dags/load_csv_to_mysql.py
[2025-05-27T13:34:30.145+0000] {processor.py:830} INFO - Processing file /opt/airflow/dags/load_csv_to_mysql.py for tasks to queue
[2025-05-27T13:34:30.146+0000] {logging_mixin.py:188} INFO - [2025-05-27T13:34:30.146+0000] {dagbag.py:538} INFO - Filling up the DagBag from /opt/airflow/dags/load_csv_to_mysql.py
[2025-05-27T13:34:30.612+0000] {processor.py:840} INFO - DAG(s) 'load_csv_to_mysql' retrieved from /opt/airflow/dags/load_csv_to_mysql.py
[2025-05-27T13:34:30.678+0000] {logging_mixin.py:188} INFO - [2025-05-27T13:34:30.677+0000] {dag.py:3036} INFO - Sync 1 DAGs
[2025-05-27T13:34:30.697+0000] {logging_mixin.py:188} INFO - [2025-05-27T13:34:30.697+0000] {dag.py:3823} INFO - Setting next_dagrun for load_csv_to_mysql to None, run_after=None
[2025-05-27T13:34:30.738+0000] {processor.py:183} INFO - Processing /opt/airflow/dags/load_csv_to_mysql.py took 0.599 seconds
[2025-05-27T13:35:01.195+0000] {processor.py:161} INFO - Started process (PID=501) to work on /opt/airflow/dags/load_csv_to_mysql.py
[2025-05-27T13:35:01.197+0000] {processor.py:830} INFO - Processing file /opt/airflow/dags/load_csv_to_mysql.py for tasks to queue
[2025-05-27T13:35:01.199+0000] {logging_mixin.py:188} INFO - [2025-05-27T13:35:01.199+0000] {dagbag.py:538} INFO - Filling up the DagBag from /opt/airflow/dags/load_csv_to_mysql.py
[2025-05-27T13:35:01.475+0000] {processor.py:840} INFO - DAG(s) 'load_csv_to_mysql' retrieved from /opt/airflow/dags/load_csv_to_mysql.py
[2025-05-27T13:35:01.530+0000] {logging_mixin.py:188} INFO - [2025-05-27T13:35:01.529+0000] {dag.py:3036} INFO - Sync 1 DAGs
[2025-05-27T13:35:01.544+0000] {logging_mixin.py:188} INFO - [2025-05-27T13:35:01.544+0000] {dag.py:3823} INFO - Setting next_dagrun for load_csv_to_mysql to None, run_after=None
[2025-05-27T13:35:01.560+0000] {processor.py:183} INFO - Processing /opt/airflow/dags/load_csv_to_mysql.py took 0.371 seconds
[2025-05-27T13:35:33.234+0000] {processor.py:161} INFO - Started process (PID=519) to work on /opt/airflow/dags/load_csv_to_mysql.py
[2025-05-27T13:35:33.243+0000] {processor.py:830} INFO - Processing file /opt/airflow/dags/load_csv_to_mysql.py for tasks to queue
[2025-05-27T13:35:33.282+0000] {logging_mixin.py:188} INFO - [2025-05-27T13:35:33.245+0000] {dagbag.py:538} INFO - Filling up the DagBag from /opt/airflow/dags/load_csv_to_mysql.py
[2025-05-27T13:35:33.870+0000] {processor.py:840} INFO - DAG(s) 'load_csv_to_mysql' retrieved from /opt/airflow/dags/load_csv_to_mysql.py
[2025-05-27T13:35:33.967+0000] {logging_mixin.py:188} INFO - [2025-05-27T13:35:33.966+0000] {dag.py:3036} INFO - Sync 1 DAGs
[2025-05-27T13:35:33.988+0000] {logging_mixin.py:188} INFO - [2025-05-27T13:35:33.988+0000] {dag.py:3823} INFO - Setting next_dagrun for load_csv_to_mysql to None, run_after=None
[2025-05-27T13:35:34.028+0000] {processor.py:183} INFO - Processing /opt/airflow/dags/load_csv_to_mysql.py took 0.804 seconds
[2025-05-27T13:36:04.674+0000] {processor.py:161} INFO - Started process (PID=537) to work on /opt/airflow/dags/load_csv_to_mysql.py
[2025-05-27T13:36:04.676+0000] {processor.py:830} INFO - Processing file /opt/airflow/dags/load_csv_to_mysql.py for tasks to queue
[2025-05-27T13:36:04.677+0000] {logging_mixin.py:188} INFO - [2025-05-27T13:36:04.677+0000] {dagbag.py:538} INFO - Filling up the DagBag from /opt/airflow/dags/load_csv_to_mysql.py
[2025-05-27T13:36:04.899+0000] {processor.py:840} INFO - DAG(s) 'load_csv_to_mysql' retrieved from /opt/airflow/dags/load_csv_to_mysql.py
[2025-05-27T13:36:04.940+0000] {logging_mixin.py:188} INFO - [2025-05-27T13:36:04.940+0000] {dag.py:3036} INFO - Sync 1 DAGs
[2025-05-27T13:36:04.951+0000] {logging_mixin.py:188} INFO - [2025-05-27T13:36:04.951+0000] {dag.py:3823} INFO - Setting next_dagrun for load_csv_to_mysql to None, run_after=None
[2025-05-27T13:36:04.970+0000] {processor.py:183} INFO - Processing /opt/airflow/dags/load_csv_to_mysql.py took 0.305 seconds
[2025-05-27T13:36:35.308+0000] {processor.py:161} INFO - Started process (PID=554) to work on /opt/airflow/dags/load_csv_to_mysql.py
[2025-05-27T13:36:35.311+0000] {processor.py:830} INFO - Processing file /opt/airflow/dags/load_csv_to_mysql.py for tasks to queue
[2025-05-27T13:36:35.312+0000] {logging_mixin.py:188} INFO - [2025-05-27T13:36:35.312+0000] {dagbag.py:538} INFO - Filling up the DagBag from /opt/airflow/dags/load_csv_to_mysql.py
[2025-05-27T13:36:35.559+0000] {processor.py:840} INFO - DAG(s) 'load_csv_to_mysql' retrieved from /opt/airflow/dags/load_csv_to_mysql.py
[2025-05-27T13:36:35.607+0000] {logging_mixin.py:188} INFO - [2025-05-27T13:36:35.607+0000] {dag.py:3036} INFO - Sync 1 DAGs
[2025-05-27T13:36:35.620+0000] {logging_mixin.py:188} INFO - [2025-05-27T13:36:35.620+0000] {dag.py:3823} INFO - Setting next_dagrun for load_csv_to_mysql to None, run_after=None
[2025-05-27T13:36:35.643+0000] {processor.py:183} INFO - Processing /opt/airflow/dags/load_csv_to_mysql.py took 0.340 seconds
[2025-05-27T13:37:06.051+0000] {processor.py:161} INFO - Started process (PID=573) to work on /opt/airflow/dags/load_csv_to_mysql.py
[2025-05-27T13:37:06.056+0000] {processor.py:830} INFO - Processing file /opt/airflow/dags/load_csv_to_mysql.py for tasks to queue
[2025-05-27T13:37:06.058+0000] {logging_mixin.py:188} INFO - [2025-05-27T13:37:06.058+0000] {dagbag.py:538} INFO - Filling up the DagBag from /opt/airflow/dags/load_csv_to_mysql.py
[2025-05-27T13:37:06.295+0000] {processor.py:840} INFO - DAG(s) 'load_csv_to_mysql' retrieved from /opt/airflow/dags/load_csv_to_mysql.py
[2025-05-27T13:37:06.342+0000] {logging_mixin.py:188} INFO - [2025-05-27T13:37:06.341+0000] {dag.py:3036} INFO - Sync 1 DAGs
[2025-05-27T13:37:06.355+0000] {logging_mixin.py:188} INFO - [2025-05-27T13:37:06.355+0000] {dag.py:3823} INFO - Setting next_dagrun for load_csv_to_mysql to None, run_after=None
[2025-05-27T13:37:06.376+0000] {processor.py:183} INFO - Processing /opt/airflow/dags/load_csv_to_mysql.py took 0.341 seconds
[2025-05-27T13:37:36.716+0000] {processor.py:161} INFO - Started process (PID=591) to work on /opt/airflow/dags/load_csv_to_mysql.py
[2025-05-27T13:37:36.718+0000] {processor.py:830} INFO - Processing file /opt/airflow/dags/load_csv_to_mysql.py for tasks to queue
[2025-05-27T13:37:36.720+0000] {logging_mixin.py:188} INFO - [2025-05-27T13:37:36.719+0000] {dagbag.py:538} INFO - Filling up the DagBag from /opt/airflow/dags/load_csv_to_mysql.py
[2025-05-27T13:37:36.970+0000] {processor.py:840} INFO - DAG(s) 'load_csv_to_mysql' retrieved from /opt/airflow/dags/load_csv_to_mysql.py
[2025-05-27T13:37:37.035+0000] {logging_mixin.py:188} INFO - [2025-05-27T13:37:37.035+0000] {dag.py:3036} INFO - Sync 1 DAGs
[2025-05-27T13:37:37.050+0000] {logging_mixin.py:188} INFO - [2025-05-27T13:37:37.049+0000] {dag.py:3823} INFO - Setting next_dagrun for load_csv_to_mysql to None, run_after=None
[2025-05-27T13:37:37.068+0000] {processor.py:183} INFO - Processing /opt/airflow/dags/load_csv_to_mysql.py took 0.373 seconds
[2025-05-27T13:38:07.472+0000] {processor.py:161} INFO - Started process (PID=608) to work on /opt/airflow/dags/load_csv_to_mysql.py
[2025-05-27T13:38:07.474+0000] {processor.py:830} INFO - Processing file /opt/airflow/dags/load_csv_to_mysql.py for tasks to queue
[2025-05-27T13:38:07.475+0000] {logging_mixin.py:188} INFO - [2025-05-27T13:38:07.475+0000] {dagbag.py:538} INFO - Filling up the DagBag from /opt/airflow/dags/load_csv_to_mysql.py
[2025-05-27T13:38:07.695+0000] {processor.py:840} INFO - DAG(s) 'load_csv_to_mysql' retrieved from /opt/airflow/dags/load_csv_to_mysql.py
[2025-05-27T13:38:07.742+0000] {logging_mixin.py:188} INFO - [2025-05-27T13:38:07.742+0000] {dag.py:3036} INFO - Sync 1 DAGs
[2025-05-27T13:38:07.752+0000] {logging_mixin.py:188} INFO - [2025-05-27T13:38:07.752+0000] {dag.py:3823} INFO - Setting next_dagrun for load_csv_to_mysql to None, run_after=None
[2025-05-27T13:38:07.771+0000] {processor.py:183} INFO - Processing /opt/airflow/dags/load_csv_to_mysql.py took 0.302 seconds
[2025-05-27T13:38:38.118+0000] {processor.py:161} INFO - Started process (PID=627) to work on /opt/airflow/dags/load_csv_to_mysql.py
[2025-05-27T13:38:38.120+0000] {processor.py:830} INFO - Processing file /opt/airflow/dags/load_csv_to_mysql.py for tasks to queue
[2025-05-27T13:38:38.122+0000] {logging_mixin.py:188} INFO - [2025-05-27T13:38:38.121+0000] {dagbag.py:538} INFO - Filling up the DagBag from /opt/airflow/dags/load_csv_to_mysql.py
[2025-05-27T13:38:38.376+0000] {processor.py:840} INFO - DAG(s) 'load_csv_to_mysql' retrieved from /opt/airflow/dags/load_csv_to_mysql.py
[2025-05-27T13:38:38.412+0000] {logging_mixin.py:188} INFO - [2025-05-27T13:38:38.412+0000] {dag.py:3036} INFO - Sync 1 DAGs
[2025-05-27T13:38:38.423+0000] {logging_mixin.py:188} INFO - [2025-05-27T13:38:38.423+0000] {dag.py:3823} INFO - Setting next_dagrun for load_csv_to_mysql to None, run_after=None
[2025-05-27T13:38:38.441+0000] {processor.py:183} INFO - Processing /opt/airflow/dags/load_csv_to_mysql.py took 0.328 seconds
[2025-05-27T13:39:08.991+0000] {processor.py:161} INFO - Started process (PID=645) to work on /opt/airflow/dags/load_csv_to_mysql.py
[2025-05-27T13:39:08.994+0000] {processor.py:830} INFO - Processing file /opt/airflow/dags/load_csv_to_mysql.py for tasks to queue
[2025-05-27T13:39:08.996+0000] {logging_mixin.py:188} INFO - [2025-05-27T13:39:08.995+0000] {dagbag.py:538} INFO - Filling up the DagBag from /opt/airflow/dags/load_csv_to_mysql.py
[2025-05-27T13:39:09.364+0000] {processor.py:840} INFO - DAG(s) 'load_csv_to_mysql' retrieved from /opt/airflow/dags/load_csv_to_mysql.py
[2025-05-27T13:39:09.439+0000] {logging_mixin.py:188} INFO - [2025-05-27T13:39:09.439+0000] {dag.py:3036} INFO - Sync 1 DAGs
[2025-05-27T13:39:09.462+0000] {logging_mixin.py:188} INFO - [2025-05-27T13:39:09.458+0000] {dag.py:3823} INFO - Setting next_dagrun for load_csv_to_mysql to None, run_after=None
[2025-05-27T13:39:09.508+0000] {processor.py:183} INFO - Processing /opt/airflow/dags/load_csv_to_mysql.py took 0.524 seconds
[2025-05-27T13:39:40.456+0000] {processor.py:161} INFO - Started process (PID=663) to work on /opt/airflow/dags/load_csv_to_mysql.py
[2025-05-27T13:39:40.462+0000] {processor.py:830} INFO - Processing file /opt/airflow/dags/load_csv_to_mysql.py for tasks to queue
[2025-05-27T13:39:40.464+0000] {logging_mixin.py:188} INFO - [2025-05-27T13:39:40.463+0000] {dagbag.py:538} INFO - Filling up the DagBag from /opt/airflow/dags/load_csv_to_mysql.py
[2025-05-27T13:39:40.817+0000] {processor.py:840} INFO - DAG(s) 'load_csv_to_mysql' retrieved from /opt/airflow/dags/load_csv_to_mysql.py
[2025-05-27T13:39:40.880+0000] {logging_mixin.py:188} INFO - [2025-05-27T13:39:40.880+0000] {dag.py:3036} INFO - Sync 1 DAGs
[2025-05-27T13:39:40.891+0000] {logging_mixin.py:188} INFO - [2025-05-27T13:39:40.891+0000] {dag.py:3823} INFO - Setting next_dagrun for load_csv_to_mysql to None, run_after=None
[2025-05-27T13:39:40.913+0000] {processor.py:183} INFO - Processing /opt/airflow/dags/load_csv_to_mysql.py took 0.462 seconds
[2025-05-27T13:40:11.798+0000] {processor.py:161} INFO - Started process (PID=680) to work on /opt/airflow/dags/load_csv_to_mysql.py
[2025-05-27T13:40:11.800+0000] {processor.py:830} INFO - Processing file /opt/airflow/dags/load_csv_to_mysql.py for tasks to queue
[2025-05-27T13:40:11.803+0000] {logging_mixin.py:188} INFO - [2025-05-27T13:40:11.802+0000] {dagbag.py:538} INFO - Filling up the DagBag from /opt/airflow/dags/load_csv_to_mysql.py
[2025-05-27T13:40:12.930+0000] {processor.py:840} INFO - DAG(s) 'load_csv_to_mysql' retrieved from /opt/airflow/dags/load_csv_to_mysql.py
[2025-05-27T13:40:13.140+0000] {logging_mixin.py:188} INFO - [2025-05-27T13:40:13.139+0000] {dag.py:3036} INFO - Sync 1 DAGs
[2025-05-27T13:40:13.187+0000] {logging_mixin.py:188} INFO - [2025-05-27T13:40:13.187+0000] {dag.py:3823} INFO - Setting next_dagrun for load_csv_to_mysql to None, run_after=None
[2025-05-27T13:40:13.245+0000] {processor.py:183} INFO - Processing /opt/airflow/dags/load_csv_to_mysql.py took 1.452 seconds
[2025-05-27T13:40:43.860+0000] {processor.py:161} INFO - Started process (PID=699) to work on /opt/airflow/dags/load_csv_to_mysql.py
[2025-05-27T13:40:43.873+0000] {processor.py:830} INFO - Processing file /opt/airflow/dags/load_csv_to_mysql.py for tasks to queue
[2025-05-27T13:40:43.876+0000] {logging_mixin.py:188} INFO - [2025-05-27T13:40:43.875+0000] {dagbag.py:538} INFO - Filling up the DagBag from /opt/airflow/dags/load_csv_to_mysql.py
[2025-05-27T13:40:44.495+0000] {processor.py:840} INFO - DAG(s) 'load_csv_to_mysql' retrieved from /opt/airflow/dags/load_csv_to_mysql.py
[2025-05-27T13:40:44.586+0000] {logging_mixin.py:188} INFO - [2025-05-27T13:40:44.585+0000] {dag.py:3036} INFO - Sync 1 DAGs
[2025-05-27T13:40:44.603+0000] {logging_mixin.py:188} INFO - [2025-05-27T13:40:44.602+0000] {dag.py:3823} INFO - Setting next_dagrun for load_csv_to_mysql to None, run_after=None
[2025-05-27T13:40:44.628+0000] {processor.py:183} INFO - Processing /opt/airflow/dags/load_csv_to_mysql.py took 0.781 seconds
[2025-05-27T13:41:14.732+0000] {processor.py:161} INFO - Started process (PID=714) to work on /opt/airflow/dags/load_csv_to_mysql.py
[2025-05-27T13:41:14.744+0000] {processor.py:830} INFO - Processing file /opt/airflow/dags/load_csv_to_mysql.py for tasks to queue
[2025-05-27T13:41:14.757+0000] {logging_mixin.py:188} INFO - [2025-05-27T13:41:14.747+0000] {dagbag.py:538} INFO - Filling up the DagBag from /opt/airflow/dags/load_csv_to_mysql.py
[2025-05-27T13:41:15.042+0000] {processor.py:840} INFO - DAG(s) 'load_csv_to_mysql' retrieved from /opt/airflow/dags/load_csv_to_mysql.py
[2025-05-27T13:41:15.096+0000] {logging_mixin.py:188} INFO - [2025-05-27T13:41:15.096+0000] {dag.py:3036} INFO - Sync 1 DAGs
[2025-05-27T13:41:15.117+0000] {logging_mixin.py:188} INFO - [2025-05-27T13:41:15.116+0000] {dag.py:3823} INFO - Setting next_dagrun for load_csv_to_mysql to None, run_after=None
[2025-05-27T13:41:15.148+0000] {processor.py:183} INFO - Processing /opt/airflow/dags/load_csv_to_mysql.py took 0.424 seconds
[2025-05-27T13:41:45.377+0000] {processor.py:161} INFO - Started process (PID=732) to work on /opt/airflow/dags/load_csv_to_mysql.py
[2025-05-27T13:41:45.381+0000] {processor.py:830} INFO - Processing file /opt/airflow/dags/load_csv_to_mysql.py for tasks to queue
[2025-05-27T13:41:45.386+0000] {logging_mixin.py:188} INFO - [2025-05-27T13:41:45.385+0000] {dagbag.py:538} INFO - Filling up the DagBag from /opt/airflow/dags/load_csv_to_mysql.py
[2025-05-27T13:41:45.723+0000] {processor.py:840} INFO - DAG(s) 'load_csv_to_mysql' retrieved from /opt/airflow/dags/load_csv_to_mysql.py
[2025-05-27T13:41:45.778+0000] {logging_mixin.py:188} INFO - [2025-05-27T13:41:45.778+0000] {dag.py:3036} INFO - Sync 1 DAGs
[2025-05-27T13:41:45.798+0000] {logging_mixin.py:188} INFO - [2025-05-27T13:41:45.798+0000] {dag.py:3823} INFO - Setting next_dagrun for load_csv_to_mysql to None, run_after=None
[2025-05-27T13:41:45.819+0000] {processor.py:183} INFO - Processing /opt/airflow/dags/load_csv_to_mysql.py took 0.460 seconds
[2025-05-27T13:42:16.202+0000] {processor.py:161} INFO - Started process (PID=753) to work on /opt/airflow/dags/load_csv_to_mysql.py
[2025-05-27T13:42:16.204+0000] {processor.py:830} INFO - Processing file /opt/airflow/dags/load_csv_to_mysql.py for tasks to queue
[2025-05-27T13:42:16.205+0000] {logging_mixin.py:188} INFO - [2025-05-27T13:42:16.205+0000] {dagbag.py:538} INFO - Filling up the DagBag from /opt/airflow/dags/load_csv_to_mysql.py
[2025-05-27T13:42:16.548+0000] {processor.py:840} INFO - DAG(s) 'load_csv_to_mysql' retrieved from /opt/airflow/dags/load_csv_to_mysql.py
[2025-05-27T13:42:16.648+0000] {logging_mixin.py:188} INFO - [2025-05-27T13:42:16.648+0000] {dag.py:3036} INFO - Sync 1 DAGs
[2025-05-27T13:42:16.660+0000] {logging_mixin.py:188} INFO - [2025-05-27T13:42:16.660+0000] {dag.py:3823} INFO - Setting next_dagrun for load_csv_to_mysql to None, run_after=None
[2025-05-27T13:42:16.689+0000] {processor.py:183} INFO - Processing /opt/airflow/dags/load_csv_to_mysql.py took 0.494 seconds
[2025-05-27T13:42:47.242+0000] {processor.py:161} INFO - Started process (PID=771) to work on /opt/airflow/dags/load_csv_to_mysql.py
[2025-05-27T13:42:47.245+0000] {processor.py:830} INFO - Processing file /opt/airflow/dags/load_csv_to_mysql.py for tasks to queue
[2025-05-27T13:42:47.246+0000] {logging_mixin.py:188} INFO - [2025-05-27T13:42:47.246+0000] {dagbag.py:538} INFO - Filling up the DagBag from /opt/airflow/dags/load_csv_to_mysql.py
[2025-05-27T13:42:47.610+0000] {processor.py:840} INFO - DAG(s) 'load_csv_to_mysql' retrieved from /opt/airflow/dags/load_csv_to_mysql.py
[2025-05-27T13:42:47.671+0000] {logging_mixin.py:188} INFO - [2025-05-27T13:42:47.671+0000] {dag.py:3036} INFO - Sync 1 DAGs
[2025-05-27T13:42:47.700+0000] {logging_mixin.py:188} INFO - [2025-05-27T13:42:47.699+0000] {dag.py:3823} INFO - Setting next_dagrun for load_csv_to_mysql to None, run_after=None
[2025-05-27T13:42:47.732+0000] {processor.py:183} INFO - Processing /opt/airflow/dags/load_csv_to_mysql.py took 0.505 seconds
[2025-05-27T13:43:18.187+0000] {processor.py:161} INFO - Started process (PID=789) to work on /opt/airflow/dags/load_csv_to_mysql.py
[2025-05-27T13:43:18.189+0000] {processor.py:830} INFO - Processing file /opt/airflow/dags/load_csv_to_mysql.py for tasks to queue
[2025-05-27T13:43:18.190+0000] {logging_mixin.py:188} INFO - [2025-05-27T13:43:18.190+0000] {dagbag.py:538} INFO - Filling up the DagBag from /opt/airflow/dags/load_csv_to_mysql.py
[2025-05-27T13:43:18.603+0000] {processor.py:840} INFO - DAG(s) 'load_csv_to_mysql' retrieved from /opt/airflow/dags/load_csv_to_mysql.py
[2025-05-27T13:43:18.671+0000] {logging_mixin.py:188} INFO - [2025-05-27T13:43:18.671+0000] {dag.py:3036} INFO - Sync 1 DAGs
[2025-05-27T13:43:18.687+0000] {logging_mixin.py:188} INFO - [2025-05-27T13:43:18.686+0000] {dag.py:3823} INFO - Setting next_dagrun for load_csv_to_mysql to None, run_after=None
[2025-05-27T13:43:18.744+0000] {processor.py:183} INFO - Processing /opt/airflow/dags/load_csv_to_mysql.py took 0.563 seconds
[2025-05-27T13:43:49.220+0000] {processor.py:161} INFO - Started process (PID=807) to work on /opt/airflow/dags/load_csv_to_mysql.py
[2025-05-27T13:43:49.238+0000] {processor.py:830} INFO - Processing file /opt/airflow/dags/load_csv_to_mysql.py for tasks to queue
[2025-05-27T13:43:49.240+0000] {logging_mixin.py:188} INFO - [2025-05-27T13:43:49.240+0000] {dagbag.py:538} INFO - Filling up the DagBag from /opt/airflow/dags/load_csv_to_mysql.py
[2025-05-27T13:43:49.857+0000] {processor.py:840} INFO - DAG(s) 'load_csv_to_mysql' retrieved from /opt/airflow/dags/load_csv_to_mysql.py
[2025-05-27T13:43:50.098+0000] {logging_mixin.py:188} INFO - [2025-05-27T13:43:50.082+0000] {dag.py:3036} INFO - Sync 1 DAGs
[2025-05-27T13:43:50.134+0000] {logging_mixin.py:188} INFO - [2025-05-27T13:43:50.133+0000] {dag.py:3823} INFO - Setting next_dagrun for load_csv_to_mysql to None, run_after=None
[2025-05-27T13:43:50.164+0000] {processor.py:183} INFO - Processing /opt/airflow/dags/load_csv_to_mysql.py took 1.093 seconds
[2025-05-27T13:44:20.937+0000] {processor.py:161} INFO - Started process (PID=825) to work on /opt/airflow/dags/load_csv_to_mysql.py
[2025-05-27T13:44:20.939+0000] {processor.py:830} INFO - Processing file /opt/airflow/dags/load_csv_to_mysql.py for tasks to queue
[2025-05-27T13:44:20.941+0000] {logging_mixin.py:188} INFO - [2025-05-27T13:44:20.940+0000] {dagbag.py:538} INFO - Filling up the DagBag from /opt/airflow/dags/load_csv_to_mysql.py
[2025-05-27T13:44:21.209+0000] {processor.py:840} INFO - DAG(s) 'load_csv_to_mysql' retrieved from /opt/airflow/dags/load_csv_to_mysql.py
[2025-05-27T13:44:21.254+0000] {logging_mixin.py:188} INFO - [2025-05-27T13:44:21.254+0000] {dag.py:3036} INFO - Sync 1 DAGs
[2025-05-27T13:44:21.271+0000] {logging_mixin.py:188} INFO - [2025-05-27T13:44:21.271+0000] {dag.py:3823} INFO - Setting next_dagrun for load_csv_to_mysql to None, run_after=None
[2025-05-27T13:44:21.304+0000] {processor.py:183} INFO - Processing /opt/airflow/dags/load_csv_to_mysql.py took 0.374 seconds
[2025-05-27T13:44:51.559+0000] {processor.py:161} INFO - Started process (PID=843) to work on /opt/airflow/dags/load_csv_to_mysql.py
[2025-05-27T13:44:51.562+0000] {processor.py:830} INFO - Processing file /opt/airflow/dags/load_csv_to_mysql.py for tasks to queue
[2025-05-27T13:44:51.564+0000] {logging_mixin.py:188} INFO - [2025-05-27T13:44:51.564+0000] {dagbag.py:538} INFO - Filling up the DagBag from /opt/airflow/dags/load_csv_to_mysql.py
[2025-05-27T13:44:51.891+0000] {processor.py:840} INFO - DAG(s) 'load_csv_to_mysql' retrieved from /opt/airflow/dags/load_csv_to_mysql.py
[2025-05-27T13:44:51.959+0000] {logging_mixin.py:188} INFO - [2025-05-27T13:44:51.959+0000] {dag.py:3036} INFO - Sync 1 DAGs
[2025-05-27T13:44:51.974+0000] {logging_mixin.py:188} INFO - [2025-05-27T13:44:51.974+0000] {dag.py:3823} INFO - Setting next_dagrun for load_csv_to_mysql to None, run_after=None
[2025-05-27T13:44:52.012+0000] {processor.py:183} INFO - Processing /opt/airflow/dags/load_csv_to_mysql.py took 0.457 seconds
[2025-05-27T13:45:22.619+0000] {processor.py:161} INFO - Started process (PID=861) to work on /opt/airflow/dags/load_csv_to_mysql.py
[2025-05-27T13:45:22.622+0000] {processor.py:830} INFO - Processing file /opt/airflow/dags/load_csv_to_mysql.py for tasks to queue
[2025-05-27T13:45:22.623+0000] {logging_mixin.py:188} INFO - [2025-05-27T13:45:22.623+0000] {dagbag.py:538} INFO - Filling up the DagBag from /opt/airflow/dags/load_csv_to_mysql.py
[2025-05-27T13:45:22.875+0000] {processor.py:840} INFO - DAG(s) 'load_csv_to_mysql' retrieved from /opt/airflow/dags/load_csv_to_mysql.py
[2025-05-27T13:45:22.935+0000] {logging_mixin.py:188} INFO - [2025-05-27T13:45:22.935+0000] {dag.py:3036} INFO - Sync 1 DAGs
[2025-05-27T13:45:22.946+0000] {logging_mixin.py:188} INFO - [2025-05-27T13:45:22.946+0000] {dag.py:3823} INFO - Setting next_dagrun for load_csv_to_mysql to None, run_after=None
[2025-05-27T13:45:22.960+0000] {processor.py:183} INFO - Processing /opt/airflow/dags/load_csv_to_mysql.py took 0.354 seconds
[2025-05-27T13:45:53.415+0000] {processor.py:161} INFO - Started process (PID=879) to work on /opt/airflow/dags/load_csv_to_mysql.py
[2025-05-27T13:45:53.417+0000] {processor.py:830} INFO - Processing file /opt/airflow/dags/load_csv_to_mysql.py for tasks to queue
[2025-05-27T13:45:53.420+0000] {logging_mixin.py:188} INFO - [2025-05-27T13:45:53.419+0000] {dagbag.py:538} INFO - Filling up the DagBag from /opt/airflow/dags/load_csv_to_mysql.py
[2025-05-27T13:45:53.685+0000] {processor.py:840} INFO - DAG(s) 'load_csv_to_mysql' retrieved from /opt/airflow/dags/load_csv_to_mysql.py
[2025-05-27T13:45:53.739+0000] {logging_mixin.py:188} INFO - [2025-05-27T13:45:53.738+0000] {dag.py:3036} INFO - Sync 1 DAGs
[2025-05-27T13:45:53.752+0000] {logging_mixin.py:188} INFO - [2025-05-27T13:45:53.752+0000] {dag.py:3823} INFO - Setting next_dagrun for load_csv_to_mysql to None, run_after=None
[2025-05-27T13:45:53.769+0000] {processor.py:183} INFO - Processing /opt/airflow/dags/load_csv_to_mysql.py took 0.359 seconds
[2025-05-27T13:46:24.242+0000] {processor.py:161} INFO - Started process (PID=897) to work on /opt/airflow/dags/load_csv_to_mysql.py
[2025-05-27T13:46:24.244+0000] {processor.py:830} INFO - Processing file /opt/airflow/dags/load_csv_to_mysql.py for tasks to queue
[2025-05-27T13:46:24.246+0000] {logging_mixin.py:188} INFO - [2025-05-27T13:46:24.245+0000] {dagbag.py:538} INFO - Filling up the DagBag from /opt/airflow/dags/load_csv_to_mysql.py
[2025-05-27T13:46:24.524+0000] {processor.py:840} INFO - DAG(s) 'load_csv_to_mysql' retrieved from /opt/airflow/dags/load_csv_to_mysql.py
[2025-05-27T13:46:24.563+0000] {logging_mixin.py:188} INFO - [2025-05-27T13:46:24.563+0000] {dag.py:3036} INFO - Sync 1 DAGs
[2025-05-27T13:46:24.573+0000] {logging_mixin.py:188} INFO - [2025-05-27T13:46:24.573+0000] {dag.py:3823} INFO - Setting next_dagrun for load_csv_to_mysql to None, run_after=None
[2025-05-27T13:46:24.595+0000] {processor.py:183} INFO - Processing /opt/airflow/dags/load_csv_to_mysql.py took 0.357 seconds
[2025-05-27T13:46:55.018+0000] {processor.py:161} INFO - Started process (PID=914) to work on /opt/airflow/dags/load_csv_to_mysql.py
[2025-05-27T13:46:55.021+0000] {processor.py:830} INFO - Processing file /opt/airflow/dags/load_csv_to_mysql.py for tasks to queue
[2025-05-27T13:46:55.023+0000] {logging_mixin.py:188} INFO - [2025-05-27T13:46:55.022+0000] {dagbag.py:538} INFO - Filling up the DagBag from /opt/airflow/dags/load_csv_to_mysql.py
[2025-05-27T13:46:55.322+0000] {processor.py:840} INFO - DAG(s) 'load_csv_to_mysql' retrieved from /opt/airflow/dags/load_csv_to_mysql.py
[2025-05-27T13:46:55.379+0000] {logging_mixin.py:188} INFO - [2025-05-27T13:46:55.379+0000] {dag.py:3036} INFO - Sync 1 DAGs
[2025-05-27T13:46:55.391+0000] {logging_mixin.py:188} INFO - [2025-05-27T13:46:55.391+0000] {dag.py:3823} INFO - Setting next_dagrun for load_csv_to_mysql to None, run_after=None
[2025-05-27T13:46:55.409+0000] {processor.py:183} INFO - Processing /opt/airflow/dags/load_csv_to_mysql.py took 0.398 seconds
[2025-05-27T13:47:25.936+0000] {processor.py:161} INFO - Started process (PID=933) to work on /opt/airflow/dags/load_csv_to_mysql.py
[2025-05-27T13:47:25.939+0000] {processor.py:830} INFO - Processing file /opt/airflow/dags/load_csv_to_mysql.py for tasks to queue
[2025-05-27T13:47:25.943+0000] {logging_mixin.py:188} INFO - [2025-05-27T13:47:25.942+0000] {dagbag.py:538} INFO - Filling up the DagBag from /opt/airflow/dags/load_csv_to_mysql.py
[2025-05-27T13:47:26.214+0000] {processor.py:840} INFO - DAG(s) 'load_csv_to_mysql' retrieved from /opt/airflow/dags/load_csv_to_mysql.py
[2025-05-27T13:47:26.271+0000] {logging_mixin.py:188} INFO - [2025-05-27T13:47:26.271+0000] {dag.py:3036} INFO - Sync 1 DAGs
[2025-05-27T13:47:26.283+0000] {logging_mixin.py:188} INFO - [2025-05-27T13:47:26.283+0000] {dag.py:3823} INFO - Setting next_dagrun for load_csv_to_mysql to None, run_after=None
[2025-05-27T13:47:26.303+0000] {processor.py:183} INFO - Processing /opt/airflow/dags/load_csv_to_mysql.py took 0.381 seconds
[2025-05-27T13:47:56.690+0000] {processor.py:161} INFO - Started process (PID=951) to work on /opt/airflow/dags/load_csv_to_mysql.py
[2025-05-27T13:47:56.692+0000] {processor.py:830} INFO - Processing file /opt/airflow/dags/load_csv_to_mysql.py for tasks to queue
[2025-05-27T13:47:56.694+0000] {logging_mixin.py:188} INFO - [2025-05-27T13:47:56.694+0000] {dagbag.py:538} INFO - Filling up the DagBag from /opt/airflow/dags/load_csv_to_mysql.py
[2025-05-27T13:47:56.977+0000] {processor.py:840} INFO - DAG(s) 'load_csv_to_mysql' retrieved from /opt/airflow/dags/load_csv_to_mysql.py
[2025-05-27T13:47:57.050+0000] {logging_mixin.py:188} INFO - [2025-05-27T13:47:57.049+0000] {dag.py:3036} INFO - Sync 1 DAGs
[2025-05-27T13:47:57.064+0000] {logging_mixin.py:188} INFO - [2025-05-27T13:47:57.064+0000] {dag.py:3823} INFO - Setting next_dagrun for load_csv_to_mysql to None, run_after=None
[2025-05-27T13:47:57.085+0000] {processor.py:183} INFO - Processing /opt/airflow/dags/load_csv_to_mysql.py took 0.400 seconds
[2025-05-27T13:48:28.110+0000] {processor.py:161} INFO - Started process (PID=968) to work on /opt/airflow/dags/load_csv_to_mysql.py
[2025-05-27T13:48:28.113+0000] {processor.py:830} INFO - Processing file /opt/airflow/dags/load_csv_to_mysql.py for tasks to queue
[2025-05-27T13:48:28.117+0000] {logging_mixin.py:188} INFO - [2025-05-27T13:48:28.116+0000] {dagbag.py:538} INFO - Filling up the DagBag from /opt/airflow/dags/load_csv_to_mysql.py
[2025-05-27T13:48:28.746+0000] {processor.py:840} INFO - DAG(s) 'load_csv_to_mysql' retrieved from /opt/airflow/dags/load_csv_to_mysql.py
[2025-05-27T13:48:28.940+0000] {logging_mixin.py:188} INFO - [2025-05-27T13:48:28.934+0000] {dag.py:3036} INFO - Sync 1 DAGs
[2025-05-27T13:48:28.964+0000] {logging_mixin.py:188} INFO - [2025-05-27T13:48:28.964+0000] {dag.py:3823} INFO - Setting next_dagrun for load_csv_to_mysql to None, run_after=None
[2025-05-27T13:48:28.994+0000] {processor.py:183} INFO - Processing /opt/airflow/dags/load_csv_to_mysql.py took 0.844 seconds
[2025-05-27T13:48:59.638+0000] {processor.py:161} INFO - Started process (PID=987) to work on /opt/airflow/dags/load_csv_to_mysql.py
[2025-05-27T13:48:59.640+0000] {processor.py:830} INFO - Processing file /opt/airflow/dags/load_csv_to_mysql.py for tasks to queue
[2025-05-27T13:48:59.641+0000] {logging_mixin.py:188} INFO - [2025-05-27T13:48:59.641+0000] {dagbag.py:538} INFO - Filling up the DagBag from /opt/airflow/dags/load_csv_to_mysql.py
[2025-05-27T13:48:59.927+0000] {processor.py:840} INFO - DAG(s) 'load_csv_to_mysql' retrieved from /opt/airflow/dags/load_csv_to_mysql.py
[2025-05-27T13:49:00.074+0000] {logging_mixin.py:188} INFO - [2025-05-27T13:49:00.074+0000] {dag.py:3036} INFO - Sync 1 DAGs
[2025-05-27T13:49:00.092+0000] {logging_mixin.py:188} INFO - [2025-05-27T13:49:00.092+0000] {dag.py:3823} INFO - Setting next_dagrun for load_csv_to_mysql to None, run_after=None
[2025-05-27T13:49:00.116+0000] {processor.py:183} INFO - Processing /opt/airflow/dags/load_csv_to_mysql.py took 0.481 seconds
[2025-05-27T13:49:31.269+0000] {processor.py:161} INFO - Started process (PID=1005) to work on /opt/airflow/dags/load_csv_to_mysql.py
[2025-05-27T13:49:31.272+0000] {processor.py:830} INFO - Processing file /opt/airflow/dags/load_csv_to_mysql.py for tasks to queue
[2025-05-27T13:49:31.274+0000] {logging_mixin.py:188} INFO - [2025-05-27T13:49:31.274+0000] {dagbag.py:538} INFO - Filling up the DagBag from /opt/airflow/dags/load_csv_to_mysql.py
[2025-05-27T13:49:31.690+0000] {processor.py:840} INFO - DAG(s) 'load_csv_to_mysql' retrieved from /opt/airflow/dags/load_csv_to_mysql.py
[2025-05-27T13:49:31.766+0000] {logging_mixin.py:188} INFO - [2025-05-27T13:49:31.766+0000] {dag.py:3036} INFO - Sync 1 DAGs
[2025-05-27T13:49:31.806+0000] {logging_mixin.py:188} INFO - [2025-05-27T13:49:31.804+0000] {dag.py:3823} INFO - Setting next_dagrun for load_csv_to_mysql to None, run_after=None
[2025-05-27T13:49:31.851+0000] {processor.py:183} INFO - Processing /opt/airflow/dags/load_csv_to_mysql.py took 0.587 seconds
[2025-05-27T13:50:02.801+0000] {processor.py:161} INFO - Started process (PID=1023) to work on /opt/airflow/dags/load_csv_to_mysql.py
[2025-05-27T13:50:02.803+0000] {processor.py:830} INFO - Processing file /opt/airflow/dags/load_csv_to_mysql.py for tasks to queue
[2025-05-27T13:50:02.805+0000] {logging_mixin.py:188} INFO - [2025-05-27T13:50:02.805+0000] {dagbag.py:538} INFO - Filling up the DagBag from /opt/airflow/dags/load_csv_to_mysql.py
[2025-05-27T13:50:03.104+0000] {processor.py:840} INFO - DAG(s) 'load_csv_to_mysql' retrieved from /opt/airflow/dags/load_csv_to_mysql.py
[2025-05-27T13:50:03.191+0000] {logging_mixin.py:188} INFO - [2025-05-27T13:50:03.191+0000] {dag.py:3036} INFO - Sync 1 DAGs
[2025-05-27T13:50:03.207+0000] {logging_mixin.py:188} INFO - [2025-05-27T13:50:03.206+0000] {dag.py:3823} INFO - Setting next_dagrun for load_csv_to_mysql to None, run_after=None
[2025-05-27T13:50:03.247+0000] {processor.py:183} INFO - Processing /opt/airflow/dags/load_csv_to_mysql.py took 0.451 seconds
[2025-05-27T13:50:33.422+0000] {processor.py:161} INFO - Started process (PID=1041) to work on /opt/airflow/dags/load_csv_to_mysql.py
[2025-05-27T13:50:33.436+0000] {processor.py:830} INFO - Processing file /opt/airflow/dags/load_csv_to_mysql.py for tasks to queue
[2025-05-27T13:50:33.438+0000] {logging_mixin.py:188} INFO - [2025-05-27T13:50:33.438+0000] {dagbag.py:538} INFO - Filling up the DagBag from /opt/airflow/dags/load_csv_to_mysql.py
[2025-05-27T13:50:33.765+0000] {processor.py:840} INFO - DAG(s) 'load_csv_to_mysql' retrieved from /opt/airflow/dags/load_csv_to_mysql.py
[2025-05-27T13:50:33.804+0000] {logging_mixin.py:188} INFO - [2025-05-27T13:50:33.804+0000] {dag.py:3036} INFO - Sync 1 DAGs
[2025-05-27T13:50:33.814+0000] {logging_mixin.py:188} INFO - [2025-05-27T13:50:33.814+0000] {dag.py:3823} INFO - Setting next_dagrun for load_csv_to_mysql to None, run_after=None
[2025-05-27T13:50:33.839+0000] {processor.py:183} INFO - Processing /opt/airflow/dags/load_csv_to_mysql.py took 0.432 seconds
[2025-05-27T13:51:04.726+0000] {processor.py:161} INFO - Started process (PID=1058) to work on /opt/airflow/dags/load_csv_to_mysql.py
[2025-05-27T13:51:04.729+0000] {processor.py:830} INFO - Processing file /opt/airflow/dags/load_csv_to_mysql.py for tasks to queue
[2025-05-27T13:51:04.731+0000] {logging_mixin.py:188} INFO - [2025-05-27T13:51:04.730+0000] {dagbag.py:538} INFO - Filling up the DagBag from /opt/airflow/dags/load_csv_to_mysql.py
[2025-05-27T13:51:05.224+0000] {processor.py:840} INFO - DAG(s) 'load_csv_to_mysql' retrieved from /opt/airflow/dags/load_csv_to_mysql.py
[2025-05-27T13:51:05.263+0000] {logging_mixin.py:188} INFO - [2025-05-27T13:51:05.263+0000] {dag.py:3036} INFO - Sync 1 DAGs
[2025-05-27T13:51:05.275+0000] {logging_mixin.py:188} INFO - [2025-05-27T13:51:05.275+0000] {dag.py:3823} INFO - Setting next_dagrun for load_csv_to_mysql to None, run_after=None
[2025-05-27T13:51:05.319+0000] {processor.py:183} INFO - Processing /opt/airflow/dags/load_csv_to_mysql.py took 0.604 seconds
[2025-05-27T13:51:35.813+0000] {processor.py:161} INFO - Started process (PID=1077) to work on /opt/airflow/dags/load_csv_to_mysql.py
[2025-05-27T13:51:35.815+0000] {processor.py:830} INFO - Processing file /opt/airflow/dags/load_csv_to_mysql.py for tasks to queue
[2025-05-27T13:51:35.819+0000] {logging_mixin.py:188} INFO - [2025-05-27T13:51:35.818+0000] {dagbag.py:538} INFO - Filling up the DagBag from /opt/airflow/dags/load_csv_to_mysql.py
[2025-05-27T13:51:36.145+0000] {processor.py:840} INFO - DAG(s) 'load_csv_to_mysql' retrieved from /opt/airflow/dags/load_csv_to_mysql.py
[2025-05-27T13:51:36.186+0000] {logging_mixin.py:188} INFO - [2025-05-27T13:51:36.185+0000] {dag.py:3036} INFO - Sync 1 DAGs
[2025-05-27T13:51:36.209+0000] {logging_mixin.py:188} INFO - [2025-05-27T13:51:36.208+0000] {dag.py:3823} INFO - Setting next_dagrun for load_csv_to_mysql to None, run_after=None
[2025-05-27T13:51:36.233+0000] {processor.py:183} INFO - Processing /opt/airflow/dags/load_csv_to_mysql.py took 0.423 seconds
[2025-05-27T13:52:07.220+0000] {processor.py:161} INFO - Started process (PID=1095) to work on /opt/airflow/dags/load_csv_to_mysql.py
[2025-05-27T13:52:07.223+0000] {processor.py:830} INFO - Processing file /opt/airflow/dags/load_csv_to_mysql.py for tasks to queue
[2025-05-27T13:52:07.225+0000] {logging_mixin.py:188} INFO - [2025-05-27T13:52:07.225+0000] {dagbag.py:538} INFO - Filling up the DagBag from /opt/airflow/dags/load_csv_to_mysql.py
[2025-05-27T13:52:07.943+0000] {processor.py:840} INFO - DAG(s) 'load_csv_to_mysql' retrieved from /opt/airflow/dags/load_csv_to_mysql.py
[2025-05-27T13:52:08.011+0000] {logging_mixin.py:188} INFO - [2025-05-27T13:52:08.010+0000] {dag.py:3036} INFO - Sync 1 DAGs
[2025-05-27T13:52:08.054+0000] {logging_mixin.py:188} INFO - [2025-05-27T13:52:08.053+0000] {dag.py:3823} INFO - Setting next_dagrun for load_csv_to_mysql to None, run_after=None
[2025-05-27T13:52:08.091+0000] {processor.py:183} INFO - Processing /opt/airflow/dags/load_csv_to_mysql.py took 0.877 seconds
[2025-05-27T13:52:38.244+0000] {processor.py:161} INFO - Started process (PID=1110) to work on /opt/airflow/dags/load_csv_to_mysql.py
[2025-05-27T13:52:38.247+0000] {processor.py:830} INFO - Processing file /opt/airflow/dags/load_csv_to_mysql.py for tasks to queue
[2025-05-27T13:52:38.248+0000] {logging_mixin.py:188} INFO - [2025-05-27T13:52:38.248+0000] {dagbag.py:538} INFO - Filling up the DagBag from /opt/airflow/dags/load_csv_to_mysql.py
[2025-05-27T13:52:38.509+0000] {processor.py:840} INFO - DAG(s) 'load_csv_to_mysql' retrieved from /opt/airflow/dags/load_csv_to_mysql.py
[2025-05-27T13:52:38.558+0000] {logging_mixin.py:188} INFO - [2025-05-27T13:52:38.557+0000] {dag.py:3036} INFO - Sync 1 DAGs
[2025-05-27T13:52:38.570+0000] {logging_mixin.py:188} INFO - [2025-05-27T13:52:38.570+0000] {dag.py:3823} INFO - Setting next_dagrun for load_csv_to_mysql to None, run_after=None
[2025-05-27T13:52:38.584+0000] {processor.py:183} INFO - Processing /opt/airflow/dags/load_csv_to_mysql.py took 0.348 seconds
[2025-05-27T13:53:09.044+0000] {processor.py:161} INFO - Started process (PID=1131) to work on /opt/airflow/dags/load_csv_to_mysql.py
[2025-05-27T13:53:09.046+0000] {processor.py:830} INFO - Processing file /opt/airflow/dags/load_csv_to_mysql.py for tasks to queue
[2025-05-27T13:53:09.048+0000] {logging_mixin.py:188} INFO - [2025-05-27T13:53:09.047+0000] {dagbag.py:538} INFO - Filling up the DagBag from /opt/airflow/dags/load_csv_to_mysql.py
[2025-05-27T13:53:09.418+0000] {processor.py:840} INFO - DAG(s) 'load_csv_to_mysql' retrieved from /opt/airflow/dags/load_csv_to_mysql.py
[2025-05-27T13:53:09.468+0000] {logging_mixin.py:188} INFO - [2025-05-27T13:53:09.467+0000] {dag.py:3036} INFO - Sync 1 DAGs
[2025-05-27T13:53:09.484+0000] {logging_mixin.py:188} INFO - [2025-05-27T13:53:09.484+0000] {dag.py:3823} INFO - Setting next_dagrun for load_csv_to_mysql to None, run_after=None
[2025-05-27T13:53:09.502+0000] {processor.py:183} INFO - Processing /opt/airflow/dags/load_csv_to_mysql.py took 0.465 seconds
[2025-05-27T13:53:40.379+0000] {processor.py:161} INFO - Started process (PID=1148) to work on /opt/airflow/dags/load_csv_to_mysql.py
[2025-05-27T13:53:40.382+0000] {processor.py:830} INFO - Processing file /opt/airflow/dags/load_csv_to_mysql.py for tasks to queue
[2025-05-27T13:53:40.386+0000] {logging_mixin.py:188} INFO - [2025-05-27T13:53:40.384+0000] {dagbag.py:538} INFO - Filling up the DagBag from /opt/airflow/dags/load_csv_to_mysql.py
[2025-05-27T13:53:40.936+0000] {processor.py:840} INFO - DAG(s) 'load_csv_to_mysql' retrieved from /opt/airflow/dags/load_csv_to_mysql.py
[2025-05-27T13:53:41.102+0000] {logging_mixin.py:188} INFO - [2025-05-27T13:53:41.102+0000] {dag.py:3036} INFO - Sync 1 DAGs
[2025-05-27T13:53:41.153+0000] {logging_mixin.py:188} INFO - [2025-05-27T13:53:41.152+0000] {dag.py:3823} INFO - Setting next_dagrun for load_csv_to_mysql to None, run_after=None
[2025-05-27T13:53:41.219+0000] {processor.py:183} INFO - Processing /opt/airflow/dags/load_csv_to_mysql.py took 0.862 seconds
[2025-05-27T13:54:11.589+0000] {processor.py:161} INFO - Started process (PID=1167) to work on /opt/airflow/dags/load_csv_to_mysql.py
[2025-05-27T13:54:11.594+0000] {processor.py:830} INFO - Processing file /opt/airflow/dags/load_csv_to_mysql.py for tasks to queue
[2025-05-27T13:54:11.596+0000] {logging_mixin.py:188} INFO - [2025-05-27T13:54:11.596+0000] {dagbag.py:538} INFO - Filling up the DagBag from /opt/airflow/dags/load_csv_to_mysql.py
[2025-05-27T13:54:12.150+0000] {processor.py:840} INFO - DAG(s) 'load_csv_to_mysql' retrieved from /opt/airflow/dags/load_csv_to_mysql.py
[2025-05-27T13:54:12.228+0000] {logging_mixin.py:188} INFO - [2025-05-27T13:54:12.228+0000] {dag.py:3036} INFO - Sync 1 DAGs
[2025-05-27T13:54:12.244+0000] {logging_mixin.py:188} INFO - [2025-05-27T13:54:12.244+0000] {dag.py:3823} INFO - Setting next_dagrun for load_csv_to_mysql to None, run_after=None
[2025-05-27T13:54:12.282+0000] {processor.py:183} INFO - Processing /opt/airflow/dags/load_csv_to_mysql.py took 0.719 seconds
[2025-05-27T13:54:43.007+0000] {processor.py:161} INFO - Started process (PID=1186) to work on /opt/airflow/dags/load_csv_to_mysql.py
[2025-05-27T13:54:43.009+0000] {processor.py:830} INFO - Processing file /opt/airflow/dags/load_csv_to_mysql.py for tasks to queue
[2025-05-27T13:54:43.013+0000] {logging_mixin.py:188} INFO - [2025-05-27T13:54:43.012+0000] {dagbag.py:538} INFO - Filling up the DagBag from /opt/airflow/dags/load_csv_to_mysql.py
[2025-05-27T13:54:43.338+0000] {processor.py:840} INFO - DAG(s) 'load_csv_to_mysql' retrieved from /opt/airflow/dags/load_csv_to_mysql.py
[2025-05-27T13:54:43.460+0000] {logging_mixin.py:188} INFO - [2025-05-27T13:54:43.459+0000] {dag.py:3036} INFO - Sync 1 DAGs
[2025-05-27T13:54:43.478+0000] {logging_mixin.py:188} INFO - [2025-05-27T13:54:43.478+0000] {dag.py:3823} INFO - Setting next_dagrun for load_csv_to_mysql to None, run_after=None
[2025-05-27T13:54:43.508+0000] {processor.py:183} INFO - Processing /opt/airflow/dags/load_csv_to_mysql.py took 0.505 seconds
[2025-05-27T13:55:13.837+0000] {processor.py:161} INFO - Started process (PID=1210) to work on /opt/airflow/dags/load_csv_to_mysql.py
[2025-05-27T13:55:13.845+0000] {processor.py:830} INFO - Processing file /opt/airflow/dags/load_csv_to_mysql.py for tasks to queue
[2025-05-27T13:55:13.846+0000] {logging_mixin.py:188} INFO - [2025-05-27T13:55:13.846+0000] {dagbag.py:538} INFO - Filling up the DagBag from /opt/airflow/dags/load_csv_to_mysql.py
[2025-05-27T13:55:14.269+0000] {processor.py:840} INFO - DAG(s) 'load_csv_to_mysql' retrieved from /opt/airflow/dags/load_csv_to_mysql.py
[2025-05-27T13:55:14.331+0000] {logging_mixin.py:188} INFO - [2025-05-27T13:55:14.330+0000] {dag.py:3036} INFO - Sync 1 DAGs
[2025-05-27T13:55:14.376+0000] {logging_mixin.py:188} INFO - [2025-05-27T13:55:14.376+0000] {dag.py:3823} INFO - Setting next_dagrun for load_csv_to_mysql to None, run_after=None
[2025-05-27T13:55:14.401+0000] {processor.py:183} INFO - Processing /opt/airflow/dags/load_csv_to_mysql.py took 0.574 seconds
[2025-05-27T13:55:45.331+0000] {processor.py:161} INFO - Started process (PID=1231) to work on /opt/airflow/dags/load_csv_to_mysql.py
[2025-05-27T13:55:45.335+0000] {processor.py:830} INFO - Processing file /opt/airflow/dags/load_csv_to_mysql.py for tasks to queue
[2025-05-27T13:55:45.337+0000] {logging_mixin.py:188} INFO - [2025-05-27T13:55:45.336+0000] {dagbag.py:538} INFO - Filling up the DagBag from /opt/airflow/dags/load_csv_to_mysql.py
[2025-05-27T13:55:45.607+0000] {processor.py:840} INFO - DAG(s) 'load_csv_to_mysql' retrieved from /opt/airflow/dags/load_csv_to_mysql.py
[2025-05-27T13:55:45.637+0000] {logging_mixin.py:188} INFO - [2025-05-27T13:55:45.636+0000] {dag.py:3036} INFO - Sync 1 DAGs
[2025-05-27T13:55:45.651+0000] {logging_mixin.py:188} INFO - [2025-05-27T13:55:45.651+0000] {dag.py:3823} INFO - Setting next_dagrun for load_csv_to_mysql to None, run_after=None
[2025-05-27T13:55:45.680+0000] {processor.py:183} INFO - Processing /opt/airflow/dags/load_csv_to_mysql.py took 0.355 seconds
[2025-05-27T13:56:16.684+0000] {processor.py:161} INFO - Started process (PID=1249) to work on /opt/airflow/dags/load_csv_to_mysql.py
[2025-05-27T13:56:16.687+0000] {processor.py:830} INFO - Processing file /opt/airflow/dags/load_csv_to_mysql.py for tasks to queue
[2025-05-27T13:56:16.689+0000] {logging_mixin.py:188} INFO - [2025-05-27T13:56:16.689+0000] {dagbag.py:538} INFO - Filling up the DagBag from /opt/airflow/dags/load_csv_to_mysql.py
[2025-05-27T13:56:16.946+0000] {processor.py:840} INFO - DAG(s) 'load_csv_to_mysql' retrieved from /opt/airflow/dags/load_csv_to_mysql.py
[2025-05-27T13:56:16.991+0000] {logging_mixin.py:188} INFO - [2025-05-27T13:56:16.991+0000] {dag.py:3036} INFO - Sync 1 DAGs
[2025-05-27T13:56:17.002+0000] {logging_mixin.py:188} INFO - [2025-05-27T13:56:17.002+0000] {dag.py:3823} INFO - Setting next_dagrun for load_csv_to_mysql to None, run_after=None
[2025-05-27T13:56:17.024+0000] {processor.py:183} INFO - Processing /opt/airflow/dags/load_csv_to_mysql.py took 0.350 seconds
[2025-05-27T13:56:47.749+0000] {processor.py:161} INFO - Started process (PID=1267) to work on /opt/airflow/dags/load_csv_to_mysql.py
[2025-05-27T13:56:47.750+0000] {processor.py:830} INFO - Processing file /opt/airflow/dags/load_csv_to_mysql.py for tasks to queue
[2025-05-27T13:56:47.752+0000] {logging_mixin.py:188} INFO - [2025-05-27T13:56:47.751+0000] {dagbag.py:538} INFO - Filling up the DagBag from /opt/airflow/dags/load_csv_to_mysql.py
[2025-05-27T13:56:48.165+0000] {processor.py:840} INFO - DAG(s) 'load_csv_to_mysql' retrieved from /opt/airflow/dags/load_csv_to_mysql.py
[2025-05-27T13:56:48.205+0000] {logging_mixin.py:188} INFO - [2025-05-27T13:56:48.205+0000] {dag.py:3036} INFO - Sync 1 DAGs
[2025-05-27T13:56:48.220+0000] {logging_mixin.py:188} INFO - [2025-05-27T13:56:48.219+0000] {dag.py:3823} INFO - Setting next_dagrun for load_csv_to_mysql to None, run_after=None
[2025-05-27T13:56:48.262+0000] {processor.py:183} INFO - Processing /opt/airflow/dags/load_csv_to_mysql.py took 0.517 seconds
[2025-05-27T13:57:18.739+0000] {processor.py:161} INFO - Started process (PID=1285) to work on /opt/airflow/dags/load_csv_to_mysql.py
[2025-05-27T13:57:18.742+0000] {processor.py:830} INFO - Processing file /opt/airflow/dags/load_csv_to_mysql.py for tasks to queue
[2025-05-27T13:57:18.745+0000] {logging_mixin.py:188} INFO - [2025-05-27T13:57:18.744+0000] {dagbag.py:538} INFO - Filling up the DagBag from /opt/airflow/dags/load_csv_to_mysql.py
[2025-05-27T13:57:19.011+0000] {processor.py:840} INFO - DAG(s) 'load_csv_to_mysql' retrieved from /opt/airflow/dags/load_csv_to_mysql.py
[2025-05-27T13:57:19.083+0000] {logging_mixin.py:188} INFO - [2025-05-27T13:57:19.082+0000] {dag.py:3036} INFO - Sync 1 DAGs
[2025-05-27T13:57:19.095+0000] {logging_mixin.py:188} INFO - [2025-05-27T13:57:19.094+0000] {dag.py:3823} INFO - Setting next_dagrun for load_csv_to_mysql to None, run_after=None
[2025-05-27T13:57:19.111+0000] {processor.py:183} INFO - Processing /opt/airflow/dags/load_csv_to_mysql.py took 0.395 seconds
[2025-05-27T13:57:50.163+0000] {processor.py:161} INFO - Started process (PID=1301) to work on /opt/airflow/dags/load_csv_to_mysql.py
[2025-05-27T13:57:50.168+0000] {processor.py:830} INFO - Processing file /opt/airflow/dags/load_csv_to_mysql.py for tasks to queue
[2025-05-27T13:57:50.172+0000] {logging_mixin.py:188} INFO - [2025-05-27T13:57:50.171+0000] {dagbag.py:538} INFO - Filling up the DagBag from /opt/airflow/dags/load_csv_to_mysql.py
[2025-05-27T13:57:50.543+0000] {processor.py:840} INFO - DAG(s) 'load_csv_to_mysql' retrieved from /opt/airflow/dags/load_csv_to_mysql.py
[2025-05-27T13:57:50.658+0000] {logging_mixin.py:188} INFO - [2025-05-27T13:57:50.658+0000] {dag.py:3036} INFO - Sync 1 DAGs
[2025-05-27T13:57:50.684+0000] {logging_mixin.py:188} INFO - [2025-05-27T13:57:50.684+0000] {dag.py:3823} INFO - Setting next_dagrun for load_csv_to_mysql to None, run_after=None
[2025-05-27T13:57:50.724+0000] {processor.py:183} INFO - Processing /opt/airflow/dags/load_csv_to_mysql.py took 0.575 seconds
[2025-05-27T13:58:21.296+0000] {processor.py:161} INFO - Started process (PID=1321) to work on /opt/airflow/dags/load_csv_to_mysql.py
[2025-05-27T13:58:21.299+0000] {processor.py:830} INFO - Processing file /opt/airflow/dags/load_csv_to_mysql.py for tasks to queue
[2025-05-27T13:58:21.301+0000] {logging_mixin.py:188} INFO - [2025-05-27T13:58:21.301+0000] {dagbag.py:538} INFO - Filling up the DagBag from /opt/airflow/dags/load_csv_to_mysql.py
[2025-05-27T13:58:21.502+0000] {processor.py:840} INFO - DAG(s) 'load_csv_to_mysql' retrieved from /opt/airflow/dags/load_csv_to_mysql.py
[2025-05-27T13:58:21.533+0000] {logging_mixin.py:188} INFO - [2025-05-27T13:58:21.533+0000] {dag.py:3036} INFO - Sync 1 DAGs
[2025-05-27T13:58:21.545+0000] {logging_mixin.py:188} INFO - [2025-05-27T13:58:21.545+0000] {dag.py:3823} INFO - Setting next_dagrun for load_csv_to_mysql to None, run_after=None
[2025-05-27T13:58:21.567+0000] {processor.py:183} INFO - Processing /opt/airflow/dags/load_csv_to_mysql.py took 0.280 seconds
[2025-05-27T13:58:51.897+0000] {processor.py:161} INFO - Started process (PID=1339) to work on /opt/airflow/dags/load_csv_to_mysql.py
[2025-05-27T13:58:51.899+0000] {processor.py:830} INFO - Processing file /opt/airflow/dags/load_csv_to_mysql.py for tasks to queue
[2025-05-27T13:58:51.903+0000] {logging_mixin.py:188} INFO - [2025-05-27T13:58:51.903+0000] {dagbag.py:538} INFO - Filling up the DagBag from /opt/airflow/dags/load_csv_to_mysql.py
[2025-05-27T13:58:52.148+0000] {processor.py:840} INFO - DAG(s) 'load_csv_to_mysql' retrieved from /opt/airflow/dags/load_csv_to_mysql.py
[2025-05-27T13:58:52.176+0000] {logging_mixin.py:188} INFO - [2025-05-27T13:58:52.175+0000] {dag.py:3036} INFO - Sync 1 DAGs
[2025-05-27T13:58:52.186+0000] {logging_mixin.py:188} INFO - [2025-05-27T13:58:52.186+0000] {dag.py:3823} INFO - Setting next_dagrun for load_csv_to_mysql to None, run_after=None
[2025-05-27T13:58:52.227+0000] {processor.py:183} INFO - Processing /opt/airflow/dags/load_csv_to_mysql.py took 0.336 seconds
[2025-05-27T13:59:22.840+0000] {processor.py:161} INFO - Started process (PID=1357) to work on /opt/airflow/dags/load_csv_to_mysql.py
[2025-05-27T13:59:22.842+0000] {processor.py:830} INFO - Processing file /opt/airflow/dags/load_csv_to_mysql.py for tasks to queue
[2025-05-27T13:59:22.843+0000] {logging_mixin.py:188} INFO - [2025-05-27T13:59:22.843+0000] {dagbag.py:538} INFO - Filling up the DagBag from /opt/airflow/dags/load_csv_to_mysql.py
[2025-05-27T13:59:23.151+0000] {processor.py:840} INFO - DAG(s) 'load_csv_to_mysql' retrieved from /opt/airflow/dags/load_csv_to_mysql.py
[2025-05-27T13:59:23.243+0000] {logging_mixin.py:188} INFO - [2025-05-27T13:59:23.243+0000] {dag.py:3036} INFO - Sync 1 DAGs
[2025-05-27T13:59:23.272+0000] {logging_mixin.py:188} INFO - [2025-05-27T13:59:23.271+0000] {dag.py:3823} INFO - Setting next_dagrun for load_csv_to_mysql to None, run_after=None
[2025-05-27T13:59:23.332+0000] {processor.py:183} INFO - Processing /opt/airflow/dags/load_csv_to_mysql.py took 0.496 seconds
[2025-05-27T13:59:54.234+0000] {processor.py:161} INFO - Started process (PID=1375) to work on /opt/airflow/dags/load_csv_to_mysql.py
[2025-05-27T13:59:54.237+0000] {processor.py:830} INFO - Processing file /opt/airflow/dags/load_csv_to_mysql.py for tasks to queue
[2025-05-27T13:59:54.240+0000] {logging_mixin.py:188} INFO - [2025-05-27T13:59:54.240+0000] {dagbag.py:538} INFO - Filling up the DagBag from /opt/airflow/dags/load_csv_to_mysql.py
[2025-05-27T13:59:54.496+0000] {processor.py:840} INFO - DAG(s) 'load_csv_to_mysql' retrieved from /opt/airflow/dags/load_csv_to_mysql.py
[2025-05-27T13:59:54.546+0000] {logging_mixin.py:188} INFO - [2025-05-27T13:59:54.545+0000] {dag.py:3036} INFO - Sync 1 DAGs
[2025-05-27T13:59:54.558+0000] {logging_mixin.py:188} INFO - [2025-05-27T13:59:54.557+0000] {dag.py:3823} INFO - Setting next_dagrun for load_csv_to_mysql to None, run_after=None
[2025-05-27T13:59:54.575+0000] {processor.py:183} INFO - Processing /opt/airflow/dags/load_csv_to_mysql.py took 0.351 seconds
[2025-05-27T14:00:25.416+0000] {processor.py:161} INFO - Started process (PID=1399) to work on /opt/airflow/dags/load_csv_to_mysql.py
[2025-05-27T14:00:25.430+0000] {processor.py:830} INFO - Processing file /opt/airflow/dags/load_csv_to_mysql.py for tasks to queue
[2025-05-27T14:00:25.434+0000] {logging_mixin.py:188} INFO - [2025-05-27T14:00:25.434+0000] {dagbag.py:538} INFO - Filling up the DagBag from /opt/airflow/dags/load_csv_to_mysql.py
[2025-05-27T14:00:25.941+0000] {processor.py:840} INFO - DAG(s) 'load_csv_to_mysql' retrieved from /opt/airflow/dags/load_csv_to_mysql.py
[2025-05-27T14:00:26.023+0000] {logging_mixin.py:188} INFO - [2025-05-27T14:00:26.022+0000] {dag.py:3036} INFO - Sync 1 DAGs
[2025-05-27T14:00:26.046+0000] {logging_mixin.py:188} INFO - [2025-05-27T14:00:26.045+0000] {dag.py:3823} INFO - Setting next_dagrun for load_csv_to_mysql to None, run_after=None
[2025-05-27T14:00:26.062+0000] {processor.py:183} INFO - Processing /opt/airflow/dags/load_csv_to_mysql.py took 0.695 seconds
[2025-05-27T14:00:56.743+0000] {processor.py:161} INFO - Started process (PID=1417) to work on /opt/airflow/dags/load_csv_to_mysql.py
[2025-05-27T14:00:56.758+0000] {processor.py:830} INFO - Processing file /opt/airflow/dags/load_csv_to_mysql.py for tasks to queue
[2025-05-27T14:00:56.763+0000] {logging_mixin.py:188} INFO - [2025-05-27T14:00:56.763+0000] {dagbag.py:538} INFO - Filling up the DagBag from /opt/airflow/dags/load_csv_to_mysql.py
[2025-05-27T14:00:57.069+0000] {processor.py:840} INFO - DAG(s) 'load_csv_to_mysql' retrieved from /opt/airflow/dags/load_csv_to_mysql.py
[2025-05-27T14:00:57.133+0000] {logging_mixin.py:188} INFO - [2025-05-27T14:00:57.132+0000] {dag.py:3036} INFO - Sync 1 DAGs
[2025-05-27T14:00:57.144+0000] {logging_mixin.py:188} INFO - [2025-05-27T14:00:57.144+0000] {dag.py:3823} INFO - Setting next_dagrun for load_csv_to_mysql to None, run_after=None
[2025-05-27T14:00:57.166+0000] {processor.py:183} INFO - Processing /opt/airflow/dags/load_csv_to_mysql.py took 0.438 seconds
[2025-05-27T14:01:28.325+0000] {processor.py:161} INFO - Started process (PID=1435) to work on /opt/airflow/dags/load_csv_to_mysql.py
[2025-05-27T14:01:28.369+0000] {processor.py:830} INFO - Processing file /opt/airflow/dags/load_csv_to_mysql.py for tasks to queue
[2025-05-27T14:01:28.408+0000] {logging_mixin.py:188} INFO - [2025-05-27T14:01:28.394+0000] {dagbag.py:538} INFO - Filling up the DagBag from /opt/airflow/dags/load_csv_to_mysql.py
[2025-05-27T14:01:28.837+0000] {processor.py:840} INFO - DAG(s) 'load_csv_to_mysql' retrieved from /opt/airflow/dags/load_csv_to_mysql.py
[2025-05-27T14:01:28.896+0000] {logging_mixin.py:188} INFO - [2025-05-27T14:01:28.895+0000] {dag.py:3036} INFO - Sync 1 DAGs
[2025-05-27T14:01:28.926+0000] {logging_mixin.py:188} INFO - [2025-05-27T14:01:28.925+0000] {dag.py:3823} INFO - Setting next_dagrun for load_csv_to_mysql to None, run_after=None
[2025-05-27T14:01:28.948+0000] {processor.py:183} INFO - Processing /opt/airflow/dags/load_csv_to_mysql.py took 0.632 seconds
[2025-05-27T14:01:59.761+0000] {processor.py:161} INFO - Started process (PID=1453) to work on /opt/airflow/dags/load_csv_to_mysql.py
[2025-05-27T14:01:59.766+0000] {processor.py:830} INFO - Processing file /opt/airflow/dags/load_csv_to_mysql.py for tasks to queue
[2025-05-27T14:01:59.771+0000] {logging_mixin.py:188} INFO - [2025-05-27T14:01:59.771+0000] {dagbag.py:538} INFO - Filling up the DagBag from /opt/airflow/dags/load_csv_to_mysql.py
[2025-05-27T14:02:00.073+0000] {processor.py:840} INFO - DAG(s) 'load_csv_to_mysql' retrieved from /opt/airflow/dags/load_csv_to_mysql.py
[2025-05-27T14:02:00.124+0000] {logging_mixin.py:188} INFO - [2025-05-27T14:02:00.124+0000] {dag.py:3036} INFO - Sync 1 DAGs
[2025-05-27T14:02:00.162+0000] {logging_mixin.py:188} INFO - [2025-05-27T14:02:00.161+0000] {dag.py:3823} INFO - Setting next_dagrun for load_csv_to_mysql to None, run_after=None
[2025-05-27T14:02:00.201+0000] {processor.py:183} INFO - Processing /opt/airflow/dags/load_csv_to_mysql.py took 0.456 seconds
[2025-05-27T14:02:30.489+0000] {processor.py:161} INFO - Started process (PID=1471) to work on /opt/airflow/dags/load_csv_to_mysql.py
[2025-05-27T14:02:30.495+0000] {processor.py:830} INFO - Processing file /opt/airflow/dags/load_csv_to_mysql.py for tasks to queue
[2025-05-27T14:02:30.497+0000] {logging_mixin.py:188} INFO - [2025-05-27T14:02:30.496+0000] {dagbag.py:538} INFO - Filling up the DagBag from /opt/airflow/dags/load_csv_to_mysql.py
[2025-05-27T14:02:30.759+0000] {processor.py:840} INFO - DAG(s) 'load_csv_to_mysql' retrieved from /opt/airflow/dags/load_csv_to_mysql.py
[2025-05-27T14:02:30.798+0000] {logging_mixin.py:188} INFO - [2025-05-27T14:02:30.798+0000] {dag.py:3036} INFO - Sync 1 DAGs
[2025-05-27T14:02:30.813+0000] {logging_mixin.py:188} INFO - [2025-05-27T14:02:30.813+0000] {dag.py:3823} INFO - Setting next_dagrun for load_csv_to_mysql to None, run_after=None
[2025-05-27T14:02:30.834+0000] {processor.py:183} INFO - Processing /opt/airflow/dags/load_csv_to_mysql.py took 0.349 seconds
[2025-05-27T14:03:01.025+0000] {processor.py:161} INFO - Started process (PID=1486) to work on /opt/airflow/dags/load_csv_to_mysql.py
[2025-05-27T14:03:01.029+0000] {processor.py:830} INFO - Processing file /opt/airflow/dags/load_csv_to_mysql.py for tasks to queue
[2025-05-27T14:03:01.030+0000] {logging_mixin.py:188} INFO - [2025-05-27T14:03:01.030+0000] {dagbag.py:538} INFO - Filling up the DagBag from /opt/airflow/dags/load_csv_to_mysql.py
[2025-05-27T14:03:01.375+0000] {processor.py:840} INFO - DAG(s) 'load_csv_to_mysql' retrieved from /opt/airflow/dags/load_csv_to_mysql.py
[2025-05-27T14:03:01.454+0000] {logging_mixin.py:188} INFO - [2025-05-27T14:03:01.453+0000] {dag.py:3036} INFO - Sync 1 DAGs
[2025-05-27T14:03:01.468+0000] {logging_mixin.py:188} INFO - [2025-05-27T14:03:01.468+0000] {dag.py:3823} INFO - Setting next_dagrun for load_csv_to_mysql to None, run_after=None
[2025-05-27T14:03:01.484+0000] {processor.py:183} INFO - Processing /opt/airflow/dags/load_csv_to_mysql.py took 0.469 seconds
[2025-05-27T14:03:32.197+0000] {processor.py:161} INFO - Started process (PID=1507) to work on /opt/airflow/dags/load_csv_to_mysql.py
[2025-05-27T14:03:32.200+0000] {processor.py:830} INFO - Processing file /opt/airflow/dags/load_csv_to_mysql.py for tasks to queue
[2025-05-27T14:03:32.201+0000] {logging_mixin.py:188} INFO - [2025-05-27T14:03:32.200+0000] {dagbag.py:538} INFO - Filling up the DagBag from /opt/airflow/dags/load_csv_to_mysql.py
[2025-05-27T14:03:32.477+0000] {processor.py:840} INFO - DAG(s) 'load_csv_to_mysql' retrieved from /opt/airflow/dags/load_csv_to_mysql.py
[2025-05-27T14:03:32.502+0000] {logging_mixin.py:188} INFO - [2025-05-27T14:03:32.502+0000] {dag.py:3036} INFO - Sync 1 DAGs
[2025-05-27T14:03:32.513+0000] {logging_mixin.py:188} INFO - [2025-05-27T14:03:32.513+0000] {dag.py:3823} INFO - Setting next_dagrun for load_csv_to_mysql to None, run_after=None
[2025-05-27T14:03:32.533+0000] {processor.py:183} INFO - Processing /opt/airflow/dags/load_csv_to_mysql.py took 0.350 seconds
[2025-05-27T14:04:03.056+0000] {processor.py:161} INFO - Started process (PID=1524) to work on /opt/airflow/dags/load_csv_to_mysql.py
[2025-05-27T14:04:03.070+0000] {processor.py:830} INFO - Processing file /opt/airflow/dags/load_csv_to_mysql.py for tasks to queue
[2025-05-27T14:04:03.073+0000] {logging_mixin.py:188} INFO - [2025-05-27T14:04:03.072+0000] {dagbag.py:538} INFO - Filling up the DagBag from /opt/airflow/dags/load_csv_to_mysql.py
[2025-05-27T14:04:03.541+0000] {processor.py:840} INFO - DAG(s) 'load_csv_to_mysql' retrieved from /opt/airflow/dags/load_csv_to_mysql.py
[2025-05-27T14:04:03.664+0000] {logging_mixin.py:188} INFO - [2025-05-27T14:04:03.663+0000] {dag.py:3036} INFO - Sync 1 DAGs
[2025-05-27T14:04:03.693+0000] {logging_mixin.py:188} INFO - [2025-05-27T14:04:03.692+0000] {dag.py:3823} INFO - Setting next_dagrun for load_csv_to_mysql to None, run_after=None
[2025-05-27T14:04:03.755+0000] {processor.py:183} INFO - Processing /opt/airflow/dags/load_csv_to_mysql.py took 0.706 seconds
[2025-05-27T14:04:34.387+0000] {processor.py:161} INFO - Started process (PID=1543) to work on /opt/airflow/dags/load_csv_to_mysql.py
[2025-05-27T14:04:34.390+0000] {processor.py:830} INFO - Processing file /opt/airflow/dags/load_csv_to_mysql.py for tasks to queue
[2025-05-27T14:04:34.392+0000] {logging_mixin.py:188} INFO - [2025-05-27T14:04:34.391+0000] {dagbag.py:538} INFO - Filling up the DagBag from /opt/airflow/dags/load_csv_to_mysql.py
[2025-05-27T14:04:34.774+0000] {processor.py:840} INFO - DAG(s) 'load_csv_to_mysql' retrieved from /opt/airflow/dags/load_csv_to_mysql.py
[2025-05-27T14:04:34.819+0000] {logging_mixin.py:188} INFO - [2025-05-27T14:04:34.818+0000] {dag.py:3036} INFO - Sync 1 DAGs
[2025-05-27T14:04:34.838+0000] {logging_mixin.py:188} INFO - [2025-05-27T14:04:34.838+0000] {dag.py:3823} INFO - Setting next_dagrun for load_csv_to_mysql to None, run_after=None
[2025-05-27T14:04:34.860+0000] {processor.py:183} INFO - Processing /opt/airflow/dags/load_csv_to_mysql.py took 0.479 seconds
