[2025-05-27T13:22:15.613+0000] {processor.py:161} INFO - Started process (PID=215) to work on /opt/airflow/dags/mysql_to_postgres.py
[2025-05-27T13:22:15.615+0000] {processor.py:830} INFO - Processing file /opt/airflow/dags/mysql_to_postgres.py for tasks to queue
[2025-05-27T13:22:15.617+0000] {logging_mixin.py:188} INFO - [2025-05-27T13:22:15.616+0000] {dagbag.py:538} INFO - Filling up the DagBag from /opt/airflow/dags/mysql_to_postgres.py
[2025-05-27T13:22:16.718+0000] {processor.py:840} INFO - DAG(s) 'mysql_to_postgres' retrieved from /opt/airflow/dags/mysql_to_postgres.py
[2025-05-27T13:22:16.851+0000] {logging_mixin.py:188} INFO - [2025-05-27T13:22:16.849+0000] {dag.py:3036} INFO - Sync 1 DAGs
[2025-05-27T13:22:16.921+0000] {logging_mixin.py:188} INFO - [2025-05-27T13:22:16.920+0000] {dag.py:3823} INFO - Setting next_dagrun for mysql_to_postgres to 2025-05-27 13:00:00+00:00, run_after=2025-05-27 14:00:00+00:00
[2025-05-27T13:22:17.038+0000] {processor.py:183} INFO - Processing /opt/airflow/dags/mysql_to_postgres.py took 1.429 seconds
[2025-05-27T13:22:47.527+0000] {processor.py:161} INFO - Started process (PID=239) to work on /opt/airflow/dags/mysql_to_postgres.py
[2025-05-27T13:22:47.529+0000] {processor.py:830} INFO - Processing file /opt/airflow/dags/mysql_to_postgres.py for tasks to queue
[2025-05-27T13:22:47.530+0000] {logging_mixin.py:188} INFO - [2025-05-27T13:22:47.530+0000] {dagbag.py:538} INFO - Filling up the DagBag from /opt/airflow/dags/mysql_to_postgres.py
[2025-05-27T13:22:47.847+0000] {processor.py:840} INFO - DAG(s) 'mysql_to_postgres' retrieved from /opt/airflow/dags/mysql_to_postgres.py
[2025-05-27T13:22:47.996+0000] {logging_mixin.py:188} INFO - [2025-05-27T13:22:47.996+0000] {dag.py:3036} INFO - Sync 1 DAGs
[2025-05-27T13:22:48.311+0000] {logging_mixin.py:188} INFO - [2025-05-27T13:22:48.310+0000] {dag.py:3823} INFO - Setting next_dagrun for mysql_to_postgres to 2025-05-27 13:00:00+00:00, run_after=2025-05-27 14:00:00+00:00
[2025-05-27T13:22:48.324+0000] {processor.py:183} INFO - Processing /opt/airflow/dags/mysql_to_postgres.py took 0.802 seconds
[2025-05-27T13:23:18.540+0000] {processor.py:161} INFO - Started process (PID=257) to work on /opt/airflow/dags/mysql_to_postgres.py
[2025-05-27T13:23:18.556+0000] {processor.py:830} INFO - Processing file /opt/airflow/dags/mysql_to_postgres.py for tasks to queue
[2025-05-27T13:23:18.560+0000] {logging_mixin.py:188} INFO - [2025-05-27T13:23:18.558+0000] {dagbag.py:538} INFO - Filling up the DagBag from /opt/airflow/dags/mysql_to_postgres.py
[2025-05-27T13:23:18.863+0000] {processor.py:840} INFO - DAG(s) 'mysql_to_postgres' retrieved from /opt/airflow/dags/mysql_to_postgres.py
[2025-05-27T13:23:18.917+0000] {logging_mixin.py:188} INFO - [2025-05-27T13:23:18.916+0000] {dag.py:3036} INFO - Sync 1 DAGs
[2025-05-27T13:23:18.937+0000] {logging_mixin.py:188} INFO - [2025-05-27T13:23:18.937+0000] {dag.py:3823} INFO - Setting next_dagrun for mysql_to_postgres to 2025-05-27 13:00:00+00:00, run_after=2025-05-27 14:00:00+00:00
[2025-05-27T13:23:18.949+0000] {processor.py:183} INFO - Processing /opt/airflow/dags/mysql_to_postgres.py took 0.413 seconds
[2025-05-27T13:23:50.061+0000] {processor.py:161} INFO - Started process (PID=275) to work on /opt/airflow/dags/mysql_to_postgres.py
[2025-05-27T13:23:50.083+0000] {processor.py:830} INFO - Processing file /opt/airflow/dags/mysql_to_postgres.py for tasks to queue
[2025-05-27T13:23:50.098+0000] {logging_mixin.py:188} INFO - [2025-05-27T13:23:50.096+0000] {dagbag.py:538} INFO - Filling up the DagBag from /opt/airflow/dags/mysql_to_postgres.py
[2025-05-27T13:23:50.651+0000] {processor.py:840} INFO - DAG(s) 'mysql_to_postgres' retrieved from /opt/airflow/dags/mysql_to_postgres.py
[2025-05-27T13:23:50.734+0000] {logging_mixin.py:188} INFO - [2025-05-27T13:23:50.733+0000] {dag.py:3036} INFO - Sync 1 DAGs
[2025-05-27T13:23:50.753+0000] {logging_mixin.py:188} INFO - [2025-05-27T13:23:50.753+0000] {dag.py:3823} INFO - Setting next_dagrun for mysql_to_postgres to 2025-05-27 13:00:00+00:00, run_after=2025-05-27 14:00:00+00:00
[2025-05-27T13:23:50.766+0000] {processor.py:183} INFO - Processing /opt/airflow/dags/mysql_to_postgres.py took 0.775 seconds
[2025-05-27T13:24:21.213+0000] {processor.py:161} INFO - Started process (PID=297) to work on /opt/airflow/dags/mysql_to_postgres.py
[2025-05-27T13:24:21.215+0000] {processor.py:830} INFO - Processing file /opt/airflow/dags/mysql_to_postgres.py for tasks to queue
[2025-05-27T13:24:21.216+0000] {logging_mixin.py:188} INFO - [2025-05-27T13:24:21.216+0000] {dagbag.py:538} INFO - Filling up the DagBag from /opt/airflow/dags/mysql_to_postgres.py
[2025-05-27T13:24:21.460+0000] {processor.py:840} INFO - DAG(s) 'mysql_to_postgres' retrieved from /opt/airflow/dags/mysql_to_postgres.py
[2025-05-27T13:24:21.507+0000] {logging_mixin.py:188} INFO - [2025-05-27T13:24:21.505+0000] {dag.py:3036} INFO - Sync 1 DAGs
[2025-05-27T13:24:21.527+0000] {logging_mixin.py:188} INFO - [2025-05-27T13:24:21.527+0000] {dag.py:3823} INFO - Setting next_dagrun for mysql_to_postgres to 2025-05-27 13:00:00+00:00, run_after=2025-05-27 14:00:00+00:00
[2025-05-27T13:24:21.538+0000] {processor.py:183} INFO - Processing /opt/airflow/dags/mysql_to_postgres.py took 0.334 seconds
[2025-05-27T13:24:52.587+0000] {processor.py:161} INFO - Started process (PID=315) to work on /opt/airflow/dags/mysql_to_postgres.py
[2025-05-27T13:24:52.588+0000] {processor.py:830} INFO - Processing file /opt/airflow/dags/mysql_to_postgres.py for tasks to queue
[2025-05-27T13:24:52.589+0000] {logging_mixin.py:188} INFO - [2025-05-27T13:24:52.589+0000] {dagbag.py:538} INFO - Filling up the DagBag from /opt/airflow/dags/mysql_to_postgres.py
[2025-05-27T13:24:52.896+0000] {processor.py:840} INFO - DAG(s) 'mysql_to_postgres' retrieved from /opt/airflow/dags/mysql_to_postgres.py
[2025-05-27T13:24:52.956+0000] {logging_mixin.py:188} INFO - [2025-05-27T13:24:52.956+0000] {dag.py:3036} INFO - Sync 1 DAGs
[2025-05-27T13:24:52.982+0000] {logging_mixin.py:188} INFO - [2025-05-27T13:24:52.982+0000] {dag.py:3823} INFO - Setting next_dagrun for mysql_to_postgres to 2025-05-27 13:00:00+00:00, run_after=2025-05-27 14:00:00+00:00
[2025-05-27T13:24:53.015+0000] {processor.py:183} INFO - Processing /opt/airflow/dags/mysql_to_postgres.py took 0.435 seconds
[2025-05-27T13:25:23.501+0000] {processor.py:161} INFO - Started process (PID=333) to work on /opt/airflow/dags/mysql_to_postgres.py
[2025-05-27T13:25:23.502+0000] {processor.py:830} INFO - Processing file /opt/airflow/dags/mysql_to_postgres.py for tasks to queue
[2025-05-27T13:25:23.502+0000] {logging_mixin.py:188} INFO - [2025-05-27T13:25:23.502+0000] {dagbag.py:538} INFO - Filling up the DagBag from /opt/airflow/dags/mysql_to_postgres.py
[2025-05-27T13:25:23.638+0000] {processor.py:840} INFO - DAG(s) 'mysql_to_postgres' retrieved from /opt/airflow/dags/mysql_to_postgres.py
[2025-05-27T13:25:23.653+0000] {logging_mixin.py:188} INFO - [2025-05-27T13:25:23.653+0000] {dag.py:3036} INFO - Sync 1 DAGs
[2025-05-27T13:25:23.667+0000] {logging_mixin.py:188} INFO - [2025-05-27T13:25:23.666+0000] {dag.py:3823} INFO - Setting next_dagrun for mysql_to_postgres to 2025-05-27 13:00:00+00:00, run_after=2025-05-27 14:00:00+00:00
[2025-05-27T13:25:23.675+0000] {processor.py:183} INFO - Processing /opt/airflow/dags/mysql_to_postgres.py took 0.176 seconds
[2025-05-27T13:27:17.167+0000] {processor.py:161} INFO - Started process (PID=234) to work on /opt/airflow/dags/mysql_to_postgres.py
[2025-05-27T13:27:17.184+0000] {processor.py:830} INFO - Processing file /opt/airflow/dags/mysql_to_postgres.py for tasks to queue
[2025-05-27T13:27:17.188+0000] {logging_mixin.py:188} INFO - [2025-05-27T13:27:17.187+0000] {dagbag.py:538} INFO - Filling up the DagBag from /opt/airflow/dags/mysql_to_postgres.py
[2025-05-27T13:27:17.823+0000] {processor.py:840} INFO - DAG(s) 'mysql_to_postgres' retrieved from /opt/airflow/dags/mysql_to_postgres.py
[2025-05-27T13:27:17.896+0000] {logging_mixin.py:188} INFO - [2025-05-27T13:27:17.895+0000] {dag.py:3036} INFO - Sync 1 DAGs
[2025-05-27T13:27:18.029+0000] {logging_mixin.py:188} INFO - [2025-05-27T13:27:18.027+0000] {dag.py:3823} INFO - Setting next_dagrun for mysql_to_postgres to 2025-05-27 13:00:00+00:00, run_after=2025-05-27 14:00:00+00:00
[2025-05-27T13:27:18.132+0000] {processor.py:183} INFO - Processing /opt/airflow/dags/mysql_to_postgres.py took 0.972 seconds
[2025-05-27T13:27:48.772+0000] {processor.py:161} INFO - Started process (PID=258) to work on /opt/airflow/dags/mysql_to_postgres.py
[2025-05-27T13:27:48.773+0000] {processor.py:830} INFO - Processing file /opt/airflow/dags/mysql_to_postgres.py for tasks to queue
[2025-05-27T13:27:48.773+0000] {logging_mixin.py:188} INFO - [2025-05-27T13:27:48.773+0000] {dagbag.py:538} INFO - Filling up the DagBag from /opt/airflow/dags/mysql_to_postgres.py
[2025-05-27T13:27:48.967+0000] {processor.py:840} INFO - DAG(s) 'mysql_to_postgres' retrieved from /opt/airflow/dags/mysql_to_postgres.py
[2025-05-27T13:27:49.049+0000] {logging_mixin.py:188} INFO - [2025-05-27T13:27:49.048+0000] {dag.py:3036} INFO - Sync 1 DAGs
[2025-05-27T13:27:49.180+0000] {logging_mixin.py:188} INFO - [2025-05-27T13:27:49.180+0000] {dag.py:3823} INFO - Setting next_dagrun for mysql_to_postgres to 2025-05-27 13:00:00+00:00, run_after=2025-05-27 14:00:00+00:00
[2025-05-27T13:27:49.189+0000] {processor.py:183} INFO - Processing /opt/airflow/dags/mysql_to_postgres.py took 0.423 seconds
[2025-05-27T13:28:19.408+0000] {processor.py:161} INFO - Started process (PID=276) to work on /opt/airflow/dags/mysql_to_postgres.py
[2025-05-27T13:28:19.409+0000] {processor.py:830} INFO - Processing file /opt/airflow/dags/mysql_to_postgres.py for tasks to queue
[2025-05-27T13:28:19.409+0000] {logging_mixin.py:188} INFO - [2025-05-27T13:28:19.409+0000] {dagbag.py:538} INFO - Filling up the DagBag from /opt/airflow/dags/mysql_to_postgres.py
[2025-05-27T13:28:19.536+0000] {processor.py:840} INFO - DAG(s) 'mysql_to_postgres' retrieved from /opt/airflow/dags/mysql_to_postgres.py
[2025-05-27T13:28:19.552+0000] {logging_mixin.py:188} INFO - [2025-05-27T13:28:19.552+0000] {dag.py:3036} INFO - Sync 1 DAGs
[2025-05-27T13:28:19.562+0000] {logging_mixin.py:188} INFO - [2025-05-27T13:28:19.562+0000] {dag.py:3823} INFO - Setting next_dagrun for mysql_to_postgres to 2025-05-27 13:00:00+00:00, run_after=2025-05-27 14:00:00+00:00
[2025-05-27T13:28:19.570+0000] {processor.py:183} INFO - Processing /opt/airflow/dags/mysql_to_postgres.py took 0.163 seconds
[2025-05-27T13:28:50.130+0000] {processor.py:161} INFO - Started process (PID=294) to work on /opt/airflow/dags/mysql_to_postgres.py
[2025-05-27T13:28:50.131+0000] {processor.py:830} INFO - Processing file /opt/airflow/dags/mysql_to_postgres.py for tasks to queue
[2025-05-27T13:28:50.132+0000] {logging_mixin.py:188} INFO - [2025-05-27T13:28:50.131+0000] {dagbag.py:538} INFO - Filling up the DagBag from /opt/airflow/dags/mysql_to_postgres.py
[2025-05-27T13:28:50.261+0000] {processor.py:840} INFO - DAG(s) 'mysql_to_postgres' retrieved from /opt/airflow/dags/mysql_to_postgres.py
[2025-05-27T13:28:50.276+0000] {logging_mixin.py:188} INFO - [2025-05-27T13:28:50.276+0000] {dag.py:3036} INFO - Sync 1 DAGs
[2025-05-27T13:28:50.286+0000] {logging_mixin.py:188} INFO - [2025-05-27T13:28:50.286+0000] {dag.py:3823} INFO - Setting next_dagrun for mysql_to_postgres to 2025-05-27 13:00:00+00:00, run_after=2025-05-27 14:00:00+00:00
[2025-05-27T13:28:50.294+0000] {processor.py:183} INFO - Processing /opt/airflow/dags/mysql_to_postgres.py took 0.166 seconds
[2025-05-27T13:29:21.091+0000] {processor.py:161} INFO - Started process (PID=312) to work on /opt/airflow/dags/mysql_to_postgres.py
[2025-05-27T13:29:21.092+0000] {processor.py:830} INFO - Processing file /opt/airflow/dags/mysql_to_postgres.py for tasks to queue
[2025-05-27T13:29:21.092+0000] {logging_mixin.py:188} INFO - [2025-05-27T13:29:21.092+0000] {dagbag.py:538} INFO - Filling up the DagBag from /opt/airflow/dags/mysql_to_postgres.py
[2025-05-27T13:29:21.221+0000] {processor.py:840} INFO - DAG(s) 'mysql_to_postgres' retrieved from /opt/airflow/dags/mysql_to_postgres.py
[2025-05-27T13:29:21.242+0000] {logging_mixin.py:188} INFO - [2025-05-27T13:29:21.241+0000] {dag.py:3036} INFO - Sync 1 DAGs
[2025-05-27T13:29:21.255+0000] {logging_mixin.py:188} INFO - [2025-05-27T13:29:21.255+0000] {dag.py:3823} INFO - Setting next_dagrun for mysql_to_postgres to 2025-05-27 13:00:00+00:00, run_after=2025-05-27 14:00:00+00:00
[2025-05-27T13:29:21.266+0000] {processor.py:183} INFO - Processing /opt/airflow/dags/mysql_to_postgres.py took 0.178 seconds
[2025-05-27T13:29:52.055+0000] {processor.py:161} INFO - Started process (PID=330) to work on /opt/airflow/dags/mysql_to_postgres.py
[2025-05-27T13:29:52.056+0000] {processor.py:830} INFO - Processing file /opt/airflow/dags/mysql_to_postgres.py for tasks to queue
[2025-05-27T13:29:52.057+0000] {logging_mixin.py:188} INFO - [2025-05-27T13:29:52.056+0000] {dagbag.py:538} INFO - Filling up the DagBag from /opt/airflow/dags/mysql_to_postgres.py
[2025-05-27T13:29:52.218+0000] {processor.py:840} INFO - DAG(s) 'mysql_to_postgres' retrieved from /opt/airflow/dags/mysql_to_postgres.py
[2025-05-27T13:29:52.235+0000] {logging_mixin.py:188} INFO - [2025-05-27T13:29:52.234+0000] {dag.py:3036} INFO - Sync 1 DAGs
[2025-05-27T13:29:52.246+0000] {logging_mixin.py:188} INFO - [2025-05-27T13:29:52.246+0000] {dag.py:3823} INFO - Setting next_dagrun for mysql_to_postgres to 2025-05-27 13:00:00+00:00, run_after=2025-05-27 14:00:00+00:00
[2025-05-27T13:29:52.258+0000] {processor.py:183} INFO - Processing /opt/airflow/dags/mysql_to_postgres.py took 0.207 seconds
[2025-05-27T13:30:22.879+0000] {processor.py:161} INFO - Started process (PID=346) to work on /opt/airflow/dags/mysql_to_postgres.py
[2025-05-27T13:30:22.880+0000] {processor.py:830} INFO - Processing file /opt/airflow/dags/mysql_to_postgres.py for tasks to queue
[2025-05-27T13:30:22.881+0000] {logging_mixin.py:188} INFO - [2025-05-27T13:30:22.881+0000] {dagbag.py:538} INFO - Filling up the DagBag from /opt/airflow/dags/mysql_to_postgres.py
[2025-05-27T13:30:23.021+0000] {processor.py:840} INFO - DAG(s) 'mysql_to_postgres' retrieved from /opt/airflow/dags/mysql_to_postgres.py
[2025-05-27T13:30:23.036+0000] {logging_mixin.py:188} INFO - [2025-05-27T13:30:23.035+0000] {dag.py:3036} INFO - Sync 1 DAGs
[2025-05-27T13:30:23.047+0000] {logging_mixin.py:188} INFO - [2025-05-27T13:30:23.047+0000] {dag.py:3823} INFO - Setting next_dagrun for mysql_to_postgres to 2025-05-27 13:00:00+00:00, run_after=2025-05-27 14:00:00+00:00
[2025-05-27T13:30:23.056+0000] {processor.py:183} INFO - Processing /opt/airflow/dags/mysql_to_postgres.py took 0.178 seconds
[2025-05-27T13:30:53.636+0000] {processor.py:161} INFO - Started process (PID=366) to work on /opt/airflow/dags/mysql_to_postgres.py
[2025-05-27T13:30:53.637+0000] {processor.py:830} INFO - Processing file /opt/airflow/dags/mysql_to_postgres.py for tasks to queue
[2025-05-27T13:30:53.638+0000] {logging_mixin.py:188} INFO - [2025-05-27T13:30:53.637+0000] {dagbag.py:538} INFO - Filling up the DagBag from /opt/airflow/dags/mysql_to_postgres.py
[2025-05-27T13:30:53.761+0000] {processor.py:840} INFO - DAG(s) 'mysql_to_postgres' retrieved from /opt/airflow/dags/mysql_to_postgres.py
[2025-05-27T13:30:53.776+0000] {logging_mixin.py:188} INFO - [2025-05-27T13:30:53.776+0000] {dag.py:3036} INFO - Sync 1 DAGs
[2025-05-27T13:30:53.788+0000] {logging_mixin.py:188} INFO - [2025-05-27T13:30:53.788+0000] {dag.py:3823} INFO - Setting next_dagrun for mysql_to_postgres to 2025-05-27 13:00:00+00:00, run_after=2025-05-27 14:00:00+00:00
[2025-05-27T13:30:53.795+0000] {processor.py:183} INFO - Processing /opt/airflow/dags/mysql_to_postgres.py took 0.162 seconds
[2025-05-27T13:31:24.443+0000] {processor.py:161} INFO - Started process (PID=383) to work on /opt/airflow/dags/mysql_to_postgres.py
[2025-05-27T13:31:24.444+0000] {processor.py:830} INFO - Processing file /opt/airflow/dags/mysql_to_postgres.py for tasks to queue
[2025-05-27T13:31:24.444+0000] {logging_mixin.py:188} INFO - [2025-05-27T13:31:24.444+0000] {dagbag.py:538} INFO - Filling up the DagBag from /opt/airflow/dags/mysql_to_postgres.py
[2025-05-27T13:31:24.568+0000] {processor.py:840} INFO - DAG(s) 'mysql_to_postgres' retrieved from /opt/airflow/dags/mysql_to_postgres.py
[2025-05-27T13:31:24.583+0000] {logging_mixin.py:188} INFO - [2025-05-27T13:31:24.582+0000] {dag.py:3036} INFO - Sync 1 DAGs
[2025-05-27T13:31:24.593+0000] {logging_mixin.py:188} INFO - [2025-05-27T13:31:24.593+0000] {dag.py:3823} INFO - Setting next_dagrun for mysql_to_postgres to 2025-05-27 13:00:00+00:00, run_after=2025-05-27 14:00:00+00:00
[2025-05-27T13:31:24.600+0000] {processor.py:183} INFO - Processing /opt/airflow/dags/mysql_to_postgres.py took 0.159 seconds
[2025-05-27T13:31:55.314+0000] {processor.py:161} INFO - Started process (PID=402) to work on /opt/airflow/dags/mysql_to_postgres.py
[2025-05-27T13:31:55.315+0000] {processor.py:830} INFO - Processing file /opt/airflow/dags/mysql_to_postgres.py for tasks to queue
[2025-05-27T13:31:55.315+0000] {logging_mixin.py:188} INFO - [2025-05-27T13:31:55.315+0000] {dagbag.py:538} INFO - Filling up the DagBag from /opt/airflow/dags/mysql_to_postgres.py
[2025-05-27T13:31:55.434+0000] {processor.py:840} INFO - DAG(s) 'mysql_to_postgres' retrieved from /opt/airflow/dags/mysql_to_postgres.py
[2025-05-27T13:31:55.449+0000] {logging_mixin.py:188} INFO - [2025-05-27T13:31:55.448+0000] {dag.py:3036} INFO - Sync 1 DAGs
[2025-05-27T13:31:55.459+0000] {logging_mixin.py:188} INFO - [2025-05-27T13:31:55.459+0000] {dag.py:3823} INFO - Setting next_dagrun for mysql_to_postgres to 2025-05-27 13:00:00+00:00, run_after=2025-05-27 14:00:00+00:00
[2025-05-27T13:31:55.467+0000] {processor.py:183} INFO - Processing /opt/airflow/dags/mysql_to_postgres.py took 0.155 seconds
[2025-05-27T13:32:26.262+0000] {processor.py:161} INFO - Started process (PID=420) to work on /opt/airflow/dags/mysql_to_postgres.py
[2025-05-27T13:32:26.263+0000] {processor.py:830} INFO - Processing file /opt/airflow/dags/mysql_to_postgres.py for tasks to queue
[2025-05-27T13:32:26.264+0000] {logging_mixin.py:188} INFO - [2025-05-27T13:32:26.264+0000] {dagbag.py:538} INFO - Filling up the DagBag from /opt/airflow/dags/mysql_to_postgres.py
[2025-05-27T13:32:26.780+0000] {processor.py:840} INFO - DAG(s) 'mysql_to_postgres' retrieved from /opt/airflow/dags/mysql_to_postgres.py
[2025-05-27T13:32:26.832+0000] {logging_mixin.py:188} INFO - [2025-05-27T13:32:26.832+0000] {dag.py:3036} INFO - Sync 1 DAGs
[2025-05-27T13:32:26.865+0000] {logging_mixin.py:188} INFO - [2025-05-27T13:32:26.864+0000] {dag.py:3823} INFO - Setting next_dagrun for mysql_to_postgres to 2025-05-27 13:00:00+00:00, run_after=2025-05-27 14:00:00+00:00
[2025-05-27T13:32:26.878+0000] {processor.py:183} INFO - Processing /opt/airflow/dags/mysql_to_postgres.py took 0.619 seconds
[2025-05-27T13:32:57.553+0000] {processor.py:161} INFO - Started process (PID=438) to work on /opt/airflow/dags/mysql_to_postgres.py
[2025-05-27T13:32:57.555+0000] {processor.py:830} INFO - Processing file /opt/airflow/dags/mysql_to_postgres.py for tasks to queue
[2025-05-27T13:32:57.558+0000] {logging_mixin.py:188} INFO - [2025-05-27T13:32:57.556+0000] {dagbag.py:538} INFO - Filling up the DagBag from /opt/airflow/dags/mysql_to_postgres.py
[2025-05-27T13:32:57.806+0000] {processor.py:840} INFO - DAG(s) 'mysql_to_postgres' retrieved from /opt/airflow/dags/mysql_to_postgres.py
[2025-05-27T13:32:57.879+0000] {logging_mixin.py:188} INFO - [2025-05-27T13:32:57.878+0000] {dag.py:3036} INFO - Sync 1 DAGs
[2025-05-27T13:32:57.904+0000] {logging_mixin.py:188} INFO - [2025-05-27T13:32:57.904+0000] {dag.py:3823} INFO - Setting next_dagrun for mysql_to_postgres to 2025-05-27 13:00:00+00:00, run_after=2025-05-27 14:00:00+00:00
[2025-05-27T13:32:57.923+0000] {processor.py:183} INFO - Processing /opt/airflow/dags/mysql_to_postgres.py took 0.374 seconds
[2025-05-27T13:33:28.824+0000] {processor.py:161} INFO - Started process (PID=456) to work on /opt/airflow/dags/mysql_to_postgres.py
[2025-05-27T13:33:28.825+0000] {processor.py:830} INFO - Processing file /opt/airflow/dags/mysql_to_postgres.py for tasks to queue
[2025-05-27T13:33:28.825+0000] {logging_mixin.py:188} INFO - [2025-05-27T13:33:28.825+0000] {dagbag.py:538} INFO - Filling up the DagBag from /opt/airflow/dags/mysql_to_postgres.py
[2025-05-27T13:33:28.953+0000] {processor.py:840} INFO - DAG(s) 'mysql_to_postgres' retrieved from /opt/airflow/dags/mysql_to_postgres.py
[2025-05-27T13:33:28.969+0000] {logging_mixin.py:188} INFO - [2025-05-27T13:33:28.969+0000] {dag.py:3036} INFO - Sync 1 DAGs
[2025-05-27T13:33:28.982+0000] {logging_mixin.py:188} INFO - [2025-05-27T13:33:28.982+0000] {dag.py:3823} INFO - Setting next_dagrun for mysql_to_postgres to 2025-05-27 13:00:00+00:00, run_after=2025-05-27 14:00:00+00:00
[2025-05-27T13:33:28.990+0000] {processor.py:183} INFO - Processing /opt/airflow/dags/mysql_to_postgres.py took 0.169 seconds
[2025-05-27T13:33:59.566+0000] {processor.py:161} INFO - Started process (PID=474) to work on /opt/airflow/dags/mysql_to_postgres.py
[2025-05-27T13:33:59.567+0000] {processor.py:830} INFO - Processing file /opt/airflow/dags/mysql_to_postgres.py for tasks to queue
[2025-05-27T13:33:59.567+0000] {logging_mixin.py:188} INFO - [2025-05-27T13:33:59.567+0000] {dagbag.py:538} INFO - Filling up the DagBag from /opt/airflow/dags/mysql_to_postgres.py
[2025-05-27T13:33:59.684+0000] {processor.py:840} INFO - DAG(s) 'mysql_to_postgres' retrieved from /opt/airflow/dags/mysql_to_postgres.py
[2025-05-27T13:33:59.698+0000] {logging_mixin.py:188} INFO - [2025-05-27T13:33:59.698+0000] {dag.py:3036} INFO - Sync 1 DAGs
[2025-05-27T13:33:59.709+0000] {logging_mixin.py:188} INFO - [2025-05-27T13:33:59.709+0000] {dag.py:3823} INFO - Setting next_dagrun for mysql_to_postgres to 2025-05-27 13:00:00+00:00, run_after=2025-05-27 14:00:00+00:00
[2025-05-27T13:33:59.717+0000] {processor.py:183} INFO - Processing /opt/airflow/dags/mysql_to_postgres.py took 0.153 seconds
[2025-05-27T13:34:30.806+0000] {processor.py:161} INFO - Started process (PID=492) to work on /opt/airflow/dags/mysql_to_postgres.py
[2025-05-27T13:34:30.807+0000] {processor.py:830} INFO - Processing file /opt/airflow/dags/mysql_to_postgres.py for tasks to queue
[2025-05-27T13:34:30.808+0000] {logging_mixin.py:188} INFO - [2025-05-27T13:34:30.808+0000] {dagbag.py:538} INFO - Filling up the DagBag from /opt/airflow/dags/mysql_to_postgres.py
[2025-05-27T13:34:31.002+0000] {processor.py:840} INFO - DAG(s) 'mysql_to_postgres' retrieved from /opt/airflow/dags/mysql_to_postgres.py
[2025-05-27T13:34:31.034+0000] {logging_mixin.py:188} INFO - [2025-05-27T13:34:31.033+0000] {dag.py:3036} INFO - Sync 1 DAGs
[2025-05-27T13:34:31.053+0000] {logging_mixin.py:188} INFO - [2025-05-27T13:34:31.053+0000] {dag.py:3823} INFO - Setting next_dagrun for mysql_to_postgres to 2025-05-27 13:00:00+00:00, run_after=2025-05-27 14:00:00+00:00
[2025-05-27T13:34:31.067+0000] {processor.py:183} INFO - Processing /opt/airflow/dags/mysql_to_postgres.py took 0.264 seconds
[2025-05-27T13:35:01.584+0000] {processor.py:161} INFO - Started process (PID=510) to work on /opt/airflow/dags/mysql_to_postgres.py
[2025-05-27T13:35:01.586+0000] {processor.py:830} INFO - Processing file /opt/airflow/dags/mysql_to_postgres.py for tasks to queue
[2025-05-27T13:35:01.586+0000] {logging_mixin.py:188} INFO - [2025-05-27T13:35:01.586+0000] {dagbag.py:538} INFO - Filling up the DagBag from /opt/airflow/dags/mysql_to_postgres.py
[2025-05-27T13:35:01.733+0000] {processor.py:840} INFO - DAG(s) 'mysql_to_postgres' retrieved from /opt/airflow/dags/mysql_to_postgres.py
[2025-05-27T13:35:01.748+0000] {logging_mixin.py:188} INFO - [2025-05-27T13:35:01.748+0000] {dag.py:3036} INFO - Sync 1 DAGs
[2025-05-27T13:35:01.760+0000] {logging_mixin.py:188} INFO - [2025-05-27T13:35:01.760+0000] {dag.py:3823} INFO - Setting next_dagrun for mysql_to_postgres to 2025-05-27 13:00:00+00:00, run_after=2025-05-27 14:00:00+00:00
[2025-05-27T13:35:01.769+0000] {processor.py:183} INFO - Processing /opt/airflow/dags/mysql_to_postgres.py took 0.188 seconds
[2025-05-27T13:35:34.091+0000] {processor.py:161} INFO - Started process (PID=528) to work on /opt/airflow/dags/mysql_to_postgres.py
[2025-05-27T13:35:34.092+0000] {processor.py:830} INFO - Processing file /opt/airflow/dags/mysql_to_postgres.py for tasks to queue
[2025-05-27T13:35:34.093+0000] {logging_mixin.py:188} INFO - [2025-05-27T13:35:34.093+0000] {dagbag.py:538} INFO - Filling up the DagBag from /opt/airflow/dags/mysql_to_postgres.py
[2025-05-27T13:35:34.319+0000] {processor.py:840} INFO - DAG(s) 'mysql_to_postgres' retrieved from /opt/airflow/dags/mysql_to_postgres.py
[2025-05-27T13:35:34.339+0000] {logging_mixin.py:188} INFO - [2025-05-27T13:35:34.338+0000] {dag.py:3036} INFO - Sync 1 DAGs
[2025-05-27T13:35:34.352+0000] {logging_mixin.py:188} INFO - [2025-05-27T13:35:34.351+0000] {dag.py:3823} INFO - Setting next_dagrun for mysql_to_postgres to 2025-05-27 13:00:00+00:00, run_after=2025-05-27 14:00:00+00:00
[2025-05-27T13:35:34.362+0000] {processor.py:183} INFO - Processing /opt/airflow/dags/mysql_to_postgres.py took 0.275 seconds
[2025-05-27T13:36:04.992+0000] {processor.py:161} INFO - Started process (PID=546) to work on /opt/airflow/dags/mysql_to_postgres.py
[2025-05-27T13:36:04.993+0000] {processor.py:830} INFO - Processing file /opt/airflow/dags/mysql_to_postgres.py for tasks to queue
[2025-05-27T13:36:04.993+0000] {logging_mixin.py:188} INFO - [2025-05-27T13:36:04.993+0000] {dagbag.py:538} INFO - Filling up the DagBag from /opt/airflow/dags/mysql_to_postgres.py
[2025-05-27T13:36:05.121+0000] {processor.py:840} INFO - DAG(s) 'mysql_to_postgres' retrieved from /opt/airflow/dags/mysql_to_postgres.py
[2025-05-27T13:36:05.136+0000] {logging_mixin.py:188} INFO - [2025-05-27T13:36:05.135+0000] {dag.py:3036} INFO - Sync 1 DAGs
[2025-05-27T13:36:05.147+0000] {logging_mixin.py:188} INFO - [2025-05-27T13:36:05.147+0000] {dag.py:3823} INFO - Setting next_dagrun for mysql_to_postgres to 2025-05-27 13:00:00+00:00, run_after=2025-05-27 14:00:00+00:00
[2025-05-27T13:36:05.156+0000] {processor.py:183} INFO - Processing /opt/airflow/dags/mysql_to_postgres.py took 0.166 seconds
[2025-05-27T13:36:35.668+0000] {processor.py:161} INFO - Started process (PID=564) to work on /opt/airflow/dags/mysql_to_postgres.py
[2025-05-27T13:36:35.669+0000] {processor.py:830} INFO - Processing file /opt/airflow/dags/mysql_to_postgres.py for tasks to queue
[2025-05-27T13:36:35.669+0000] {logging_mixin.py:188} INFO - [2025-05-27T13:36:35.669+0000] {dagbag.py:538} INFO - Filling up the DagBag from /opt/airflow/dags/mysql_to_postgres.py
[2025-05-27T13:36:35.803+0000] {processor.py:840} INFO - DAG(s) 'mysql_to_postgres' retrieved from /opt/airflow/dags/mysql_to_postgres.py
[2025-05-27T13:36:35.820+0000] {logging_mixin.py:188} INFO - [2025-05-27T13:36:35.820+0000] {dag.py:3036} INFO - Sync 1 DAGs
[2025-05-27T13:36:35.832+0000] {logging_mixin.py:188} INFO - [2025-05-27T13:36:35.832+0000] {dag.py:3823} INFO - Setting next_dagrun for mysql_to_postgres to 2025-05-27 13:00:00+00:00, run_after=2025-05-27 14:00:00+00:00
[2025-05-27T13:36:35.850+0000] {processor.py:183} INFO - Processing /opt/airflow/dags/mysql_to_postgres.py took 0.185 seconds
[2025-05-27T13:37:06.398+0000] {processor.py:161} INFO - Started process (PID=582) to work on /opt/airflow/dags/mysql_to_postgres.py
[2025-05-27T13:37:06.398+0000] {processor.py:830} INFO - Processing file /opt/airflow/dags/mysql_to_postgres.py for tasks to queue
[2025-05-27T13:37:06.399+0000] {logging_mixin.py:188} INFO - [2025-05-27T13:37:06.399+0000] {dagbag.py:538} INFO - Filling up the DagBag from /opt/airflow/dags/mysql_to_postgres.py
[2025-05-27T13:37:06.530+0000] {processor.py:840} INFO - DAG(s) 'mysql_to_postgres' retrieved from /opt/airflow/dags/mysql_to_postgres.py
[2025-05-27T13:37:06.548+0000] {logging_mixin.py:188} INFO - [2025-05-27T13:37:06.547+0000] {dag.py:3036} INFO - Sync 1 DAGs
[2025-05-27T13:37:06.562+0000] {logging_mixin.py:188} INFO - [2025-05-27T13:37:06.561+0000] {dag.py:3823} INFO - Setting next_dagrun for mysql_to_postgres to 2025-05-27 13:00:00+00:00, run_after=2025-05-27 14:00:00+00:00
[2025-05-27T13:37:06.570+0000] {processor.py:183} INFO - Processing /opt/airflow/dags/mysql_to_postgres.py took 0.174 seconds
[2025-05-27T13:37:37.090+0000] {processor.py:161} INFO - Started process (PID=600) to work on /opt/airflow/dags/mysql_to_postgres.py
[2025-05-27T13:37:37.091+0000] {processor.py:830} INFO - Processing file /opt/airflow/dags/mysql_to_postgres.py for tasks to queue
[2025-05-27T13:37:37.091+0000] {logging_mixin.py:188} INFO - [2025-05-27T13:37:37.091+0000] {dagbag.py:538} INFO - Filling up the DagBag from /opt/airflow/dags/mysql_to_postgres.py
[2025-05-27T13:37:37.221+0000] {processor.py:840} INFO - DAG(s) 'mysql_to_postgres' retrieved from /opt/airflow/dags/mysql_to_postgres.py
[2025-05-27T13:37:37.244+0000] {logging_mixin.py:188} INFO - [2025-05-27T13:37:37.244+0000] {dag.py:3036} INFO - Sync 1 DAGs
[2025-05-27T13:37:37.258+0000] {logging_mixin.py:188} INFO - [2025-05-27T13:37:37.258+0000] {dag.py:3823} INFO - Setting next_dagrun for mysql_to_postgres to 2025-05-27 13:00:00+00:00, run_after=2025-05-27 14:00:00+00:00
[2025-05-27T13:37:37.267+0000] {processor.py:183} INFO - Processing /opt/airflow/dags/mysql_to_postgres.py took 0.179 seconds
[2025-05-27T13:38:07.792+0000] {processor.py:161} INFO - Started process (PID=618) to work on /opt/airflow/dags/mysql_to_postgres.py
[2025-05-27T13:38:07.793+0000] {processor.py:830} INFO - Processing file /opt/airflow/dags/mysql_to_postgres.py for tasks to queue
[2025-05-27T13:38:07.794+0000] {logging_mixin.py:188} INFO - [2025-05-27T13:38:07.794+0000] {dagbag.py:538} INFO - Filling up the DagBag from /opt/airflow/dags/mysql_to_postgres.py
[2025-05-27T13:38:07.920+0000] {processor.py:840} INFO - DAG(s) 'mysql_to_postgres' retrieved from /opt/airflow/dags/mysql_to_postgres.py
[2025-05-27T13:38:07.934+0000] {logging_mixin.py:188} INFO - [2025-05-27T13:38:07.934+0000] {dag.py:3036} INFO - Sync 1 DAGs
[2025-05-27T13:38:07.945+0000] {logging_mixin.py:188} INFO - [2025-05-27T13:38:07.945+0000] {dag.py:3823} INFO - Setting next_dagrun for mysql_to_postgres to 2025-05-27 13:00:00+00:00, run_after=2025-05-27 14:00:00+00:00
[2025-05-27T13:38:07.952+0000] {processor.py:183} INFO - Processing /opt/airflow/dags/mysql_to_postgres.py took 0.162 seconds
[2025-05-27T13:38:38.465+0000] {processor.py:161} INFO - Started process (PID=636) to work on /opt/airflow/dags/mysql_to_postgres.py
[2025-05-27T13:38:38.466+0000] {processor.py:830} INFO - Processing file /opt/airflow/dags/mysql_to_postgres.py for tasks to queue
[2025-05-27T13:38:38.466+0000] {logging_mixin.py:188} INFO - [2025-05-27T13:38:38.466+0000] {dagbag.py:538} INFO - Filling up the DagBag from /opt/airflow/dags/mysql_to_postgres.py
[2025-05-27T13:38:38.597+0000] {processor.py:840} INFO - DAG(s) 'mysql_to_postgres' retrieved from /opt/airflow/dags/mysql_to_postgres.py
[2025-05-27T13:38:38.612+0000] {logging_mixin.py:188} INFO - [2025-05-27T13:38:38.612+0000] {dag.py:3036} INFO - Sync 1 DAGs
[2025-05-27T13:38:38.623+0000] {logging_mixin.py:188} INFO - [2025-05-27T13:38:38.623+0000] {dag.py:3823} INFO - Setting next_dagrun for mysql_to_postgres to 2025-05-27 13:00:00+00:00, run_after=2025-05-27 14:00:00+00:00
[2025-05-27T13:38:38.631+0000] {processor.py:183} INFO - Processing /opt/airflow/dags/mysql_to_postgres.py took 0.168 seconds
[2025-05-27T13:39:09.590+0000] {processor.py:161} INFO - Started process (PID=654) to work on /opt/airflow/dags/mysql_to_postgres.py
[2025-05-27T13:39:09.592+0000] {processor.py:830} INFO - Processing file /opt/airflow/dags/mysql_to_postgres.py for tasks to queue
[2025-05-27T13:39:09.593+0000] {logging_mixin.py:188} INFO - [2025-05-27T13:39:09.593+0000] {dagbag.py:538} INFO - Filling up the DagBag from /opt/airflow/dags/mysql_to_postgres.py
[2025-05-27T13:39:09.814+0000] {processor.py:840} INFO - DAG(s) 'mysql_to_postgres' retrieved from /opt/airflow/dags/mysql_to_postgres.py
[2025-05-27T13:39:09.833+0000] {logging_mixin.py:188} INFO - [2025-05-27T13:39:09.833+0000] {dag.py:3036} INFO - Sync 1 DAGs
[2025-05-27T13:39:09.849+0000] {logging_mixin.py:188} INFO - [2025-05-27T13:39:09.849+0000] {dag.py:3823} INFO - Setting next_dagrun for mysql_to_postgres to 2025-05-27 13:00:00+00:00, run_after=2025-05-27 14:00:00+00:00
[2025-05-27T13:39:09.858+0000] {processor.py:183} INFO - Processing /opt/airflow/dags/mysql_to_postgres.py took 0.273 seconds
[2025-05-27T13:39:40.935+0000] {processor.py:161} INFO - Started process (PID=672) to work on /opt/airflow/dags/mysql_to_postgres.py
[2025-05-27T13:39:40.936+0000] {processor.py:830} INFO - Processing file /opt/airflow/dags/mysql_to_postgres.py for tasks to queue
[2025-05-27T13:39:40.937+0000] {logging_mixin.py:188} INFO - [2025-05-27T13:39:40.936+0000] {dagbag.py:538} INFO - Filling up the DagBag from /opt/airflow/dags/mysql_to_postgres.py
[2025-05-27T13:39:41.090+0000] {processor.py:840} INFO - DAG(s) 'mysql_to_postgres' retrieved from /opt/airflow/dags/mysql_to_postgres.py
[2025-05-27T13:39:41.111+0000] {logging_mixin.py:188} INFO - [2025-05-27T13:39:41.110+0000] {dag.py:3036} INFO - Sync 1 DAGs
[2025-05-27T13:39:41.122+0000] {logging_mixin.py:188} INFO - [2025-05-27T13:39:41.122+0000] {dag.py:3823} INFO - Setting next_dagrun for mysql_to_postgres to 2025-05-27 13:00:00+00:00, run_after=2025-05-27 14:00:00+00:00
[2025-05-27T13:39:41.132+0000] {processor.py:183} INFO - Processing /opt/airflow/dags/mysql_to_postgres.py took 0.199 seconds
[2025-05-27T13:40:13.346+0000] {processor.py:161} INFO - Started process (PID=690) to work on /opt/airflow/dags/mysql_to_postgres.py
[2025-05-27T13:40:13.348+0000] {processor.py:830} INFO - Processing file /opt/airflow/dags/mysql_to_postgres.py for tasks to queue
[2025-05-27T13:40:13.349+0000] {logging_mixin.py:188} INFO - [2025-05-27T13:40:13.349+0000] {dagbag.py:538} INFO - Filling up the DagBag from /opt/airflow/dags/mysql_to_postgres.py
[2025-05-27T13:40:13.684+0000] {processor.py:840} INFO - DAG(s) 'mysql_to_postgres' retrieved from /opt/airflow/dags/mysql_to_postgres.py
[2025-05-27T13:40:13.728+0000] {logging_mixin.py:188} INFO - [2025-05-27T13:40:13.726+0000] {dag.py:3036} INFO - Sync 1 DAGs
[2025-05-27T13:40:13.748+0000] {logging_mixin.py:188} INFO - [2025-05-27T13:40:13.748+0000] {dag.py:3823} INFO - Setting next_dagrun for mysql_to_postgres to 2025-05-27 13:00:00+00:00, run_after=2025-05-27 14:00:00+00:00
[2025-05-27T13:40:13.767+0000] {processor.py:183} INFO - Processing /opt/airflow/dags/mysql_to_postgres.py took 0.436 seconds
[2025-05-27T13:40:44.686+0000] {processor.py:161} INFO - Started process (PID=708) to work on /opt/airflow/dags/mysql_to_postgres.py
[2025-05-27T13:40:44.689+0000] {processor.py:830} INFO - Processing file /opt/airflow/dags/mysql_to_postgres.py for tasks to queue
[2025-05-27T13:40:44.691+0000] {logging_mixin.py:188} INFO - [2025-05-27T13:40:44.691+0000] {dagbag.py:538} INFO - Filling up the DagBag from /opt/airflow/dags/mysql_to_postgres.py
[2025-05-27T13:40:45.073+0000] {processor.py:840} INFO - DAG(s) 'mysql_to_postgres' retrieved from /opt/airflow/dags/mysql_to_postgres.py
[2025-05-27T13:40:45.103+0000] {logging_mixin.py:188} INFO - [2025-05-27T13:40:45.102+0000] {dag.py:3036} INFO - Sync 1 DAGs
[2025-05-27T13:40:45.130+0000] {logging_mixin.py:188} INFO - [2025-05-27T13:40:45.129+0000] {dag.py:3823} INFO - Setting next_dagrun for mysql_to_postgres to 2025-05-27 13:00:00+00:00, run_after=2025-05-27 14:00:00+00:00
[2025-05-27T13:40:45.150+0000] {processor.py:183} INFO - Processing /opt/airflow/dags/mysql_to_postgres.py took 0.469 seconds
[2025-05-27T13:41:15.181+0000] {processor.py:161} INFO - Started process (PID=724) to work on /opt/airflow/dags/mysql_to_postgres.py
[2025-05-27T13:41:15.182+0000] {processor.py:830} INFO - Processing file /opt/airflow/dags/mysql_to_postgres.py for tasks to queue
[2025-05-27T13:41:15.184+0000] {logging_mixin.py:188} INFO - [2025-05-27T13:41:15.184+0000] {dagbag.py:538} INFO - Filling up the DagBag from /opt/airflow/dags/mysql_to_postgres.py
[2025-05-27T13:41:15.818+0000] {processor.py:840} INFO - DAG(s) 'mysql_to_postgres' retrieved from /opt/airflow/dags/mysql_to_postgres.py
[2025-05-27T13:41:15.941+0000] {logging_mixin.py:188} INFO - [2025-05-27T13:41:15.936+0000] {dag.py:3036} INFO - Sync 1 DAGs
[2025-05-27T13:41:16.029+0000] {logging_mixin.py:188} INFO - [2025-05-27T13:41:16.029+0000] {dag.py:3823} INFO - Setting next_dagrun for mysql_to_postgres to 2025-05-27 13:00:00+00:00, run_after=2025-05-27 14:00:00+00:00
[2025-05-27T13:41:16.097+0000] {processor.py:183} INFO - Processing /opt/airflow/dags/mysql_to_postgres.py took 0.919 seconds
[2025-05-27T13:41:46.996+0000] {processor.py:161} INFO - Started process (PID=744) to work on /opt/airflow/dags/mysql_to_postgres.py
[2025-05-27T13:41:47.002+0000] {processor.py:830} INFO - Processing file /opt/airflow/dags/mysql_to_postgres.py for tasks to queue
[2025-05-27T13:41:47.017+0000] {logging_mixin.py:188} INFO - [2025-05-27T13:41:47.007+0000] {dagbag.py:538} INFO - Filling up the DagBag from /opt/airflow/dags/mysql_to_postgres.py
[2025-05-27T13:41:47.274+0000] {processor.py:840} INFO - DAG(s) 'mysql_to_postgres' retrieved from /opt/airflow/dags/mysql_to_postgres.py
[2025-05-27T13:41:47.300+0000] {logging_mixin.py:188} INFO - [2025-05-27T13:41:47.300+0000] {dag.py:3036} INFO - Sync 1 DAGs
[2025-05-27T13:41:47.317+0000] {logging_mixin.py:188} INFO - [2025-05-27T13:41:47.317+0000] {dag.py:3823} INFO - Setting next_dagrun for mysql_to_postgres to 2025-05-27 13:00:00+00:00, run_after=2025-05-27 14:00:00+00:00
[2025-05-27T13:41:47.329+0000] {processor.py:183} INFO - Processing /opt/airflow/dags/mysql_to_postgres.py took 0.339 seconds
[2025-05-27T13:42:17.580+0000] {processor.py:161} INFO - Started process (PID=762) to work on /opt/airflow/dags/mysql_to_postgres.py
[2025-05-27T13:42:17.583+0000] {processor.py:830} INFO - Processing file /opt/airflow/dags/mysql_to_postgres.py for tasks to queue
[2025-05-27T13:42:17.585+0000] {logging_mixin.py:188} INFO - [2025-05-27T13:42:17.584+0000] {dagbag.py:538} INFO - Filling up the DagBag from /opt/airflow/dags/mysql_to_postgres.py
[2025-05-27T13:42:17.956+0000] {processor.py:840} INFO - DAG(s) 'mysql_to_postgres' retrieved from /opt/airflow/dags/mysql_to_postgres.py
[2025-05-27T13:42:18.002+0000] {logging_mixin.py:188} INFO - [2025-05-27T13:42:18.001+0000] {dag.py:3036} INFO - Sync 1 DAGs
[2025-05-27T13:42:18.054+0000] {logging_mixin.py:188} INFO - [2025-05-27T13:42:18.054+0000] {dag.py:3823} INFO - Setting next_dagrun for mysql_to_postgres to 2025-05-27 13:00:00+00:00, run_after=2025-05-27 14:00:00+00:00
[2025-05-27T13:42:18.093+0000] {processor.py:183} INFO - Processing /opt/airflow/dags/mysql_to_postgres.py took 0.522 seconds
[2025-05-27T13:42:48.884+0000] {processor.py:161} INFO - Started process (PID=780) to work on /opt/airflow/dags/mysql_to_postgres.py
[2025-05-27T13:42:48.887+0000] {processor.py:830} INFO - Processing file /opt/airflow/dags/mysql_to_postgres.py for tasks to queue
[2025-05-27T13:42:48.888+0000] {logging_mixin.py:188} INFO - [2025-05-27T13:42:48.888+0000] {dagbag.py:538} INFO - Filling up the DagBag from /opt/airflow/dags/mysql_to_postgres.py
[2025-05-27T13:42:49.423+0000] {processor.py:840} INFO - DAG(s) 'mysql_to_postgres' retrieved from /opt/airflow/dags/mysql_to_postgres.py
[2025-05-27T13:42:49.573+0000] {logging_mixin.py:188} INFO - [2025-05-27T13:42:49.572+0000] {dag.py:3036} INFO - Sync 1 DAGs
[2025-05-27T13:42:49.621+0000] {logging_mixin.py:188} INFO - [2025-05-27T13:42:49.621+0000] {dag.py:3823} INFO - Setting next_dagrun for mysql_to_postgres to 2025-05-27 13:00:00+00:00, run_after=2025-05-27 14:00:00+00:00
[2025-05-27T13:42:49.644+0000] {processor.py:183} INFO - Processing /opt/airflow/dags/mysql_to_postgres.py took 0.770 seconds
[2025-05-27T13:43:19.887+0000] {processor.py:161} INFO - Started process (PID=798) to work on /opt/airflow/dags/mysql_to_postgres.py
[2025-05-27T13:43:19.893+0000] {processor.py:830} INFO - Processing file /opt/airflow/dags/mysql_to_postgres.py for tasks to queue
[2025-05-27T13:43:19.895+0000] {logging_mixin.py:188} INFO - [2025-05-27T13:43:19.895+0000] {dagbag.py:538} INFO - Filling up the DagBag from /opt/airflow/dags/mysql_to_postgres.py
[2025-05-27T13:43:20.299+0000] {processor.py:840} INFO - DAG(s) 'mysql_to_postgres' retrieved from /opt/airflow/dags/mysql_to_postgres.py
[2025-05-27T13:43:20.340+0000] {logging_mixin.py:188} INFO - [2025-05-27T13:43:20.339+0000] {dag.py:3036} INFO - Sync 1 DAGs
[2025-05-27T13:43:20.361+0000] {logging_mixin.py:188} INFO - [2025-05-27T13:43:20.361+0000] {dag.py:3823} INFO - Setting next_dagrun for mysql_to_postgres to 2025-05-27 13:00:00+00:00, run_after=2025-05-27 14:00:00+00:00
[2025-05-27T13:43:20.383+0000] {processor.py:183} INFO - Processing /opt/airflow/dags/mysql_to_postgres.py took 0.525 seconds
[2025-05-27T13:43:51.137+0000] {processor.py:161} INFO - Started process (PID=816) to work on /opt/airflow/dags/mysql_to_postgres.py
[2025-05-27T13:43:51.149+0000] {processor.py:830} INFO - Processing file /opt/airflow/dags/mysql_to_postgres.py for tasks to queue
[2025-05-27T13:43:51.151+0000] {logging_mixin.py:188} INFO - [2025-05-27T13:43:51.150+0000] {dagbag.py:538} INFO - Filling up the DagBag from /opt/airflow/dags/mysql_to_postgres.py
[2025-05-27T13:43:51.493+0000] {processor.py:840} INFO - DAG(s) 'mysql_to_postgres' retrieved from /opt/airflow/dags/mysql_to_postgres.py
[2025-05-27T13:43:51.538+0000] {logging_mixin.py:188} INFO - [2025-05-27T13:43:51.537+0000] {dag.py:3036} INFO - Sync 1 DAGs
[2025-05-27T13:43:51.562+0000] {logging_mixin.py:188} INFO - [2025-05-27T13:43:51.562+0000] {dag.py:3823} INFO - Setting next_dagrun for mysql_to_postgres to 2025-05-27 13:00:00+00:00, run_after=2025-05-27 14:00:00+00:00
[2025-05-27T13:43:51.579+0000] {processor.py:183} INFO - Processing /opt/airflow/dags/mysql_to_postgres.py took 0.449 seconds
[2025-05-27T13:44:22.361+0000] {processor.py:161} INFO - Started process (PID=834) to work on /opt/airflow/dags/mysql_to_postgres.py
[2025-05-27T13:44:22.363+0000] {processor.py:830} INFO - Processing file /opt/airflow/dags/mysql_to_postgres.py for tasks to queue
[2025-05-27T13:44:22.364+0000] {logging_mixin.py:188} INFO - [2025-05-27T13:44:22.363+0000] {dagbag.py:538} INFO - Filling up the DagBag from /opt/airflow/dags/mysql_to_postgres.py
[2025-05-27T13:44:22.530+0000] {processor.py:840} INFO - DAG(s) 'mysql_to_postgres' retrieved from /opt/airflow/dags/mysql_to_postgres.py
[2025-05-27T13:44:22.548+0000] {logging_mixin.py:188} INFO - [2025-05-27T13:44:22.548+0000] {dag.py:3036} INFO - Sync 1 DAGs
[2025-05-27T13:44:22.560+0000] {logging_mixin.py:188} INFO - [2025-05-27T13:44:22.560+0000] {dag.py:3823} INFO - Setting next_dagrun for mysql_to_postgres to 2025-05-27 13:00:00+00:00, run_after=2025-05-27 14:00:00+00:00
[2025-05-27T13:44:22.572+0000] {processor.py:183} INFO - Processing /opt/airflow/dags/mysql_to_postgres.py took 0.214 seconds
[2025-05-27T13:44:53.185+0000] {processor.py:161} INFO - Started process (PID=852) to work on /opt/airflow/dags/mysql_to_postgres.py
[2025-05-27T13:44:53.186+0000] {processor.py:830} INFO - Processing file /opt/airflow/dags/mysql_to_postgres.py for tasks to queue
[2025-05-27T13:44:53.187+0000] {logging_mixin.py:188} INFO - [2025-05-27T13:44:53.187+0000] {dagbag.py:538} INFO - Filling up the DagBag from /opt/airflow/dags/mysql_to_postgres.py
[2025-05-27T13:44:53.459+0000] {processor.py:840} INFO - DAG(s) 'mysql_to_postgres' retrieved from /opt/airflow/dags/mysql_to_postgres.py
[2025-05-27T13:44:53.499+0000] {logging_mixin.py:188} INFO - [2025-05-27T13:44:53.498+0000] {dag.py:3036} INFO - Sync 1 DAGs
[2025-05-27T13:44:53.518+0000] {logging_mixin.py:188} INFO - [2025-05-27T13:44:53.518+0000] {dag.py:3823} INFO - Setting next_dagrun for mysql_to_postgres to 2025-05-27 13:00:00+00:00, run_after=2025-05-27 14:00:00+00:00
[2025-05-27T13:44:53.531+0000] {processor.py:183} INFO - Processing /opt/airflow/dags/mysql_to_postgres.py took 0.352 seconds
[2025-05-27T13:45:23.999+0000] {processor.py:161} INFO - Started process (PID=870) to work on /opt/airflow/dags/mysql_to_postgres.py
[2025-05-27T13:45:24.000+0000] {processor.py:830} INFO - Processing file /opt/airflow/dags/mysql_to_postgres.py for tasks to queue
[2025-05-27T13:45:24.001+0000] {logging_mixin.py:188} INFO - [2025-05-27T13:45:24.001+0000] {dagbag.py:538} INFO - Filling up the DagBag from /opt/airflow/dags/mysql_to_postgres.py
[2025-05-27T13:45:24.159+0000] {processor.py:840} INFO - DAG(s) 'mysql_to_postgres' retrieved from /opt/airflow/dags/mysql_to_postgres.py
[2025-05-27T13:45:24.175+0000] {logging_mixin.py:188} INFO - [2025-05-27T13:45:24.175+0000] {dag.py:3036} INFO - Sync 1 DAGs
[2025-05-27T13:45:24.188+0000] {logging_mixin.py:188} INFO - [2025-05-27T13:45:24.188+0000] {dag.py:3823} INFO - Setting next_dagrun for mysql_to_postgres to 2025-05-27 13:00:00+00:00, run_after=2025-05-27 14:00:00+00:00
[2025-05-27T13:45:24.198+0000] {processor.py:183} INFO - Processing /opt/airflow/dags/mysql_to_postgres.py took 0.203 seconds
[2025-05-27T13:45:54.849+0000] {processor.py:161} INFO - Started process (PID=888) to work on /opt/airflow/dags/mysql_to_postgres.py
[2025-05-27T13:45:54.851+0000] {processor.py:830} INFO - Processing file /opt/airflow/dags/mysql_to_postgres.py for tasks to queue
[2025-05-27T13:45:54.853+0000] {logging_mixin.py:188} INFO - [2025-05-27T13:45:54.852+0000] {dagbag.py:538} INFO - Filling up the DagBag from /opt/airflow/dags/mysql_to_postgres.py
[2025-05-27T13:45:55.030+0000] {processor.py:840} INFO - DAG(s) 'mysql_to_postgres' retrieved from /opt/airflow/dags/mysql_to_postgres.py
[2025-05-27T13:45:55.049+0000] {logging_mixin.py:188} INFO - [2025-05-27T13:45:55.049+0000] {dag.py:3036} INFO - Sync 1 DAGs
[2025-05-27T13:45:55.062+0000] {logging_mixin.py:188} INFO - [2025-05-27T13:45:55.061+0000] {dag.py:3823} INFO - Setting next_dagrun for mysql_to_postgres to 2025-05-27 13:00:00+00:00, run_after=2025-05-27 14:00:00+00:00
[2025-05-27T13:45:55.070+0000] {processor.py:183} INFO - Processing /opt/airflow/dags/mysql_to_postgres.py took 0.231 seconds
[2025-05-27T13:46:25.633+0000] {processor.py:161} INFO - Started process (PID=906) to work on /opt/airflow/dags/mysql_to_postgres.py
[2025-05-27T13:46:25.634+0000] {processor.py:830} INFO - Processing file /opt/airflow/dags/mysql_to_postgres.py for tasks to queue
[2025-05-27T13:46:25.635+0000] {logging_mixin.py:188} INFO - [2025-05-27T13:46:25.635+0000] {dagbag.py:538} INFO - Filling up the DagBag from /opt/airflow/dags/mysql_to_postgres.py
[2025-05-27T13:46:25.803+0000] {processor.py:840} INFO - DAG(s) 'mysql_to_postgres' retrieved from /opt/airflow/dags/mysql_to_postgres.py
[2025-05-27T13:46:25.821+0000] {logging_mixin.py:188} INFO - [2025-05-27T13:46:25.821+0000] {dag.py:3036} INFO - Sync 1 DAGs
[2025-05-27T13:46:25.833+0000] {logging_mixin.py:188} INFO - [2025-05-27T13:46:25.833+0000] {dag.py:3823} INFO - Setting next_dagrun for mysql_to_postgres to 2025-05-27 13:00:00+00:00, run_after=2025-05-27 14:00:00+00:00
[2025-05-27T13:46:25.842+0000] {processor.py:183} INFO - Processing /opt/airflow/dags/mysql_to_postgres.py took 0.212 seconds
[2025-05-27T13:46:56.454+0000] {processor.py:161} INFO - Started process (PID=924) to work on /opt/airflow/dags/mysql_to_postgres.py
[2025-05-27T13:46:56.455+0000] {processor.py:830} INFO - Processing file /opt/airflow/dags/mysql_to_postgres.py for tasks to queue
[2025-05-27T13:46:56.456+0000] {logging_mixin.py:188} INFO - [2025-05-27T13:46:56.456+0000] {dagbag.py:538} INFO - Filling up the DagBag from /opt/airflow/dags/mysql_to_postgres.py
[2025-05-27T13:46:56.609+0000] {processor.py:840} INFO - DAG(s) 'mysql_to_postgres' retrieved from /opt/airflow/dags/mysql_to_postgres.py
[2025-05-27T13:46:56.625+0000] {logging_mixin.py:188} INFO - [2025-05-27T13:46:56.625+0000] {dag.py:3036} INFO - Sync 1 DAGs
[2025-05-27T13:46:56.638+0000] {logging_mixin.py:188} INFO - [2025-05-27T13:46:56.637+0000] {dag.py:3823} INFO - Setting next_dagrun for mysql_to_postgres to 2025-05-27 13:00:00+00:00, run_after=2025-05-27 14:00:00+00:00
[2025-05-27T13:46:56.646+0000] {processor.py:183} INFO - Processing /opt/airflow/dags/mysql_to_postgres.py took 0.196 seconds
[2025-05-27T13:47:27.342+0000] {processor.py:161} INFO - Started process (PID=942) to work on /opt/airflow/dags/mysql_to_postgres.py
[2025-05-27T13:47:27.344+0000] {processor.py:830} INFO - Processing file /opt/airflow/dags/mysql_to_postgres.py for tasks to queue
[2025-05-27T13:47:27.345+0000] {logging_mixin.py:188} INFO - [2025-05-27T13:47:27.344+0000] {dagbag.py:538} INFO - Filling up the DagBag from /opt/airflow/dags/mysql_to_postgres.py
[2025-05-27T13:47:27.498+0000] {processor.py:840} INFO - DAG(s) 'mysql_to_postgres' retrieved from /opt/airflow/dags/mysql_to_postgres.py
[2025-05-27T13:47:27.515+0000] {logging_mixin.py:188} INFO - [2025-05-27T13:47:27.515+0000] {dag.py:3036} INFO - Sync 1 DAGs
[2025-05-27T13:47:27.529+0000] {logging_mixin.py:188} INFO - [2025-05-27T13:47:27.529+0000] {dag.py:3823} INFO - Setting next_dagrun for mysql_to_postgres to 2025-05-27 13:00:00+00:00, run_after=2025-05-27 14:00:00+00:00
[2025-05-27T13:47:27.540+0000] {processor.py:183} INFO - Processing /opt/airflow/dags/mysql_to_postgres.py took 0.201 seconds
[2025-05-27T13:47:58.226+0000] {processor.py:161} INFO - Started process (PID=960) to work on /opt/airflow/dags/mysql_to_postgres.py
[2025-05-27T13:47:58.228+0000] {processor.py:830} INFO - Processing file /opt/airflow/dags/mysql_to_postgres.py for tasks to queue
[2025-05-27T13:47:58.229+0000] {logging_mixin.py:188} INFO - [2025-05-27T13:47:58.228+0000] {dagbag.py:538} INFO - Filling up the DagBag from /opt/airflow/dags/mysql_to_postgres.py
[2025-05-27T13:47:58.493+0000] {processor.py:840} INFO - DAG(s) 'mysql_to_postgres' retrieved from /opt/airflow/dags/mysql_to_postgres.py
[2025-05-27T13:47:58.522+0000] {logging_mixin.py:188} INFO - [2025-05-27T13:47:58.521+0000] {dag.py:3036} INFO - Sync 1 DAGs
[2025-05-27T13:47:58.551+0000] {logging_mixin.py:188} INFO - [2025-05-27T13:47:58.551+0000] {dag.py:3823} INFO - Setting next_dagrun for mysql_to_postgres to 2025-05-27 13:00:00+00:00, run_after=2025-05-27 14:00:00+00:00
[2025-05-27T13:47:58.564+0000] {processor.py:183} INFO - Processing /opt/airflow/dags/mysql_to_postgres.py took 0.343 seconds
[2025-05-27T13:48:29.110+0000] {processor.py:161} INFO - Started process (PID=978) to work on /opt/airflow/dags/mysql_to_postgres.py
[2025-05-27T13:48:29.113+0000] {processor.py:830} INFO - Processing file /opt/airflow/dags/mysql_to_postgres.py for tasks to queue
[2025-05-27T13:48:29.114+0000] {logging_mixin.py:188} INFO - [2025-05-27T13:48:29.113+0000] {dagbag.py:538} INFO - Filling up the DagBag from /opt/airflow/dags/mysql_to_postgres.py
[2025-05-27T13:48:29.387+0000] {processor.py:840} INFO - DAG(s) 'mysql_to_postgres' retrieved from /opt/airflow/dags/mysql_to_postgres.py
[2025-05-27T13:48:29.424+0000] {logging_mixin.py:188} INFO - [2025-05-27T13:48:29.423+0000] {dag.py:3036} INFO - Sync 1 DAGs
[2025-05-27T13:48:29.450+0000] {logging_mixin.py:188} INFO - [2025-05-27T13:48:29.450+0000] {dag.py:3823} INFO - Setting next_dagrun for mysql_to_postgres to 2025-05-27 13:00:00+00:00, run_after=2025-05-27 14:00:00+00:00
[2025-05-27T13:48:29.462+0000] {processor.py:183} INFO - Processing /opt/airflow/dags/mysql_to_postgres.py took 0.359 seconds
[2025-05-27T13:49:00.170+0000] {processor.py:161} INFO - Started process (PID=996) to work on /opt/airflow/dags/mysql_to_postgres.py
[2025-05-27T13:49:00.171+0000] {processor.py:830} INFO - Processing file /opt/airflow/dags/mysql_to_postgres.py for tasks to queue
[2025-05-27T13:49:00.173+0000] {logging_mixin.py:188} INFO - [2025-05-27T13:49:00.172+0000] {dagbag.py:538} INFO - Filling up the DagBag from /opt/airflow/dags/mysql_to_postgres.py
[2025-05-27T13:49:00.485+0000] {processor.py:840} INFO - DAG(s) 'mysql_to_postgres' retrieved from /opt/airflow/dags/mysql_to_postgres.py
[2025-05-27T13:49:00.522+0000] {logging_mixin.py:188} INFO - [2025-05-27T13:49:00.520+0000] {dag.py:3036} INFO - Sync 1 DAGs
[2025-05-27T13:49:00.558+0000] {logging_mixin.py:188} INFO - [2025-05-27T13:49:00.558+0000] {dag.py:3823} INFO - Setting next_dagrun for mysql_to_postgres to 2025-05-27 13:00:00+00:00, run_after=2025-05-27 14:00:00+00:00
[2025-05-27T13:49:00.571+0000] {processor.py:183} INFO - Processing /opt/airflow/dags/mysql_to_postgres.py took 0.411 seconds
[2025-05-27T13:49:31.915+0000] {processor.py:161} INFO - Started process (PID=1014) to work on /opt/airflow/dags/mysql_to_postgres.py
[2025-05-27T13:49:31.916+0000] {processor.py:830} INFO - Processing file /opt/airflow/dags/mysql_to_postgres.py for tasks to queue
[2025-05-27T13:49:31.917+0000] {logging_mixin.py:188} INFO - [2025-05-27T13:49:31.917+0000] {dagbag.py:538} INFO - Filling up the DagBag from /opt/airflow/dags/mysql_to_postgres.py
[2025-05-27T13:49:32.154+0000] {processor.py:840} INFO - DAG(s) 'mysql_to_postgres' retrieved from /opt/airflow/dags/mysql_to_postgres.py
[2025-05-27T13:49:32.176+0000] {logging_mixin.py:188} INFO - [2025-05-27T13:49:32.176+0000] {dag.py:3036} INFO - Sync 1 DAGs
[2025-05-27T13:49:32.191+0000] {logging_mixin.py:188} INFO - [2025-05-27T13:49:32.191+0000] {dag.py:3823} INFO - Setting next_dagrun for mysql_to_postgres to 2025-05-27 13:00:00+00:00, run_after=2025-05-27 14:00:00+00:00
[2025-05-27T13:49:32.202+0000] {processor.py:183} INFO - Processing /opt/airflow/dags/mysql_to_postgres.py took 0.292 seconds
[2025-05-27T13:50:03.282+0000] {processor.py:161} INFO - Started process (PID=1032) to work on /opt/airflow/dags/mysql_to_postgres.py
[2025-05-27T13:50:03.284+0000] {processor.py:830} INFO - Processing file /opt/airflow/dags/mysql_to_postgres.py for tasks to queue
[2025-05-27T13:50:03.284+0000] {logging_mixin.py:188} INFO - [2025-05-27T13:50:03.284+0000] {dagbag.py:538} INFO - Filling up the DagBag from /opt/airflow/dags/mysql_to_postgres.py
[2025-05-27T13:50:03.468+0000] {processor.py:840} INFO - DAG(s) 'mysql_to_postgres' retrieved from /opt/airflow/dags/mysql_to_postgres.py
[2025-05-27T13:50:03.488+0000] {logging_mixin.py:188} INFO - [2025-05-27T13:50:03.487+0000] {dag.py:3036} INFO - Sync 1 DAGs
[2025-05-27T13:50:03.503+0000] {logging_mixin.py:188} INFO - [2025-05-27T13:50:03.503+0000] {dag.py:3823} INFO - Setting next_dagrun for mysql_to_postgres to 2025-05-27 13:00:00+00:00, run_after=2025-05-27 14:00:00+00:00
[2025-05-27T13:50:03.544+0000] {processor.py:183} INFO - Processing /opt/airflow/dags/mysql_to_postgres.py took 0.265 seconds
[2025-05-27T13:50:33.880+0000] {processor.py:161} INFO - Started process (PID=1048) to work on /opt/airflow/dags/mysql_to_postgres.py
[2025-05-27T13:50:33.882+0000] {processor.py:830} INFO - Processing file /opt/airflow/dags/mysql_to_postgres.py for tasks to queue
[2025-05-27T13:50:33.883+0000] {logging_mixin.py:188} INFO - [2025-05-27T13:50:33.883+0000] {dagbag.py:538} INFO - Filling up the DagBag from /opt/airflow/dags/mysql_to_postgres.py
[2025-05-27T13:50:34.069+0000] {processor.py:840} INFO - DAG(s) 'mysql_to_postgres' retrieved from /opt/airflow/dags/mysql_to_postgres.py
[2025-05-27T13:50:34.088+0000] {logging_mixin.py:188} INFO - [2025-05-27T13:50:34.088+0000] {dag.py:3036} INFO - Sync 1 DAGs
[2025-05-27T13:50:34.100+0000] {logging_mixin.py:188} INFO - [2025-05-27T13:50:34.100+0000] {dag.py:3823} INFO - Setting next_dagrun for mysql_to_postgres to 2025-05-27 13:00:00+00:00, run_after=2025-05-27 14:00:00+00:00
[2025-05-27T13:50:34.111+0000] {processor.py:183} INFO - Processing /opt/airflow/dags/mysql_to_postgres.py took 0.235 seconds
[2025-05-27T13:51:05.354+0000] {processor.py:161} INFO - Started process (PID=1068) to work on /opt/airflow/dags/mysql_to_postgres.py
[2025-05-27T13:51:05.354+0000] {processor.py:830} INFO - Processing file /opt/airflow/dags/mysql_to_postgres.py for tasks to queue
[2025-05-27T13:51:05.355+0000] {logging_mixin.py:188} INFO - [2025-05-27T13:51:05.355+0000] {dagbag.py:538} INFO - Filling up the DagBag from /opt/airflow/dags/mysql_to_postgres.py
[2025-05-27T13:51:05.506+0000] {processor.py:840} INFO - DAG(s) 'mysql_to_postgres' retrieved from /opt/airflow/dags/mysql_to_postgres.py
[2025-05-27T13:51:05.525+0000] {logging_mixin.py:188} INFO - [2025-05-27T13:51:05.524+0000] {dag.py:3036} INFO - Sync 1 DAGs
[2025-05-27T13:51:05.541+0000] {logging_mixin.py:188} INFO - [2025-05-27T13:51:05.541+0000] {dag.py:3823} INFO - Setting next_dagrun for mysql_to_postgres to 2025-05-27 13:00:00+00:00, run_after=2025-05-27 14:00:00+00:00
[2025-05-27T13:51:05.551+0000] {processor.py:183} INFO - Processing /opt/airflow/dags/mysql_to_postgres.py took 0.200 seconds
[2025-05-27T13:51:36.267+0000] {processor.py:161} INFO - Started process (PID=1086) to work on /opt/airflow/dags/mysql_to_postgres.py
[2025-05-27T13:51:36.268+0000] {processor.py:830} INFO - Processing file /opt/airflow/dags/mysql_to_postgres.py for tasks to queue
[2025-05-27T13:51:36.269+0000] {logging_mixin.py:188} INFO - [2025-05-27T13:51:36.269+0000] {dagbag.py:538} INFO - Filling up the DagBag from /opt/airflow/dags/mysql_to_postgres.py
[2025-05-27T13:51:36.414+0000] {processor.py:840} INFO - DAG(s) 'mysql_to_postgres' retrieved from /opt/airflow/dags/mysql_to_postgres.py
[2025-05-27T13:51:36.430+0000] {logging_mixin.py:188} INFO - [2025-05-27T13:51:36.430+0000] {dag.py:3036} INFO - Sync 1 DAGs
[2025-05-27T13:51:36.445+0000] {logging_mixin.py:188} INFO - [2025-05-27T13:51:36.445+0000] {dag.py:3823} INFO - Setting next_dagrun for mysql_to_postgres to 2025-05-27 13:00:00+00:00, run_after=2025-05-27 14:00:00+00:00
[2025-05-27T13:51:36.460+0000] {processor.py:183} INFO - Processing /opt/airflow/dags/mysql_to_postgres.py took 0.200 seconds
[2025-05-27T13:52:08.184+0000] {processor.py:161} INFO - Started process (PID=1104) to work on /opt/airflow/dags/mysql_to_postgres.py
[2025-05-27T13:52:08.187+0000] {processor.py:830} INFO - Processing file /opt/airflow/dags/mysql_to_postgres.py for tasks to queue
[2025-05-27T13:52:08.188+0000] {logging_mixin.py:188} INFO - [2025-05-27T13:52:08.187+0000] {dagbag.py:538} INFO - Filling up the DagBag from /opt/airflow/dags/mysql_to_postgres.py
[2025-05-27T13:52:08.606+0000] {processor.py:840} INFO - DAG(s) 'mysql_to_postgres' retrieved from /opt/airflow/dags/mysql_to_postgres.py
[2025-05-27T13:52:08.700+0000] {logging_mixin.py:188} INFO - [2025-05-27T13:52:08.698+0000] {dag.py:3036} INFO - Sync 1 DAGs
[2025-05-27T13:52:08.726+0000] {logging_mixin.py:188} INFO - [2025-05-27T13:52:08.726+0000] {dag.py:3823} INFO - Setting next_dagrun for mysql_to_postgres to 2025-05-27 13:00:00+00:00, run_after=2025-05-27 14:00:00+00:00
[2025-05-27T13:52:08.753+0000] {processor.py:183} INFO - Processing /opt/airflow/dags/mysql_to_postgres.py took 0.584 seconds
[2025-05-27T13:52:38.799+0000] {processor.py:161} INFO - Started process (PID=1122) to work on /opt/airflow/dags/mysql_to_postgres.py
[2025-05-27T13:52:38.800+0000] {processor.py:830} INFO - Processing file /opt/airflow/dags/mysql_to_postgres.py for tasks to queue
[2025-05-27T13:52:38.801+0000] {logging_mixin.py:188} INFO - [2025-05-27T13:52:38.801+0000] {dagbag.py:538} INFO - Filling up the DagBag from /opt/airflow/dags/mysql_to_postgres.py
[2025-05-27T13:52:38.939+0000] {processor.py:840} INFO - DAG(s) 'mysql_to_postgres' retrieved from /opt/airflow/dags/mysql_to_postgres.py
[2025-05-27T13:52:38.954+0000] {logging_mixin.py:188} INFO - [2025-05-27T13:52:38.953+0000] {dag.py:3036} INFO - Sync 1 DAGs
[2025-05-27T13:52:38.964+0000] {logging_mixin.py:188} INFO - [2025-05-27T13:52:38.964+0000] {dag.py:3823} INFO - Setting next_dagrun for mysql_to_postgres to 2025-05-27 13:00:00+00:00, run_after=2025-05-27 14:00:00+00:00
[2025-05-27T13:52:38.973+0000] {processor.py:183} INFO - Processing /opt/airflow/dags/mysql_to_postgres.py took 0.176 seconds
[2025-05-27T13:53:09.524+0000] {processor.py:161} INFO - Started process (PID=1140) to work on /opt/airflow/dags/mysql_to_postgres.py
[2025-05-27T13:53:09.525+0000] {processor.py:830} INFO - Processing file /opt/airflow/dags/mysql_to_postgres.py for tasks to queue
[2025-05-27T13:53:09.525+0000] {logging_mixin.py:188} INFO - [2025-05-27T13:53:09.525+0000] {dagbag.py:538} INFO - Filling up the DagBag from /opt/airflow/dags/mysql_to_postgres.py
[2025-05-27T13:53:09.677+0000] {processor.py:840} INFO - DAG(s) 'mysql_to_postgres' retrieved from /opt/airflow/dags/mysql_to_postgres.py
[2025-05-27T13:53:09.697+0000] {logging_mixin.py:188} INFO - [2025-05-27T13:53:09.696+0000] {dag.py:3036} INFO - Sync 1 DAGs
[2025-05-27T13:53:09.709+0000] {logging_mixin.py:188} INFO - [2025-05-27T13:53:09.709+0000] {dag.py:3823} INFO - Setting next_dagrun for mysql_to_postgres to 2025-05-27 13:00:00+00:00, run_after=2025-05-27 14:00:00+00:00
[2025-05-27T13:53:09.718+0000] {processor.py:183} INFO - Processing /opt/airflow/dags/mysql_to_postgres.py took 0.196 seconds
[2025-05-27T13:53:41.332+0000] {processor.py:161} INFO - Started process (PID=1158) to work on /opt/airflow/dags/mysql_to_postgres.py
[2025-05-27T13:53:41.336+0000] {processor.py:830} INFO - Processing file /opt/airflow/dags/mysql_to_postgres.py for tasks to queue
[2025-05-27T13:53:41.338+0000] {logging_mixin.py:188} INFO - [2025-05-27T13:53:41.336+0000] {dagbag.py:538} INFO - Filling up the DagBag from /opt/airflow/dags/mysql_to_postgres.py
[2025-05-27T13:53:42.298+0000] {processor.py:840} INFO - DAG(s) 'mysql_to_postgres' retrieved from /opt/airflow/dags/mysql_to_postgres.py
[2025-05-27T13:53:42.511+0000] {logging_mixin.py:188} INFO - [2025-05-27T13:53:42.509+0000] {dag.py:3036} INFO - Sync 1 DAGs
[2025-05-27T13:53:42.592+0000] {logging_mixin.py:188} INFO - [2025-05-27T13:53:42.591+0000] {dag.py:3823} INFO - Setting next_dagrun for mysql_to_postgres to 2025-05-27 13:00:00+00:00, run_after=2025-05-27 14:00:00+00:00
[2025-05-27T13:53:42.649+0000] {processor.py:183} INFO - Processing /opt/airflow/dags/mysql_to_postgres.py took 1.324 seconds
[2025-05-27T13:54:13.371+0000] {processor.py:161} INFO - Started process (PID=1176) to work on /opt/airflow/dags/mysql_to_postgres.py
[2025-05-27T13:54:13.373+0000] {processor.py:830} INFO - Processing file /opt/airflow/dags/mysql_to_postgres.py for tasks to queue
[2025-05-27T13:54:13.375+0000] {logging_mixin.py:188} INFO - [2025-05-27T13:54:13.375+0000] {dagbag.py:538} INFO - Filling up the DagBag from /opt/airflow/dags/mysql_to_postgres.py
[2025-05-27T13:54:13.683+0000] {processor.py:840} INFO - DAG(s) 'mysql_to_postgres' retrieved from /opt/airflow/dags/mysql_to_postgres.py
[2025-05-27T13:54:13.733+0000] {logging_mixin.py:188} INFO - [2025-05-27T13:54:13.733+0000] {dag.py:3036} INFO - Sync 1 DAGs
[2025-05-27T13:54:13.753+0000] {logging_mixin.py:188} INFO - [2025-05-27T13:54:13.753+0000] {dag.py:3823} INFO - Setting next_dagrun for mysql_to_postgres to 2025-05-27 13:00:00+00:00, run_after=2025-05-27 14:00:00+00:00
[2025-05-27T13:54:13.764+0000] {processor.py:183} INFO - Processing /opt/airflow/dags/mysql_to_postgres.py took 0.400 seconds
[2025-05-27T13:54:44.112+0000] {processor.py:161} INFO - Started process (PID=1195) to work on /opt/airflow/dags/mysql_to_postgres.py
[2025-05-27T13:54:44.114+0000] {processor.py:830} INFO - Processing file /opt/airflow/dags/mysql_to_postgres.py for tasks to queue
[2025-05-27T13:54:44.118+0000] {logging_mixin.py:188} INFO - [2025-05-27T13:54:44.116+0000] {dagbag.py:538} INFO - Filling up the DagBag from /opt/airflow/dags/mysql_to_postgres.py
[2025-05-27T13:54:44.416+0000] {processor.py:840} INFO - DAG(s) 'mysql_to_postgres' retrieved from /opt/airflow/dags/mysql_to_postgres.py
[2025-05-27T13:54:44.461+0000] {logging_mixin.py:188} INFO - [2025-05-27T13:54:44.461+0000] {dag.py:3036} INFO - Sync 1 DAGs
[2025-05-27T13:54:44.479+0000] {logging_mixin.py:188} INFO - [2025-05-27T13:54:44.479+0000] {dag.py:3823} INFO - Setting next_dagrun for mysql_to_postgres to 2025-05-27 13:00:00+00:00, run_after=2025-05-27 14:00:00+00:00
[2025-05-27T13:54:44.490+0000] {processor.py:183} INFO - Processing /opt/airflow/dags/mysql_to_postgres.py took 0.388 seconds
[2025-05-27T13:55:14.860+0000] {processor.py:161} INFO - Started process (PID=1219) to work on /opt/airflow/dags/mysql_to_postgres.py
[2025-05-27T13:55:14.862+0000] {processor.py:830} INFO - Processing file /opt/airflow/dags/mysql_to_postgres.py for tasks to queue
[2025-05-27T13:55:14.864+0000] {logging_mixin.py:188} INFO - [2025-05-27T13:55:14.863+0000] {dagbag.py:538} INFO - Filling up the DagBag from /opt/airflow/dags/mysql_to_postgres.py
[2025-05-27T13:55:15.044+0000] {processor.py:840} INFO - DAG(s) 'mysql_to_postgres' retrieved from /opt/airflow/dags/mysql_to_postgres.py
[2025-05-27T13:55:15.061+0000] {logging_mixin.py:188} INFO - [2025-05-27T13:55:15.061+0000] {dag.py:3036} INFO - Sync 1 DAGs
[2025-05-27T13:55:15.072+0000] {logging_mixin.py:188} INFO - [2025-05-27T13:55:15.072+0000] {dag.py:3823} INFO - Setting next_dagrun for mysql_to_postgres to 2025-05-27 13:00:00+00:00, run_after=2025-05-27 14:00:00+00:00
[2025-05-27T13:55:15.082+0000] {processor.py:183} INFO - Processing /opt/airflow/dags/mysql_to_postgres.py took 0.228 seconds
[2025-05-27T13:55:45.709+0000] {processor.py:161} INFO - Started process (PID=1240) to work on /opt/airflow/dags/mysql_to_postgres.py
[2025-05-27T13:55:45.710+0000] {processor.py:830} INFO - Processing file /opt/airflow/dags/mysql_to_postgres.py for tasks to queue
[2025-05-27T13:55:45.710+0000] {logging_mixin.py:188} INFO - [2025-05-27T13:55:45.710+0000] {dagbag.py:538} INFO - Filling up the DagBag from /opt/airflow/dags/mysql_to_postgres.py
[2025-05-27T13:55:45.866+0000] {processor.py:840} INFO - DAG(s) 'mysql_to_postgres' retrieved from /opt/airflow/dags/mysql_to_postgres.py
[2025-05-27T13:55:45.885+0000] {logging_mixin.py:188} INFO - [2025-05-27T13:55:45.885+0000] {dag.py:3036} INFO - Sync 1 DAGs
[2025-05-27T13:55:45.901+0000] {logging_mixin.py:188} INFO - [2025-05-27T13:55:45.901+0000] {dag.py:3823} INFO - Setting next_dagrun for mysql_to_postgres to 2025-05-27 13:00:00+00:00, run_after=2025-05-27 14:00:00+00:00
[2025-05-27T13:55:45.912+0000] {processor.py:183} INFO - Processing /opt/airflow/dags/mysql_to_postgres.py took 0.205 seconds
[2025-05-27T13:56:17.054+0000] {processor.py:161} INFO - Started process (PID=1258) to work on /opt/airflow/dags/mysql_to_postgres.py
[2025-05-27T13:56:17.056+0000] {processor.py:830} INFO - Processing file /opt/airflow/dags/mysql_to_postgres.py for tasks to queue
[2025-05-27T13:56:17.057+0000] {logging_mixin.py:188} INFO - [2025-05-27T13:56:17.057+0000] {dagbag.py:538} INFO - Filling up the DagBag from /opt/airflow/dags/mysql_to_postgres.py
[2025-05-27T13:56:17.205+0000] {processor.py:840} INFO - DAG(s) 'mysql_to_postgres' retrieved from /opt/airflow/dags/mysql_to_postgres.py
[2025-05-27T13:56:17.221+0000] {logging_mixin.py:188} INFO - [2025-05-27T13:56:17.220+0000] {dag.py:3036} INFO - Sync 1 DAGs
[2025-05-27T13:56:17.232+0000] {logging_mixin.py:188} INFO - [2025-05-27T13:56:17.231+0000] {dag.py:3823} INFO - Setting next_dagrun for mysql_to_postgres to 2025-05-27 13:00:00+00:00, run_after=2025-05-27 14:00:00+00:00
[2025-05-27T13:56:17.242+0000] {processor.py:183} INFO - Processing /opt/airflow/dags/mysql_to_postgres.py took 0.197 seconds
[2025-05-27T13:56:48.292+0000] {processor.py:161} INFO - Started process (PID=1276) to work on /opt/airflow/dags/mysql_to_postgres.py
[2025-05-27T13:56:48.293+0000] {processor.py:830} INFO - Processing file /opt/airflow/dags/mysql_to_postgres.py for tasks to queue
[2025-05-27T13:56:48.293+0000] {logging_mixin.py:188} INFO - [2025-05-27T13:56:48.293+0000] {dagbag.py:538} INFO - Filling up the DagBag from /opt/airflow/dags/mysql_to_postgres.py
[2025-05-27T13:56:48.460+0000] {processor.py:840} INFO - DAG(s) 'mysql_to_postgres' retrieved from /opt/airflow/dags/mysql_to_postgres.py
[2025-05-27T13:56:48.478+0000] {logging_mixin.py:188} INFO - [2025-05-27T13:56:48.477+0000] {dag.py:3036} INFO - Sync 1 DAGs
[2025-05-27T13:56:48.492+0000] {logging_mixin.py:188} INFO - [2025-05-27T13:56:48.492+0000] {dag.py:3823} INFO - Setting next_dagrun for mysql_to_postgres to 2025-05-27 13:00:00+00:00, run_after=2025-05-27 14:00:00+00:00
[2025-05-27T13:56:48.501+0000] {processor.py:183} INFO - Processing /opt/airflow/dags/mysql_to_postgres.py took 0.212 seconds
[2025-05-27T13:57:19.147+0000] {processor.py:161} INFO - Started process (PID=1292) to work on /opt/airflow/dags/mysql_to_postgres.py
[2025-05-27T13:57:19.148+0000] {processor.py:830} INFO - Processing file /opt/airflow/dags/mysql_to_postgres.py for tasks to queue
[2025-05-27T13:57:19.149+0000] {logging_mixin.py:188} INFO - [2025-05-27T13:57:19.148+0000] {dagbag.py:538} INFO - Filling up the DagBag from /opt/airflow/dags/mysql_to_postgres.py
[2025-05-27T13:57:19.474+0000] {processor.py:840} INFO - DAG(s) 'mysql_to_postgres' retrieved from /opt/airflow/dags/mysql_to_postgres.py
[2025-05-27T13:57:19.534+0000] {logging_mixin.py:188} INFO - [2025-05-27T13:57:19.534+0000] {dag.py:3036} INFO - Sync 1 DAGs
[2025-05-27T13:57:19.553+0000] {logging_mixin.py:188} INFO - [2025-05-27T13:57:19.553+0000] {dag.py:3823} INFO - Setting next_dagrun for mysql_to_postgres to 2025-05-27 13:00:00+00:00, run_after=2025-05-27 14:00:00+00:00
[2025-05-27T13:57:19.565+0000] {processor.py:183} INFO - Processing /opt/airflow/dags/mysql_to_postgres.py took 0.424 seconds
[2025-05-27T13:57:50.760+0000] {processor.py:161} INFO - Started process (PID=1312) to work on /opt/airflow/dags/mysql_to_postgres.py
[2025-05-27T13:57:50.761+0000] {processor.py:830} INFO - Processing file /opt/airflow/dags/mysql_to_postgres.py for tasks to queue
[2025-05-27T13:57:50.762+0000] {logging_mixin.py:188} INFO - [2025-05-27T13:57:50.762+0000] {dagbag.py:538} INFO - Filling up the DagBag from /opt/airflow/dags/mysql_to_postgres.py
[2025-05-27T13:57:50.929+0000] {processor.py:840} INFO - DAG(s) 'mysql_to_postgres' retrieved from /opt/airflow/dags/mysql_to_postgres.py
[2025-05-27T13:57:50.948+0000] {logging_mixin.py:188} INFO - [2025-05-27T13:57:50.947+0000] {dag.py:3036} INFO - Sync 1 DAGs
[2025-05-27T13:57:50.960+0000] {logging_mixin.py:188} INFO - [2025-05-27T13:57:50.960+0000] {dag.py:3823} INFO - Setting next_dagrun for mysql_to_postgres to 2025-05-27 13:00:00+00:00, run_after=2025-05-27 14:00:00+00:00
[2025-05-27T13:57:50.968+0000] {processor.py:183} INFO - Processing /opt/airflow/dags/mysql_to_postgres.py took 0.214 seconds
[2025-05-27T13:58:21.591+0000] {processor.py:161} INFO - Started process (PID=1328) to work on /opt/airflow/dags/mysql_to_postgres.py
[2025-05-27T13:58:21.593+0000] {processor.py:830} INFO - Processing file /opt/airflow/dags/mysql_to_postgres.py for tasks to queue
[2025-05-27T13:58:21.593+0000] {logging_mixin.py:188} INFO - [2025-05-27T13:58:21.593+0000] {dagbag.py:538} INFO - Filling up the DagBag from /opt/airflow/dags/mysql_to_postgres.py
[2025-05-27T13:58:21.721+0000] {processor.py:840} INFO - DAG(s) 'mysql_to_postgres' retrieved from /opt/airflow/dags/mysql_to_postgres.py
[2025-05-27T13:58:21.736+0000] {logging_mixin.py:188} INFO - [2025-05-27T13:58:21.736+0000] {dag.py:3036} INFO - Sync 1 DAGs
[2025-05-27T13:58:21.747+0000] {logging_mixin.py:188} INFO - [2025-05-27T13:58:21.747+0000] {dag.py:3823} INFO - Setting next_dagrun for mysql_to_postgres to 2025-05-27 13:00:00+00:00, run_after=2025-05-27 14:00:00+00:00
[2025-05-27T13:58:21.755+0000] {processor.py:183} INFO - Processing /opt/airflow/dags/mysql_to_postgres.py took 0.167 seconds
[2025-05-27T13:58:52.257+0000] {processor.py:161} INFO - Started process (PID=1346) to work on /opt/airflow/dags/mysql_to_postgres.py
[2025-05-27T13:58:52.258+0000] {processor.py:830} INFO - Processing file /opt/airflow/dags/mysql_to_postgres.py for tasks to queue
[2025-05-27T13:58:52.258+0000] {logging_mixin.py:188} INFO - [2025-05-27T13:58:52.258+0000] {dagbag.py:538} INFO - Filling up the DagBag from /opt/airflow/dags/mysql_to_postgres.py
[2025-05-27T13:58:52.390+0000] {processor.py:840} INFO - DAG(s) 'mysql_to_postgres' retrieved from /opt/airflow/dags/mysql_to_postgres.py
[2025-05-27T13:58:52.405+0000] {logging_mixin.py:188} INFO - [2025-05-27T13:58:52.405+0000] {dag.py:3036} INFO - Sync 1 DAGs
[2025-05-27T13:58:52.416+0000] {logging_mixin.py:188} INFO - [2025-05-27T13:58:52.416+0000] {dag.py:3823} INFO - Setting next_dagrun for mysql_to_postgres to 2025-05-27 13:00:00+00:00, run_after=2025-05-27 14:00:00+00:00
[2025-05-27T13:58:52.424+0000] {processor.py:183} INFO - Processing /opt/airflow/dags/mysql_to_postgres.py took 0.169 seconds
[2025-05-27T13:59:23.433+0000] {processor.py:161} INFO - Started process (PID=1366) to work on /opt/airflow/dags/mysql_to_postgres.py
[2025-05-27T13:59:23.435+0000] {processor.py:830} INFO - Processing file /opt/airflow/dags/mysql_to_postgres.py for tasks to queue
[2025-05-27T13:59:23.436+0000] {logging_mixin.py:188} INFO - [2025-05-27T13:59:23.436+0000] {dagbag.py:538} INFO - Filling up the DagBag from /opt/airflow/dags/mysql_to_postgres.py
[2025-05-27T13:59:23.656+0000] {processor.py:840} INFO - DAG(s) 'mysql_to_postgres' retrieved from /opt/airflow/dags/mysql_to_postgres.py
[2025-05-27T13:59:23.679+0000] {logging_mixin.py:188} INFO - [2025-05-27T13:59:23.678+0000] {dag.py:3036} INFO - Sync 1 DAGs
[2025-05-27T13:59:23.690+0000] {logging_mixin.py:188} INFO - [2025-05-27T13:59:23.690+0000] {dag.py:3823} INFO - Setting next_dagrun for mysql_to_postgres to 2025-05-27 13:00:00+00:00, run_after=2025-05-27 14:00:00+00:00
[2025-05-27T13:59:23.700+0000] {processor.py:183} INFO - Processing /opt/airflow/dags/mysql_to_postgres.py took 0.273 seconds
[2025-05-27T13:59:54.604+0000] {processor.py:161} INFO - Started process (PID=1384) to work on /opt/airflow/dags/mysql_to_postgres.py
[2025-05-27T13:59:54.605+0000] {processor.py:830} INFO - Processing file /opt/airflow/dags/mysql_to_postgres.py for tasks to queue
[2025-05-27T13:59:54.606+0000] {logging_mixin.py:188} INFO - [2025-05-27T13:59:54.606+0000] {dagbag.py:538} INFO - Filling up the DagBag from /opt/airflow/dags/mysql_to_postgres.py
[2025-05-27T13:59:54.750+0000] {processor.py:840} INFO - DAG(s) 'mysql_to_postgres' retrieved from /opt/airflow/dags/mysql_to_postgres.py
[2025-05-27T13:59:54.782+0000] {logging_mixin.py:188} INFO - [2025-05-27T13:59:54.781+0000] {dag.py:3036} INFO - Sync 1 DAGs
[2025-05-27T13:59:54.794+0000] {logging_mixin.py:188} INFO - [2025-05-27T13:59:54.794+0000] {dag.py:3823} INFO - Setting next_dagrun for mysql_to_postgres to 2025-05-27 13:00:00+00:00, run_after=2025-05-27 14:00:00+00:00
[2025-05-27T13:59:54.803+0000] {processor.py:183} INFO - Processing /opt/airflow/dags/mysql_to_postgres.py took 0.201 seconds
[2025-05-27T14:00:26.093+0000] {processor.py:161} INFO - Started process (PID=1406) to work on /opt/airflow/dags/mysql_to_postgres.py
[2025-05-27T14:00:26.094+0000] {processor.py:830} INFO - Processing file /opt/airflow/dags/mysql_to_postgres.py for tasks to queue
[2025-05-27T14:00:26.095+0000] {logging_mixin.py:188} INFO - [2025-05-27T14:00:26.094+0000] {dagbag.py:538} INFO - Filling up the DagBag from /opt/airflow/dags/mysql_to_postgres.py
[2025-05-27T14:00:26.357+0000] {processor.py:840} INFO - DAG(s) 'mysql_to_postgres' retrieved from /opt/airflow/dags/mysql_to_postgres.py
[2025-05-27T14:00:26.411+0000] {logging_mixin.py:188} INFO - [2025-05-27T14:00:26.411+0000] {dag.py:3036} INFO - Sync 1 DAGs
[2025-05-27T14:00:26.430+0000] {logging_mixin.py:188} INFO - [2025-05-27T14:00:26.430+0000] {dag.py:3823} INFO - Setting next_dagrun for mysql_to_postgres to 2025-05-27 14:00:00+00:00, run_after=2025-05-27 15:00:00+00:00
[2025-05-27T14:00:26.445+0000] {processor.py:183} INFO - Processing /opt/airflow/dags/mysql_to_postgres.py took 0.354 seconds
[2025-05-27T14:00:57.196+0000] {processor.py:161} INFO - Started process (PID=1426) to work on /opt/airflow/dags/mysql_to_postgres.py
[2025-05-27T14:00:57.197+0000] {processor.py:830} INFO - Processing file /opt/airflow/dags/mysql_to_postgres.py for tasks to queue
[2025-05-27T14:00:57.198+0000] {logging_mixin.py:188} INFO - [2025-05-27T14:00:57.198+0000] {dagbag.py:538} INFO - Filling up the DagBag from /opt/airflow/dags/mysql_to_postgres.py
[2025-05-27T14:00:57.431+0000] {processor.py:840} INFO - DAG(s) 'mysql_to_postgres' retrieved from /opt/airflow/dags/mysql_to_postgres.py
[2025-05-27T14:00:57.477+0000] {logging_mixin.py:188} INFO - [2025-05-27T14:00:57.476+0000] {dag.py:3036} INFO - Sync 1 DAGs
[2025-05-27T14:00:57.509+0000] {logging_mixin.py:188} INFO - [2025-05-27T14:00:57.509+0000] {dag.py:3823} INFO - Setting next_dagrun for mysql_to_postgres to 2025-05-27 14:00:00+00:00, run_after=2025-05-27 15:00:00+00:00
[2025-05-27T14:00:57.526+0000] {processor.py:183} INFO - Processing /opt/airflow/dags/mysql_to_postgres.py took 0.332 seconds
[2025-05-27T14:01:29.042+0000] {processor.py:161} INFO - Started process (PID=1444) to work on /opt/airflow/dags/mysql_to_postgres.py
[2025-05-27T14:01:29.051+0000] {processor.py:830} INFO - Processing file /opt/airflow/dags/mysql_to_postgres.py for tasks to queue
[2025-05-27T14:01:29.052+0000] {logging_mixin.py:188} INFO - [2025-05-27T14:01:29.052+0000] {dagbag.py:538} INFO - Filling up the DagBag from /opt/airflow/dags/mysql_to_postgres.py
[2025-05-27T14:01:29.513+0000] {processor.py:840} INFO - DAG(s) 'mysql_to_postgres' retrieved from /opt/airflow/dags/mysql_to_postgres.py
[2025-05-27T14:01:29.611+0000] {logging_mixin.py:188} INFO - [2025-05-27T14:01:29.610+0000] {dag.py:3036} INFO - Sync 1 DAGs
[2025-05-27T14:01:29.634+0000] {logging_mixin.py:188} INFO - [2025-05-27T14:01:29.634+0000] {dag.py:3823} INFO - Setting next_dagrun for mysql_to_postgres to 2025-05-27 14:00:00+00:00, run_after=2025-05-27 15:00:00+00:00
[2025-05-27T14:01:29.646+0000] {processor.py:183} INFO - Processing /opt/airflow/dags/mysql_to_postgres.py took 0.619 seconds
[2025-05-27T14:02:00.255+0000] {processor.py:161} INFO - Started process (PID=1462) to work on /opt/airflow/dags/mysql_to_postgres.py
[2025-05-27T14:02:00.256+0000] {processor.py:830} INFO - Processing file /opt/airflow/dags/mysql_to_postgres.py for tasks to queue
[2025-05-27T14:02:00.257+0000] {logging_mixin.py:188} INFO - [2025-05-27T14:02:00.257+0000] {dagbag.py:538} INFO - Filling up the DagBag from /opt/airflow/dags/mysql_to_postgres.py
[2025-05-27T14:02:00.612+0000] {processor.py:840} INFO - DAG(s) 'mysql_to_postgres' retrieved from /opt/airflow/dags/mysql_to_postgres.py
[2025-05-27T14:02:00.655+0000] {logging_mixin.py:188} INFO - [2025-05-27T14:02:00.653+0000] {dag.py:3036} INFO - Sync 1 DAGs
[2025-05-27T14:02:00.686+0000] {logging_mixin.py:188} INFO - [2025-05-27T14:02:00.686+0000] {dag.py:3823} INFO - Setting next_dagrun for mysql_to_postgres to 2025-05-27 14:00:00+00:00, run_after=2025-05-27 15:00:00+00:00
[2025-05-27T14:02:00.699+0000] {processor.py:183} INFO - Processing /opt/airflow/dags/mysql_to_postgres.py took 0.446 seconds
[2025-05-27T14:02:30.857+0000] {processor.py:161} INFO - Started process (PID=1478) to work on /opt/airflow/dags/mysql_to_postgres.py
[2025-05-27T14:02:30.858+0000] {processor.py:830} INFO - Processing file /opt/airflow/dags/mysql_to_postgres.py for tasks to queue
[2025-05-27T14:02:30.858+0000] {logging_mixin.py:188} INFO - [2025-05-27T14:02:30.858+0000] {dagbag.py:538} INFO - Filling up the DagBag from /opt/airflow/dags/mysql_to_postgres.py
[2025-05-27T14:02:31.054+0000] {processor.py:840} INFO - DAG(s) 'mysql_to_postgres' retrieved from /opt/airflow/dags/mysql_to_postgres.py
[2025-05-27T14:02:31.086+0000] {logging_mixin.py:188} INFO - [2025-05-27T14:02:31.085+0000] {dag.py:3036} INFO - Sync 1 DAGs
[2025-05-27T14:02:31.111+0000] {logging_mixin.py:188} INFO - [2025-05-27T14:02:31.111+0000] {dag.py:3823} INFO - Setting next_dagrun for mysql_to_postgres to 2025-05-27 14:00:00+00:00, run_after=2025-05-27 15:00:00+00:00
[2025-05-27T14:02:31.125+0000] {processor.py:183} INFO - Processing /opt/airflow/dags/mysql_to_postgres.py took 0.271 seconds
[2025-05-27T14:03:01.537+0000] {processor.py:161} INFO - Started process (PID=1495) to work on /opt/airflow/dags/mysql_to_postgres.py
[2025-05-27T14:03:01.539+0000] {processor.py:830} INFO - Processing file /opt/airflow/dags/mysql_to_postgres.py for tasks to queue
[2025-05-27T14:03:01.541+0000] {logging_mixin.py:188} INFO - [2025-05-27T14:03:01.541+0000] {dagbag.py:538} INFO - Filling up the DagBag from /opt/airflow/dags/mysql_to_postgres.py
[2025-05-27T14:03:01.735+0000] {processor.py:840} INFO - DAG(s) 'mysql_to_postgres' retrieved from /opt/airflow/dags/mysql_to_postgres.py
[2025-05-27T14:03:01.762+0000] {logging_mixin.py:188} INFO - [2025-05-27T14:03:01.761+0000] {dag.py:3036} INFO - Sync 1 DAGs
[2025-05-27T14:03:01.792+0000] {logging_mixin.py:188} INFO - [2025-05-27T14:03:01.792+0000] {dag.py:3823} INFO - Setting next_dagrun for mysql_to_postgres to 2025-05-27 14:00:00+00:00, run_after=2025-05-27 15:00:00+00:00
[2025-05-27T14:03:01.815+0000] {processor.py:183} INFO - Processing /opt/airflow/dags/mysql_to_postgres.py took 0.281 seconds
[2025-05-27T14:03:32.556+0000] {processor.py:161} INFO - Started process (PID=1516) to work on /opt/airflow/dags/mysql_to_postgres.py
[2025-05-27T14:03:32.557+0000] {processor.py:830} INFO - Processing file /opt/airflow/dags/mysql_to_postgres.py for tasks to queue
[2025-05-27T14:03:32.557+0000] {logging_mixin.py:188} INFO - [2025-05-27T14:03:32.557+0000] {dagbag.py:538} INFO - Filling up the DagBag from /opt/airflow/dags/mysql_to_postgres.py
[2025-05-27T14:03:32.685+0000] {processor.py:840} INFO - DAG(s) 'mysql_to_postgres' retrieved from /opt/airflow/dags/mysql_to_postgres.py
[2025-05-27T14:03:32.701+0000] {logging_mixin.py:188} INFO - [2025-05-27T14:03:32.700+0000] {dag.py:3036} INFO - Sync 1 DAGs
[2025-05-27T14:03:32.712+0000] {logging_mixin.py:188} INFO - [2025-05-27T14:03:32.712+0000] {dag.py:3823} INFO - Setting next_dagrun for mysql_to_postgres to 2025-05-27 14:00:00+00:00, run_after=2025-05-27 15:00:00+00:00
[2025-05-27T14:03:32.721+0000] {processor.py:183} INFO - Processing /opt/airflow/dags/mysql_to_postgres.py took 0.167 seconds
[2025-05-27T14:04:03.912+0000] {processor.py:161} INFO - Started process (PID=1534) to work on /opt/airflow/dags/mysql_to_postgres.py
[2025-05-27T14:04:03.918+0000] {processor.py:830} INFO - Processing file /opt/airflow/dags/mysql_to_postgres.py for tasks to queue
[2025-05-27T14:04:03.923+0000] {logging_mixin.py:188} INFO - [2025-05-27T14:04:03.921+0000] {dagbag.py:538} INFO - Filling up the DagBag from /opt/airflow/dags/mysql_to_postgres.py
[2025-05-27T14:04:04.465+0000] {processor.py:840} INFO - DAG(s) 'mysql_to_postgres' retrieved from /opt/airflow/dags/mysql_to_postgres.py
[2025-05-27T14:04:04.544+0000] {logging_mixin.py:188} INFO - [2025-05-27T14:04:04.543+0000] {dag.py:3036} INFO - Sync 1 DAGs
[2025-05-27T14:04:04.568+0000] {logging_mixin.py:188} INFO - [2025-05-27T14:04:04.567+0000] {dag.py:3823} INFO - Setting next_dagrun for mysql_to_postgres to 2025-05-27 14:00:00+00:00, run_after=2025-05-27 15:00:00+00:00
[2025-05-27T14:04:04.588+0000] {processor.py:183} INFO - Processing /opt/airflow/dags/mysql_to_postgres.py took 0.711 seconds
[2025-05-27T14:04:34.888+0000] {processor.py:161} INFO - Started process (PID=1551) to work on /opt/airflow/dags/mysql_to_postgres.py
[2025-05-27T14:04:34.889+0000] {processor.py:830} INFO - Processing file /opt/airflow/dags/mysql_to_postgres.py for tasks to queue
[2025-05-27T14:04:34.890+0000] {logging_mixin.py:188} INFO - [2025-05-27T14:04:34.889+0000] {dagbag.py:538} INFO - Filling up the DagBag from /opt/airflow/dags/mysql_to_postgres.py
[2025-05-27T14:04:35.036+0000] {processor.py:840} INFO - DAG(s) 'mysql_to_postgres' retrieved from /opt/airflow/dags/mysql_to_postgres.py
[2025-05-27T14:04:35.056+0000] {logging_mixin.py:188} INFO - [2025-05-27T14:04:35.056+0000] {dag.py:3036} INFO - Sync 1 DAGs
[2025-05-27T14:04:35.069+0000] {logging_mixin.py:188} INFO - [2025-05-27T14:04:35.069+0000] {dag.py:3823} INFO - Setting next_dagrun for mysql_to_postgres to 2025-05-27 14:00:00+00:00, run_after=2025-05-27 15:00:00+00:00
[2025-05-27T14:04:35.077+0000] {processor.py:183} INFO - Processing /opt/airflow/dags/mysql_to_postgres.py took 0.193 seconds
