[2025-05-27T13:22:14.444+0000] {processor.py:161} INFO - Started process (PID=198) to work on /opt/airflow/dags/postgres_to_mysql.py
[2025-05-27T13:22:14.449+0000] {processor.py:830} INFO - Processing file /opt/airflow/dags/postgres_to_mysql.py for tasks to queue
[2025-05-27T13:22:14.452+0000] {logging_mixin.py:188} INFO - [2025-05-27T13:22:14.451+0000] {dagbag.py:538} INFO - Filling up the DagBag from /opt/airflow/dags/postgres_to_mysql.py
[2025-05-27T13:22:15.227+0000] {processor.py:840} INFO - DAG(s) 'postgres_to_mysql' retrieved from /opt/airflow/dags/postgres_to_mysql.py
[2025-05-27T13:22:15.327+0000] {logging_mixin.py:188} INFO - [2025-05-27T13:22:15.327+0000] {dag.py:3036} INFO - Sync 1 DAGs
[2025-05-27T13:22:15.376+0000] {logging_mixin.py:188} INFO - [2025-05-27T13:22:15.376+0000] {dag.py:3823} INFO - Setting next_dagrun for postgres_to_mysql to 2025-05-27 13:00:00+00:00, run_after=2025-05-27 14:00:00+00:00
[2025-05-27T13:22:15.408+0000] {processor.py:183} INFO - Processing /opt/airflow/dags/postgres_to_mysql.py took 0.993 seconds
[2025-05-27T13:22:45.766+0000] {processor.py:161} INFO - Started process (PID=227) to work on /opt/airflow/dags/postgres_to_mysql.py
[2025-05-27T13:22:45.770+0000] {processor.py:830} INFO - Processing file /opt/airflow/dags/postgres_to_mysql.py for tasks to queue
[2025-05-27T13:22:45.771+0000] {logging_mixin.py:188} INFO - [2025-05-27T13:22:45.770+0000] {dagbag.py:538} INFO - Filling up the DagBag from /opt/airflow/dags/postgres_to_mysql.py
[2025-05-27T13:22:46.045+0000] {processor.py:840} INFO - DAG(s) 'postgres_to_mysql' retrieved from /opt/airflow/dags/postgres_to_mysql.py
[2025-05-27T13:22:46.173+0000] {logging_mixin.py:188} INFO - [2025-05-27T13:22:46.172+0000] {dag.py:3036} INFO - Sync 1 DAGs
[2025-05-27T13:22:46.395+0000] {logging_mixin.py:188} INFO - [2025-05-27T13:22:46.395+0000] {dag.py:3823} INFO - Setting next_dagrun for postgres_to_mysql to 2025-05-27 13:00:00+00:00, run_after=2025-05-27 14:00:00+00:00
[2025-05-27T13:22:46.418+0000] {processor.py:183} INFO - Processing /opt/airflow/dags/postgres_to_mysql.py took 0.672 seconds
[2025-05-27T13:23:16.963+0000] {processor.py:161} INFO - Started process (PID=245) to work on /opt/airflow/dags/postgres_to_mysql.py
[2025-05-27T13:23:16.966+0000] {processor.py:830} INFO - Processing file /opt/airflow/dags/postgres_to_mysql.py for tasks to queue
[2025-05-27T13:23:16.967+0000] {logging_mixin.py:188} INFO - [2025-05-27T13:23:16.967+0000] {dagbag.py:538} INFO - Filling up the DagBag from /opt/airflow/dags/postgres_to_mysql.py
[2025-05-27T13:23:17.342+0000] {processor.py:840} INFO - DAG(s) 'postgres_to_mysql' retrieved from /opt/airflow/dags/postgres_to_mysql.py
[2025-05-27T13:23:17.396+0000] {logging_mixin.py:188} INFO - [2025-05-27T13:23:17.394+0000] {dag.py:3036} INFO - Sync 1 DAGs
[2025-05-27T13:23:17.421+0000] {logging_mixin.py:188} INFO - [2025-05-27T13:23:17.421+0000] {dag.py:3823} INFO - Setting next_dagrun for postgres_to_mysql to 2025-05-27 13:00:00+00:00, run_after=2025-05-27 14:00:00+00:00
[2025-05-27T13:23:17.438+0000] {processor.py:183} INFO - Processing /opt/airflow/dags/postgres_to_mysql.py took 0.492 seconds
[2025-05-27T13:23:47.990+0000] {processor.py:161} INFO - Started process (PID=263) to work on /opt/airflow/dags/postgres_to_mysql.py
[2025-05-27T13:23:47.992+0000] {processor.py:830} INFO - Processing file /opt/airflow/dags/postgres_to_mysql.py for tasks to queue
[2025-05-27T13:23:47.995+0000] {logging_mixin.py:188} INFO - [2025-05-27T13:23:47.995+0000] {dagbag.py:538} INFO - Filling up the DagBag from /opt/airflow/dags/postgres_to_mysql.py
[2025-05-27T13:23:48.279+0000] {processor.py:840} INFO - DAG(s) 'postgres_to_mysql' retrieved from /opt/airflow/dags/postgres_to_mysql.py
[2025-05-27T13:23:48.333+0000] {logging_mixin.py:188} INFO - [2025-05-27T13:23:48.333+0000] {dag.py:3036} INFO - Sync 1 DAGs
[2025-05-27T13:23:48.355+0000] {logging_mixin.py:188} INFO - [2025-05-27T13:23:48.354+0000] {dag.py:3823} INFO - Setting next_dagrun for postgres_to_mysql to 2025-05-27 13:00:00+00:00, run_after=2025-05-27 14:00:00+00:00
[2025-05-27T13:23:48.395+0000] {processor.py:183} INFO - Processing /opt/airflow/dags/postgres_to_mysql.py took 0.424 seconds
[2025-05-27T13:24:19.020+0000] {processor.py:161} INFO - Started process (PID=285) to work on /opt/airflow/dags/postgres_to_mysql.py
[2025-05-27T13:24:19.022+0000] {processor.py:830} INFO - Processing file /opt/airflow/dags/postgres_to_mysql.py for tasks to queue
[2025-05-27T13:24:19.025+0000] {logging_mixin.py:188} INFO - [2025-05-27T13:24:19.025+0000] {dagbag.py:538} INFO - Filling up the DagBag from /opt/airflow/dags/postgres_to_mysql.py
[2025-05-27T13:24:20.343+0000] {processor.py:840} INFO - DAG(s) 'postgres_to_mysql' retrieved from /opt/airflow/dags/postgres_to_mysql.py
[2025-05-27T13:24:20.448+0000] {logging_mixin.py:188} INFO - [2025-05-27T13:24:20.447+0000] {dag.py:3036} INFO - Sync 1 DAGs
[2025-05-27T13:24:20.487+0000] {logging_mixin.py:188} INFO - [2025-05-27T13:24:20.487+0000] {dag.py:3823} INFO - Setting next_dagrun for postgres_to_mysql to 2025-05-27 13:00:00+00:00, run_after=2025-05-27 14:00:00+00:00
[2025-05-27T13:24:20.524+0000] {processor.py:183} INFO - Processing /opt/airflow/dags/postgres_to_mysql.py took 1.521 seconds
[2025-05-27T13:24:51.572+0000] {processor.py:161} INFO - Started process (PID=303) to work on /opt/airflow/dags/postgres_to_mysql.py
[2025-05-27T13:24:51.581+0000] {processor.py:830} INFO - Processing file /opt/airflow/dags/postgres_to_mysql.py for tasks to queue
[2025-05-27T13:24:51.586+0000] {logging_mixin.py:188} INFO - [2025-05-27T13:24:51.585+0000] {dagbag.py:538} INFO - Filling up the DagBag from /opt/airflow/dags/postgres_to_mysql.py
[2025-05-27T13:24:52.363+0000] {processor.py:840} INFO - DAG(s) 'postgres_to_mysql' retrieved from /opt/airflow/dags/postgres_to_mysql.py
[2025-05-27T13:24:52.476+0000] {logging_mixin.py:188} INFO - [2025-05-27T13:24:52.475+0000] {dag.py:3036} INFO - Sync 1 DAGs
[2025-05-27T13:24:52.512+0000] {logging_mixin.py:188} INFO - [2025-05-27T13:24:52.511+0000] {dag.py:3823} INFO - Setting next_dagrun for postgres_to_mysql to 2025-05-27 13:00:00+00:00, run_after=2025-05-27 14:00:00+00:00
[2025-05-27T13:24:52.536+0000] {processor.py:183} INFO - Processing /opt/airflow/dags/postgres_to_mysql.py took 1.035 seconds
[2025-05-27T13:25:23.096+0000] {processor.py:161} INFO - Started process (PID=321) to work on /opt/airflow/dags/postgres_to_mysql.py
[2025-05-27T13:25:23.100+0000] {processor.py:830} INFO - Processing file /opt/airflow/dags/postgres_to_mysql.py for tasks to queue
[2025-05-27T13:25:23.103+0000] {logging_mixin.py:188} INFO - [2025-05-27T13:25:23.103+0000] {dagbag.py:538} INFO - Filling up the DagBag from /opt/airflow/dags/postgres_to_mysql.py
[2025-05-27T13:25:23.398+0000] {processor.py:840} INFO - DAG(s) 'postgres_to_mysql' retrieved from /opt/airflow/dags/postgres_to_mysql.py
[2025-05-27T13:25:23.447+0000] {logging_mixin.py:188} INFO - [2025-05-27T13:25:23.447+0000] {dag.py:3036} INFO - Sync 1 DAGs
[2025-05-27T13:25:23.467+0000] {logging_mixin.py:188} INFO - [2025-05-27T13:25:23.467+0000] {dag.py:3823} INFO - Setting next_dagrun for postgres_to_mysql to 2025-05-27 13:00:00+00:00, run_after=2025-05-27 14:00:00+00:00
[2025-05-27T13:25:23.485+0000] {processor.py:183} INFO - Processing /opt/airflow/dags/postgres_to_mysql.py took 0.398 seconds
[2025-05-27T13:27:16.078+0000] {processor.py:161} INFO - Started process (PID=217) to work on /opt/airflow/dags/postgres_to_mysql.py
[2025-05-27T13:27:16.082+0000] {processor.py:830} INFO - Processing file /opt/airflow/dags/postgres_to_mysql.py for tasks to queue
[2025-05-27T13:27:16.089+0000] {logging_mixin.py:188} INFO - [2025-05-27T13:27:16.087+0000] {dagbag.py:538} INFO - Filling up the DagBag from /opt/airflow/dags/postgres_to_mysql.py
[2025-05-27T13:27:16.824+0000] {processor.py:840} INFO - DAG(s) 'postgres_to_mysql' retrieved from /opt/airflow/dags/postgres_to_mysql.py
[2025-05-27T13:27:16.916+0000] {logging_mixin.py:188} INFO - [2025-05-27T13:27:16.915+0000] {dag.py:3036} INFO - Sync 1 DAGs
[2025-05-27T13:27:17.000+0000] {logging_mixin.py:188} INFO - [2025-05-27T13:27:16.999+0000] {dag.py:3823} INFO - Setting next_dagrun for postgres_to_mysql to 2025-05-27 13:00:00+00:00, run_after=2025-05-27 14:00:00+00:00
[2025-05-27T13:27:17.086+0000] {processor.py:183} INFO - Processing /opt/airflow/dags/postgres_to_mysql.py took 1.019 seconds
[2025-05-27T13:27:47.629+0000] {processor.py:161} INFO - Started process (PID=246) to work on /opt/airflow/dags/postgres_to_mysql.py
[2025-05-27T13:27:47.635+0000] {processor.py:830} INFO - Processing file /opt/airflow/dags/postgres_to_mysql.py for tasks to queue
[2025-05-27T13:27:47.638+0000] {logging_mixin.py:188} INFO - [2025-05-27T13:27:47.637+0000] {dagbag.py:538} INFO - Filling up the DagBag from /opt/airflow/dags/postgres_to_mysql.py
[2025-05-27T13:27:48.169+0000] {processor.py:840} INFO - DAG(s) 'postgres_to_mysql' retrieved from /opt/airflow/dags/postgres_to_mysql.py
[2025-05-27T13:27:48.324+0000] {logging_mixin.py:188} INFO - [2025-05-27T13:27:48.323+0000] {dag.py:3036} INFO - Sync 1 DAGs
[2025-05-27T13:27:48.719+0000] {logging_mixin.py:188} INFO - [2025-05-27T13:27:48.719+0000] {dag.py:3823} INFO - Setting next_dagrun for postgres_to_mysql to 2025-05-27 13:00:00+00:00, run_after=2025-05-27 14:00:00+00:00
[2025-05-27T13:27:48.744+0000] {processor.py:183} INFO - Processing /opt/airflow/dags/postgres_to_mysql.py took 1.124 seconds
[2025-05-27T13:28:19.110+0000] {processor.py:161} INFO - Started process (PID=264) to work on /opt/airflow/dags/postgres_to_mysql.py
[2025-05-27T13:28:19.111+0000] {processor.py:830} INFO - Processing file /opt/airflow/dags/postgres_to_mysql.py for tasks to queue
[2025-05-27T13:28:19.114+0000] {logging_mixin.py:188} INFO - [2025-05-27T13:28:19.113+0000] {dagbag.py:538} INFO - Filling up the DagBag from /opt/airflow/dags/postgres_to_mysql.py
[2025-05-27T13:28:19.317+0000] {processor.py:840} INFO - DAG(s) 'postgres_to_mysql' retrieved from /opt/airflow/dags/postgres_to_mysql.py
[2025-05-27T13:28:19.359+0000] {logging_mixin.py:188} INFO - [2025-05-27T13:28:19.358+0000] {dag.py:3036} INFO - Sync 1 DAGs
[2025-05-27T13:28:19.377+0000] {logging_mixin.py:188} INFO - [2025-05-27T13:28:19.377+0000] {dag.py:3823} INFO - Setting next_dagrun for postgres_to_mysql to 2025-05-27 13:00:00+00:00, run_after=2025-05-27 14:00:00+00:00
[2025-05-27T13:28:19.394+0000] {processor.py:183} INFO - Processing /opt/airflow/dags/postgres_to_mysql.py took 0.287 seconds
[2025-05-27T13:28:49.803+0000] {processor.py:161} INFO - Started process (PID=282) to work on /opt/airflow/dags/postgres_to_mysql.py
[2025-05-27T13:28:49.805+0000] {processor.py:830} INFO - Processing file /opt/airflow/dags/postgres_to_mysql.py for tasks to queue
[2025-05-27T13:28:49.806+0000] {logging_mixin.py:188} INFO - [2025-05-27T13:28:49.806+0000] {dagbag.py:538} INFO - Filling up the DagBag from /opt/airflow/dags/postgres_to_mysql.py
[2025-05-27T13:28:50.045+0000] {processor.py:840} INFO - DAG(s) 'postgres_to_mysql' retrieved from /opt/airflow/dags/postgres_to_mysql.py
[2025-05-27T13:28:50.070+0000] {logging_mixin.py:188} INFO - [2025-05-27T13:28:50.069+0000] {dag.py:3036} INFO - Sync 1 DAGs
[2025-05-27T13:28:50.101+0000] {logging_mixin.py:188} INFO - [2025-05-27T13:28:50.101+0000] {dag.py:3823} INFO - Setting next_dagrun for postgres_to_mysql to 2025-05-27 13:00:00+00:00, run_after=2025-05-27 14:00:00+00:00
[2025-05-27T13:28:50.117+0000] {processor.py:183} INFO - Processing /opt/airflow/dags/postgres_to_mysql.py took 0.323 seconds
[2025-05-27T13:29:20.720+0000] {processor.py:161} INFO - Started process (PID=300) to work on /opt/airflow/dags/postgres_to_mysql.py
[2025-05-27T13:29:20.722+0000] {processor.py:830} INFO - Processing file /opt/airflow/dags/postgres_to_mysql.py for tasks to queue
[2025-05-27T13:29:20.723+0000] {logging_mixin.py:188} INFO - [2025-05-27T13:29:20.723+0000] {dagbag.py:538} INFO - Filling up the DagBag from /opt/airflow/dags/postgres_to_mysql.py
[2025-05-27T13:29:20.982+0000] {processor.py:840} INFO - DAG(s) 'postgres_to_mysql' retrieved from /opt/airflow/dags/postgres_to_mysql.py
[2025-05-27T13:29:21.028+0000] {logging_mixin.py:188} INFO - [2025-05-27T13:29:21.028+0000] {dag.py:3036} INFO - Sync 1 DAGs
[2025-05-27T13:29:21.051+0000] {logging_mixin.py:188} INFO - [2025-05-27T13:29:21.051+0000] {dag.py:3823} INFO - Setting next_dagrun for postgres_to_mysql to 2025-05-27 13:00:00+00:00, run_after=2025-05-27 14:00:00+00:00
[2025-05-27T13:29:21.066+0000] {processor.py:183} INFO - Processing /opt/airflow/dags/postgres_to_mysql.py took 0.357 seconds
[2025-05-27T13:29:51.454+0000] {processor.py:161} INFO - Started process (PID=318) to work on /opt/airflow/dags/postgres_to_mysql.py
[2025-05-27T13:29:51.458+0000] {processor.py:830} INFO - Processing file /opt/airflow/dags/postgres_to_mysql.py for tasks to queue
[2025-05-27T13:29:51.461+0000] {logging_mixin.py:188} INFO - [2025-05-27T13:29:51.460+0000] {dagbag.py:538} INFO - Filling up the DagBag from /opt/airflow/dags/postgres_to_mysql.py
[2025-05-27T13:29:51.867+0000] {processor.py:840} INFO - DAG(s) 'postgres_to_mysql' retrieved from /opt/airflow/dags/postgres_to_mysql.py
[2025-05-27T13:29:51.959+0000] {logging_mixin.py:188} INFO - [2025-05-27T13:29:51.958+0000] {dag.py:3036} INFO - Sync 1 DAGs
[2025-05-27T13:29:51.990+0000] {logging_mixin.py:188} INFO - [2025-05-27T13:29:51.990+0000] {dag.py:3823} INFO - Setting next_dagrun for postgres_to_mysql to 2025-05-27 13:00:00+00:00, run_after=2025-05-27 14:00:00+00:00
[2025-05-27T13:29:52.026+0000] {processor.py:183} INFO - Processing /opt/airflow/dags/postgres_to_mysql.py took 0.615 seconds
[2025-05-27T13:30:22.521+0000] {processor.py:161} INFO - Started process (PID=336) to work on /opt/airflow/dags/postgres_to_mysql.py
[2025-05-27T13:30:22.523+0000] {processor.py:830} INFO - Processing file /opt/airflow/dags/postgres_to_mysql.py for tasks to queue
[2025-05-27T13:30:22.525+0000] {logging_mixin.py:188} INFO - [2025-05-27T13:30:22.525+0000] {dagbag.py:538} INFO - Filling up the DagBag from /opt/airflow/dags/postgres_to_mysql.py
[2025-05-27T13:30:22.780+0000] {processor.py:840} INFO - DAG(s) 'postgres_to_mysql' retrieved from /opt/airflow/dags/postgres_to_mysql.py
[2025-05-27T13:30:22.818+0000] {logging_mixin.py:188} INFO - [2025-05-27T13:30:22.817+0000] {dag.py:3036} INFO - Sync 1 DAGs
[2025-05-27T13:30:22.841+0000] {logging_mixin.py:188} INFO - [2025-05-27T13:30:22.841+0000] {dag.py:3823} INFO - Setting next_dagrun for postgres_to_mysql to 2025-05-27 13:00:00+00:00, run_after=2025-05-27 14:00:00+00:00
[2025-05-27T13:30:22.870+0000] {processor.py:183} INFO - Processing /opt/airflow/dags/postgres_to_mysql.py took 0.374 seconds
[2025-05-27T13:30:53.317+0000] {processor.py:161} INFO - Started process (PID=354) to work on /opt/airflow/dags/postgres_to_mysql.py
[2025-05-27T13:30:53.319+0000] {processor.py:830} INFO - Processing file /opt/airflow/dags/postgres_to_mysql.py for tasks to queue
[2025-05-27T13:30:53.320+0000] {logging_mixin.py:188} INFO - [2025-05-27T13:30:53.320+0000] {dagbag.py:538} INFO - Filling up the DagBag from /opt/airflow/dags/postgres_to_mysql.py
[2025-05-27T13:30:53.551+0000] {processor.py:840} INFO - DAG(s) 'postgres_to_mysql' retrieved from /opt/airflow/dags/postgres_to_mysql.py
[2025-05-27T13:30:53.580+0000] {logging_mixin.py:188} INFO - [2025-05-27T13:30:53.579+0000] {dag.py:3036} INFO - Sync 1 DAGs
[2025-05-27T13:30:53.599+0000] {logging_mixin.py:188} INFO - [2025-05-27T13:30:53.599+0000] {dag.py:3823} INFO - Setting next_dagrun for postgres_to_mysql to 2025-05-27 13:00:00+00:00, run_after=2025-05-27 14:00:00+00:00
[2025-05-27T13:30:53.615+0000] {processor.py:183} INFO - Processing /opt/airflow/dags/postgres_to_mysql.py took 0.306 seconds
[2025-05-27T13:31:24.135+0000] {processor.py:161} INFO - Started process (PID=372) to work on /opt/airflow/dags/postgres_to_mysql.py
[2025-05-27T13:31:24.139+0000] {processor.py:830} INFO - Processing file /opt/airflow/dags/postgres_to_mysql.py for tasks to queue
[2025-05-27T13:31:24.140+0000] {logging_mixin.py:188} INFO - [2025-05-27T13:31:24.140+0000] {dagbag.py:538} INFO - Filling up the DagBag from /opt/airflow/dags/postgres_to_mysql.py
[2025-05-27T13:31:24.357+0000] {processor.py:840} INFO - DAG(s) 'postgres_to_mysql' retrieved from /opt/airflow/dags/postgres_to_mysql.py
[2025-05-27T13:31:24.392+0000] {logging_mixin.py:188} INFO - [2025-05-27T13:31:24.391+0000] {dag.py:3036} INFO - Sync 1 DAGs
[2025-05-27T13:31:24.414+0000] {logging_mixin.py:188} INFO - [2025-05-27T13:31:24.414+0000] {dag.py:3823} INFO - Setting next_dagrun for postgres_to_mysql to 2025-05-27 13:00:00+00:00, run_after=2025-05-27 14:00:00+00:00
[2025-05-27T13:31:24.434+0000] {processor.py:183} INFO - Processing /opt/airflow/dags/postgres_to_mysql.py took 0.306 seconds
[2025-05-27T13:31:54.954+0000] {processor.py:161} INFO - Started process (PID=390) to work on /opt/airflow/dags/postgres_to_mysql.py
[2025-05-27T13:31:54.959+0000] {processor.py:830} INFO - Processing file /opt/airflow/dags/postgres_to_mysql.py for tasks to queue
[2025-05-27T13:31:54.962+0000] {logging_mixin.py:188} INFO - [2025-05-27T13:31:54.961+0000] {dagbag.py:538} INFO - Filling up the DagBag from /opt/airflow/dags/postgres_to_mysql.py
[2025-05-27T13:31:55.227+0000] {processor.py:840} INFO - DAG(s) 'postgres_to_mysql' retrieved from /opt/airflow/dags/postgres_to_mysql.py
[2025-05-27T13:31:55.267+0000] {logging_mixin.py:188} INFO - [2025-05-27T13:31:55.266+0000] {dag.py:3036} INFO - Sync 1 DAGs
[2025-05-27T13:31:55.285+0000] {logging_mixin.py:188} INFO - [2025-05-27T13:31:55.285+0000] {dag.py:3823} INFO - Setting next_dagrun for postgres_to_mysql to 2025-05-27 13:00:00+00:00, run_after=2025-05-27 14:00:00+00:00
[2025-05-27T13:31:55.301+0000] {processor.py:183} INFO - Processing /opt/airflow/dags/postgres_to_mysql.py took 0.355 seconds
[2025-05-27T13:32:25.816+0000] {processor.py:161} INFO - Started process (PID=408) to work on /opt/airflow/dags/postgres_to_mysql.py
[2025-05-27T13:32:25.819+0000] {processor.py:830} INFO - Processing file /opt/airflow/dags/postgres_to_mysql.py for tasks to queue
[2025-05-27T13:32:25.822+0000] {logging_mixin.py:188} INFO - [2025-05-27T13:32:25.821+0000] {dagbag.py:538} INFO - Filling up the DagBag from /opt/airflow/dags/postgres_to_mysql.py
[2025-05-27T13:32:26.101+0000] {processor.py:840} INFO - DAG(s) 'postgres_to_mysql' retrieved from /opt/airflow/dags/postgres_to_mysql.py
[2025-05-27T13:32:26.149+0000] {logging_mixin.py:188} INFO - [2025-05-27T13:32:26.149+0000] {dag.py:3036} INFO - Sync 1 DAGs
[2025-05-27T13:32:26.183+0000] {logging_mixin.py:188} INFO - [2025-05-27T13:32:26.183+0000] {dag.py:3823} INFO - Setting next_dagrun for postgres_to_mysql to 2025-05-27 13:00:00+00:00, run_after=2025-05-27 14:00:00+00:00
[2025-05-27T13:32:26.212+0000] {processor.py:183} INFO - Processing /opt/airflow/dags/postgres_to_mysql.py took 0.401 seconds
[2025-05-27T13:32:56.903+0000] {processor.py:161} INFO - Started process (PID=426) to work on /opt/airflow/dags/postgres_to_mysql.py
[2025-05-27T13:32:56.908+0000] {processor.py:830} INFO - Processing file /opt/airflow/dags/postgres_to_mysql.py for tasks to queue
[2025-05-27T13:32:56.911+0000] {logging_mixin.py:188} INFO - [2025-05-27T13:32:56.910+0000] {dagbag.py:538} INFO - Filling up the DagBag from /opt/airflow/dags/postgres_to_mysql.py
[2025-05-27T13:32:57.374+0000] {processor.py:840} INFO - DAG(s) 'postgres_to_mysql' retrieved from /opt/airflow/dags/postgres_to_mysql.py
[2025-05-27T13:32:57.440+0000] {logging_mixin.py:188} INFO - [2025-05-27T13:32:57.440+0000] {dag.py:3036} INFO - Sync 1 DAGs
[2025-05-27T13:32:57.480+0000] {logging_mixin.py:188} INFO - [2025-05-27T13:32:57.480+0000] {dag.py:3823} INFO - Setting next_dagrun for postgres_to_mysql to 2025-05-27 13:00:00+00:00, run_after=2025-05-27 14:00:00+00:00
[2025-05-27T13:32:57.515+0000] {processor.py:183} INFO - Processing /opt/airflow/dags/postgres_to_mysql.py took 0.630 seconds
[2025-05-27T13:33:28.486+0000] {processor.py:161} INFO - Started process (PID=444) to work on /opt/airflow/dags/postgres_to_mysql.py
[2025-05-27T13:33:28.489+0000] {processor.py:830} INFO - Processing file /opt/airflow/dags/postgres_to_mysql.py for tasks to queue
[2025-05-27T13:33:28.491+0000] {logging_mixin.py:188} INFO - [2025-05-27T13:33:28.490+0000] {dagbag.py:538} INFO - Filling up the DagBag from /opt/airflow/dags/postgres_to_mysql.py
[2025-05-27T13:33:28.731+0000] {processor.py:840} INFO - DAG(s) 'postgres_to_mysql' retrieved from /opt/airflow/dags/postgres_to_mysql.py
[2025-05-27T13:33:28.760+0000] {logging_mixin.py:188} INFO - [2025-05-27T13:33:28.759+0000] {dag.py:3036} INFO - Sync 1 DAGs
[2025-05-27T13:33:28.792+0000] {logging_mixin.py:188} INFO - [2025-05-27T13:33:28.791+0000] {dag.py:3823} INFO - Setting next_dagrun for postgres_to_mysql to 2025-05-27 13:00:00+00:00, run_after=2025-05-27 14:00:00+00:00
[2025-05-27T13:33:28.810+0000] {processor.py:183} INFO - Processing /opt/airflow/dags/postgres_to_mysql.py took 0.330 seconds
[2025-05-27T13:33:59.213+0000] {processor.py:161} INFO - Started process (PID=462) to work on /opt/airflow/dags/postgres_to_mysql.py
[2025-05-27T13:33:59.215+0000] {processor.py:830} INFO - Processing file /opt/airflow/dags/postgres_to_mysql.py for tasks to queue
[2025-05-27T13:33:59.216+0000] {logging_mixin.py:188} INFO - [2025-05-27T13:33:59.216+0000] {dagbag.py:538} INFO - Filling up the DagBag from /opt/airflow/dags/postgres_to_mysql.py
[2025-05-27T13:33:59.472+0000] {processor.py:840} INFO - DAG(s) 'postgres_to_mysql' retrieved from /opt/airflow/dags/postgres_to_mysql.py
[2025-05-27T13:33:59.501+0000] {logging_mixin.py:188} INFO - [2025-05-27T13:33:59.501+0000] {dag.py:3036} INFO - Sync 1 DAGs
[2025-05-27T13:33:59.519+0000] {logging_mixin.py:188} INFO - [2025-05-27T13:33:59.519+0000] {dag.py:3823} INFO - Setting next_dagrun for postgres_to_mysql to 2025-05-27 13:00:00+00:00, run_after=2025-05-27 14:00:00+00:00
[2025-05-27T13:33:59.553+0000] {processor.py:183} INFO - Processing /opt/airflow/dags/postgres_to_mysql.py took 0.346 seconds
[2025-05-27T13:34:30.142+0000] {processor.py:161} INFO - Started process (PID=480) to work on /opt/airflow/dags/postgres_to_mysql.py
[2025-05-27T13:34:30.145+0000] {processor.py:830} INFO - Processing file /opt/airflow/dags/postgres_to_mysql.py for tasks to queue
[2025-05-27T13:34:30.147+0000] {logging_mixin.py:188} INFO - [2025-05-27T13:34:30.147+0000] {dagbag.py:538} INFO - Filling up the DagBag from /opt/airflow/dags/postgres_to_mysql.py
[2025-05-27T13:34:30.611+0000] {processor.py:840} INFO - DAG(s) 'postgres_to_mysql' retrieved from /opt/airflow/dags/postgres_to_mysql.py
[2025-05-27T13:34:30.678+0000] {logging_mixin.py:188} INFO - [2025-05-27T13:34:30.678+0000] {dag.py:3036} INFO - Sync 1 DAGs
[2025-05-27T13:34:30.735+0000] {logging_mixin.py:188} INFO - [2025-05-27T13:34:30.735+0000] {dag.py:3823} INFO - Setting next_dagrun for postgres_to_mysql to 2025-05-27 13:00:00+00:00, run_after=2025-05-27 14:00:00+00:00
[2025-05-27T13:34:30.757+0000] {processor.py:183} INFO - Processing /opt/airflow/dags/postgres_to_mysql.py took 0.621 seconds
[2025-05-27T13:35:01.195+0000] {processor.py:161} INFO - Started process (PID=498) to work on /opt/airflow/dags/postgres_to_mysql.py
[2025-05-27T13:35:01.197+0000] {processor.py:830} INFO - Processing file /opt/airflow/dags/postgres_to_mysql.py for tasks to queue
[2025-05-27T13:35:01.198+0000] {logging_mixin.py:188} INFO - [2025-05-27T13:35:01.198+0000] {dagbag.py:538} INFO - Filling up the DagBag from /opt/airflow/dags/postgres_to_mysql.py
[2025-05-27T13:35:01.476+0000] {processor.py:840} INFO - DAG(s) 'postgres_to_mysql' retrieved from /opt/airflow/dags/postgres_to_mysql.py
[2025-05-27T13:35:01.524+0000] {logging_mixin.py:188} INFO - [2025-05-27T13:35:01.523+0000] {dag.py:3036} INFO - Sync 1 DAGs
[2025-05-27T13:35:01.551+0000] {logging_mixin.py:188} INFO - [2025-05-27T13:35:01.551+0000] {dag.py:3823} INFO - Setting next_dagrun for postgres_to_mysql to 2025-05-27 13:00:00+00:00, run_after=2025-05-27 14:00:00+00:00
[2025-05-27T13:35:01.567+0000] {processor.py:183} INFO - Processing /opt/airflow/dags/postgres_to_mysql.py took 0.384 seconds
[2025-05-27T13:35:33.234+0000] {processor.py:161} INFO - Started process (PID=516) to work on /opt/airflow/dags/postgres_to_mysql.py
[2025-05-27T13:35:33.243+0000] {processor.py:830} INFO - Processing file /opt/airflow/dags/postgres_to_mysql.py for tasks to queue
[2025-05-27T13:35:33.293+0000] {logging_mixin.py:188} INFO - [2025-05-27T13:35:33.288+0000] {dagbag.py:538} INFO - Filling up the DagBag from /opt/airflow/dags/postgres_to_mysql.py
[2025-05-27T13:35:33.870+0000] {processor.py:840} INFO - DAG(s) 'postgres_to_mysql' retrieved from /opt/airflow/dags/postgres_to_mysql.py
[2025-05-27T13:35:33.967+0000] {logging_mixin.py:188} INFO - [2025-05-27T13:35:33.965+0000] {dag.py:3036} INFO - Sync 1 DAGs
[2025-05-27T13:35:34.013+0000] {logging_mixin.py:188} INFO - [2025-05-27T13:35:34.012+0000] {dag.py:3823} INFO - Setting next_dagrun for postgres_to_mysql to 2025-05-27 13:00:00+00:00, run_after=2025-05-27 14:00:00+00:00
[2025-05-27T13:35:34.045+0000] {processor.py:183} INFO - Processing /opt/airflow/dags/postgres_to_mysql.py took 0.926 seconds
[2025-05-27T13:36:04.667+0000] {processor.py:161} INFO - Started process (PID=534) to work on /opt/airflow/dags/postgres_to_mysql.py
[2025-05-27T13:36:04.674+0000] {processor.py:830} INFO - Processing file /opt/airflow/dags/postgres_to_mysql.py for tasks to queue
[2025-05-27T13:36:04.676+0000] {logging_mixin.py:188} INFO - [2025-05-27T13:36:04.675+0000] {dagbag.py:538} INFO - Filling up the DagBag from /opt/airflow/dags/postgres_to_mysql.py
[2025-05-27T13:36:04.900+0000] {processor.py:840} INFO - DAG(s) 'postgres_to_mysql' retrieved from /opt/airflow/dags/postgres_to_mysql.py
[2025-05-27T13:36:04.939+0000] {logging_mixin.py:188} INFO - [2025-05-27T13:36:04.939+0000] {dag.py:3036} INFO - Sync 1 DAGs
[2025-05-27T13:36:04.961+0000] {logging_mixin.py:188} INFO - [2025-05-27T13:36:04.961+0000] {dag.py:3823} INFO - Setting next_dagrun for postgres_to_mysql to 2025-05-27 13:00:00+00:00, run_after=2025-05-27 14:00:00+00:00
[2025-05-27T13:36:04.977+0000] {processor.py:183} INFO - Processing /opt/airflow/dags/postgres_to_mysql.py took 0.319 seconds
[2025-05-27T13:36:35.308+0000] {processor.py:161} INFO - Started process (PID=552) to work on /opt/airflow/dags/postgres_to_mysql.py
[2025-05-27T13:36:35.310+0000] {processor.py:830} INFO - Processing file /opt/airflow/dags/postgres_to_mysql.py for tasks to queue
[2025-05-27T13:36:35.313+0000] {logging_mixin.py:188} INFO - [2025-05-27T13:36:35.313+0000] {dagbag.py:538} INFO - Filling up the DagBag from /opt/airflow/dags/postgres_to_mysql.py
[2025-05-27T13:36:35.561+0000] {processor.py:840} INFO - DAG(s) 'postgres_to_mysql' retrieved from /opt/airflow/dags/postgres_to_mysql.py
[2025-05-27T13:36:35.607+0000] {logging_mixin.py:188} INFO - [2025-05-27T13:36:35.606+0000] {dag.py:3036} INFO - Sync 1 DAGs
[2025-05-27T13:36:35.631+0000] {logging_mixin.py:188} INFO - [2025-05-27T13:36:35.631+0000] {dag.py:3823} INFO - Setting next_dagrun for postgres_to_mysql to 2025-05-27 13:00:00+00:00, run_after=2025-05-27 14:00:00+00:00
[2025-05-27T13:36:35.653+0000] {processor.py:183} INFO - Processing /opt/airflow/dags/postgres_to_mysql.py took 0.351 seconds
[2025-05-27T13:37:06.050+0000] {processor.py:161} INFO - Started process (PID=570) to work on /opt/airflow/dags/postgres_to_mysql.py
[2025-05-27T13:37:06.055+0000] {processor.py:830} INFO - Processing file /opt/airflow/dags/postgres_to_mysql.py for tasks to queue
[2025-05-27T13:37:06.058+0000] {logging_mixin.py:188} INFO - [2025-05-27T13:37:06.058+0000] {dagbag.py:538} INFO - Filling up the DagBag from /opt/airflow/dags/postgres_to_mysql.py
[2025-05-27T13:37:06.295+0000] {processor.py:840} INFO - DAG(s) 'postgres_to_mysql' retrieved from /opt/airflow/dags/postgres_to_mysql.py
[2025-05-27T13:37:06.343+0000] {logging_mixin.py:188} INFO - [2025-05-27T13:37:06.343+0000] {dag.py:3036} INFO - Sync 1 DAGs
[2025-05-27T13:37:06.365+0000] {logging_mixin.py:188} INFO - [2025-05-27T13:37:06.365+0000] {dag.py:3823} INFO - Setting next_dagrun for postgres_to_mysql to 2025-05-27 13:00:00+00:00, run_after=2025-05-27 14:00:00+00:00
[2025-05-27T13:37:06.383+0000] {processor.py:183} INFO - Processing /opt/airflow/dags/postgres_to_mysql.py took 0.353 seconds
[2025-05-27T13:37:36.707+0000] {processor.py:161} INFO - Started process (PID=588) to work on /opt/airflow/dags/postgres_to_mysql.py
[2025-05-27T13:37:36.718+0000] {processor.py:830} INFO - Processing file /opt/airflow/dags/postgres_to_mysql.py for tasks to queue
[2025-05-27T13:37:36.721+0000] {logging_mixin.py:188} INFO - [2025-05-27T13:37:36.720+0000] {dagbag.py:538} INFO - Filling up the DagBag from /opt/airflow/dags/postgres_to_mysql.py
[2025-05-27T13:37:36.971+0000] {processor.py:840} INFO - DAG(s) 'postgres_to_mysql' retrieved from /opt/airflow/dags/postgres_to_mysql.py
[2025-05-27T13:37:37.034+0000] {logging_mixin.py:188} INFO - [2025-05-27T13:37:37.034+0000] {dag.py:3036} INFO - Sync 1 DAGs
[2025-05-27T13:37:37.056+0000] {logging_mixin.py:188} INFO - [2025-05-27T13:37:37.055+0000] {dag.py:3823} INFO - Setting next_dagrun for postgres_to_mysql to 2025-05-27 13:00:00+00:00, run_after=2025-05-27 14:00:00+00:00
[2025-05-27T13:37:37.072+0000] {processor.py:183} INFO - Processing /opt/airflow/dags/postgres_to_mysql.py took 0.384 seconds
[2025-05-27T13:38:07.470+0000] {processor.py:161} INFO - Started process (PID=606) to work on /opt/airflow/dags/postgres_to_mysql.py
[2025-05-27T13:38:07.473+0000] {processor.py:830} INFO - Processing file /opt/airflow/dags/postgres_to_mysql.py for tasks to queue
[2025-05-27T13:38:07.474+0000] {logging_mixin.py:188} INFO - [2025-05-27T13:38:07.473+0000] {dagbag.py:538} INFO - Filling up the DagBag from /opt/airflow/dags/postgres_to_mysql.py
[2025-05-27T13:38:07.695+0000] {processor.py:840} INFO - DAG(s) 'postgres_to_mysql' retrieved from /opt/airflow/dags/postgres_to_mysql.py
[2025-05-27T13:38:07.742+0000] {logging_mixin.py:188} INFO - [2025-05-27T13:38:07.742+0000] {dag.py:3036} INFO - Sync 1 DAGs
[2025-05-27T13:38:07.762+0000] {logging_mixin.py:188} INFO - [2025-05-27T13:38:07.762+0000] {dag.py:3823} INFO - Setting next_dagrun for postgres_to_mysql to 2025-05-27 13:00:00+00:00, run_after=2025-05-27 14:00:00+00:00
[2025-05-27T13:38:07.778+0000] {processor.py:183} INFO - Processing /opt/airflow/dags/postgres_to_mysql.py took 0.316 seconds
[2025-05-27T13:38:38.116+0000] {processor.py:161} INFO - Started process (PID=624) to work on /opt/airflow/dags/postgres_to_mysql.py
[2025-05-27T13:38:38.118+0000] {processor.py:830} INFO - Processing file /opt/airflow/dags/postgres_to_mysql.py for tasks to queue
[2025-05-27T13:38:38.119+0000] {logging_mixin.py:188} INFO - [2025-05-27T13:38:38.119+0000] {dagbag.py:538} INFO - Filling up the DagBag from /opt/airflow/dags/postgres_to_mysql.py
[2025-05-27T13:38:38.375+0000] {processor.py:840} INFO - DAG(s) 'postgres_to_mysql' retrieved from /opt/airflow/dags/postgres_to_mysql.py
[2025-05-27T13:38:38.412+0000] {logging_mixin.py:188} INFO - [2025-05-27T13:38:38.412+0000] {dag.py:3036} INFO - Sync 1 DAGs
[2025-05-27T13:38:38.432+0000] {logging_mixin.py:188} INFO - [2025-05-27T13:38:38.432+0000] {dag.py:3823} INFO - Setting next_dagrun for postgres_to_mysql to 2025-05-27 13:00:00+00:00, run_after=2025-05-27 14:00:00+00:00
[2025-05-27T13:38:38.450+0000] {processor.py:183} INFO - Processing /opt/airflow/dags/postgres_to_mysql.py took 0.343 seconds
[2025-05-27T13:39:08.991+0000] {processor.py:161} INFO - Started process (PID=642) to work on /opt/airflow/dags/postgres_to_mysql.py
[2025-05-27T13:39:08.994+0000] {processor.py:830} INFO - Processing file /opt/airflow/dags/postgres_to_mysql.py for tasks to queue
[2025-05-27T13:39:08.996+0000] {logging_mixin.py:188} INFO - [2025-05-27T13:39:08.996+0000] {dagbag.py:538} INFO - Filling up the DagBag from /opt/airflow/dags/postgres_to_mysql.py
[2025-05-27T13:39:09.365+0000] {processor.py:840} INFO - DAG(s) 'postgres_to_mysql' retrieved from /opt/airflow/dags/postgres_to_mysql.py
[2025-05-27T13:39:09.438+0000] {logging_mixin.py:188} INFO - [2025-05-27T13:39:09.437+0000] {dag.py:3036} INFO - Sync 1 DAGs
[2025-05-27T13:39:09.496+0000] {logging_mixin.py:188} INFO - [2025-05-27T13:39:09.496+0000] {dag.py:3823} INFO - Setting next_dagrun for postgres_to_mysql to 2025-05-27 13:00:00+00:00, run_after=2025-05-27 14:00:00+00:00
[2025-05-27T13:39:09.523+0000] {processor.py:183} INFO - Processing /opt/airflow/dags/postgres_to_mysql.py took 0.539 seconds
[2025-05-27T13:39:40.456+0000] {processor.py:161} INFO - Started process (PID=660) to work on /opt/airflow/dags/postgres_to_mysql.py
[2025-05-27T13:39:40.463+0000] {processor.py:830} INFO - Processing file /opt/airflow/dags/postgres_to_mysql.py for tasks to queue
[2025-05-27T13:39:40.464+0000] {logging_mixin.py:188} INFO - [2025-05-27T13:39:40.464+0000] {dagbag.py:538} INFO - Filling up the DagBag from /opt/airflow/dags/postgres_to_mysql.py
[2025-05-27T13:39:40.817+0000] {processor.py:840} INFO - DAG(s) 'postgres_to_mysql' retrieved from /opt/airflow/dags/postgres_to_mysql.py
[2025-05-27T13:39:40.881+0000] {logging_mixin.py:188} INFO - [2025-05-27T13:39:40.880+0000] {dag.py:3036} INFO - Sync 1 DAGs
[2025-05-27T13:39:40.900+0000] {logging_mixin.py:188} INFO - [2025-05-27T13:39:40.900+0000] {dag.py:3823} INFO - Setting next_dagrun for postgres_to_mysql to 2025-05-27 13:00:00+00:00, run_after=2025-05-27 14:00:00+00:00
[2025-05-27T13:39:40.920+0000] {processor.py:183} INFO - Processing /opt/airflow/dags/postgres_to_mysql.py took 0.482 seconds
[2025-05-27T13:40:11.798+0000] {processor.py:161} INFO - Started process (PID=678) to work on /opt/airflow/dags/postgres_to_mysql.py
[2025-05-27T13:40:11.800+0000] {processor.py:830} INFO - Processing file /opt/airflow/dags/postgres_to_mysql.py for tasks to queue
[2025-05-27T13:40:11.803+0000] {logging_mixin.py:188} INFO - [2025-05-27T13:40:11.802+0000] {dagbag.py:538} INFO - Filling up the DagBag from /opt/airflow/dags/postgres_to_mysql.py
[2025-05-27T13:40:12.931+0000] {processor.py:840} INFO - DAG(s) 'postgres_to_mysql' retrieved from /opt/airflow/dags/postgres_to_mysql.py
[2025-05-27T13:40:13.150+0000] {logging_mixin.py:188} INFO - [2025-05-27T13:40:13.139+0000] {dag.py:3036} INFO - Sync 1 DAGs
[2025-05-27T13:40:13.214+0000] {logging_mixin.py:188} INFO - [2025-05-27T13:40:13.214+0000] {dag.py:3823} INFO - Setting next_dagrun for postgres_to_mysql to 2025-05-27 13:00:00+00:00, run_after=2025-05-27 14:00:00+00:00
[2025-05-27T13:40:13.254+0000] {processor.py:183} INFO - Processing /opt/airflow/dags/postgres_to_mysql.py took 1.466 seconds
[2025-05-27T13:40:43.851+0000] {processor.py:161} INFO - Started process (PID=696) to work on /opt/airflow/dags/postgres_to_mysql.py
[2025-05-27T13:40:43.874+0000] {processor.py:830} INFO - Processing file /opt/airflow/dags/postgres_to_mysql.py for tasks to queue
[2025-05-27T13:40:43.877+0000] {logging_mixin.py:188} INFO - [2025-05-27T13:40:43.876+0000] {dagbag.py:538} INFO - Filling up the DagBag from /opt/airflow/dags/postgres_to_mysql.py
[2025-05-27T13:40:44.495+0000] {processor.py:840} INFO - DAG(s) 'postgres_to_mysql' retrieved from /opt/airflow/dags/postgres_to_mysql.py
[2025-05-27T13:40:44.586+0000] {logging_mixin.py:188} INFO - [2025-05-27T13:40:44.585+0000] {dag.py:3036} INFO - Sync 1 DAGs
[2025-05-27T13:40:44.615+0000] {logging_mixin.py:188} INFO - [2025-05-27T13:40:44.615+0000] {dag.py:3823} INFO - Setting next_dagrun for postgres_to_mysql to 2025-05-27 13:00:00+00:00, run_after=2025-05-27 14:00:00+00:00
[2025-05-27T13:40:44.637+0000] {processor.py:183} INFO - Processing /opt/airflow/dags/postgres_to_mysql.py took 0.798 seconds
[2025-05-27T13:41:14.971+0000] {processor.py:161} INFO - Started process (PID=718) to work on /opt/airflow/dags/postgres_to_mysql.py
[2025-05-27T13:41:14.973+0000] {processor.py:830} INFO - Processing file /opt/airflow/dags/postgres_to_mysql.py for tasks to queue
[2025-05-27T13:41:14.974+0000] {logging_mixin.py:188} INFO - [2025-05-27T13:41:14.973+0000] {dagbag.py:538} INFO - Filling up the DagBag from /opt/airflow/dags/postgres_to_mysql.py
[2025-05-27T13:41:15.224+0000] {processor.py:840} INFO - DAG(s) 'postgres_to_mysql' retrieved from /opt/airflow/dags/postgres_to_mysql.py
[2025-05-27T13:41:15.254+0000] {logging_mixin.py:188} INFO - [2025-05-27T13:41:15.254+0000] {dag.py:3036} INFO - Sync 1 DAGs
[2025-05-27T13:41:15.274+0000] {logging_mixin.py:188} INFO - [2025-05-27T13:41:15.274+0000] {dag.py:3823} INFO - Setting next_dagrun for postgres_to_mysql to 2025-05-27 13:00:00+00:00, run_after=2025-05-27 14:00:00+00:00
[2025-05-27T13:41:15.286+0000] {processor.py:183} INFO - Processing /opt/airflow/dags/postgres_to_mysql.py took 0.318 seconds
[2025-05-27T13:41:45.415+0000] {processor.py:161} INFO - Started process (PID=735) to work on /opt/airflow/dags/postgres_to_mysql.py
[2025-05-27T13:41:45.418+0000] {processor.py:830} INFO - Processing file /opt/airflow/dags/postgres_to_mysql.py for tasks to queue
[2025-05-27T13:41:45.419+0000] {logging_mixin.py:188} INFO - [2025-05-27T13:41:45.419+0000] {dagbag.py:538} INFO - Filling up the DagBag from /opt/airflow/dags/postgres_to_mysql.py
[2025-05-27T13:41:45.723+0000] {processor.py:840} INFO - DAG(s) 'postgres_to_mysql' retrieved from /opt/airflow/dags/postgres_to_mysql.py
[2025-05-27T13:41:45.779+0000] {logging_mixin.py:188} INFO - [2025-05-27T13:41:45.779+0000] {dag.py:3036} INFO - Sync 1 DAGs
[2025-05-27T13:41:45.807+0000] {logging_mixin.py:188} INFO - [2025-05-27T13:41:45.807+0000] {dag.py:3823} INFO - Setting next_dagrun for postgres_to_mysql to 2025-05-27 13:00:00+00:00, run_after=2025-05-27 14:00:00+00:00
[2025-05-27T13:41:45.830+0000] {processor.py:183} INFO - Processing /opt/airflow/dags/postgres_to_mysql.py took 0.427 seconds
[2025-05-27T13:42:16.199+0000] {processor.py:161} INFO - Started process (PID=750) to work on /opt/airflow/dags/postgres_to_mysql.py
[2025-05-27T13:42:16.202+0000] {processor.py:830} INFO - Processing file /opt/airflow/dags/postgres_to_mysql.py for tasks to queue
[2025-05-27T13:42:16.203+0000] {logging_mixin.py:188} INFO - [2025-05-27T13:42:16.203+0000] {dagbag.py:538} INFO - Filling up the DagBag from /opt/airflow/dags/postgres_to_mysql.py
[2025-05-27T13:42:16.548+0000] {processor.py:840} INFO - DAG(s) 'postgres_to_mysql' retrieved from /opt/airflow/dags/postgres_to_mysql.py
[2025-05-27T13:42:16.648+0000] {logging_mixin.py:188} INFO - [2025-05-27T13:42:16.647+0000] {dag.py:3036} INFO - Sync 1 DAGs
[2025-05-27T13:42:16.679+0000] {logging_mixin.py:188} INFO - [2025-05-27T13:42:16.679+0000] {dag.py:3823} INFO - Setting next_dagrun for postgres_to_mysql to 2025-05-27 13:00:00+00:00, run_after=2025-05-27 14:00:00+00:00
[2025-05-27T13:42:16.780+0000] {processor.py:183} INFO - Processing /opt/airflow/dags/postgres_to_mysql.py took 0.589 seconds
[2025-05-27T13:42:47.242+0000] {processor.py:161} INFO - Started process (PID=768) to work on /opt/airflow/dags/postgres_to_mysql.py
[2025-05-27T13:42:47.246+0000] {processor.py:830} INFO - Processing file /opt/airflow/dags/postgres_to_mysql.py for tasks to queue
[2025-05-27T13:42:47.247+0000] {logging_mixin.py:188} INFO - [2025-05-27T13:42:47.247+0000] {dagbag.py:538} INFO - Filling up the DagBag from /opt/airflow/dags/postgres_to_mysql.py
[2025-05-27T13:42:47.613+0000] {processor.py:840} INFO - DAG(s) 'postgres_to_mysql' retrieved from /opt/airflow/dags/postgres_to_mysql.py
[2025-05-27T13:42:47.672+0000] {logging_mixin.py:188} INFO - [2025-05-27T13:42:47.672+0000] {dag.py:3036} INFO - Sync 1 DAGs
[2025-05-27T13:42:47.721+0000] {logging_mixin.py:188} INFO - [2025-05-27T13:42:47.721+0000] {dag.py:3823} INFO - Setting next_dagrun for postgres_to_mysql to 2025-05-27 13:00:00+00:00, run_after=2025-05-27 14:00:00+00:00
[2025-05-27T13:42:47.745+0000] {processor.py:183} INFO - Processing /opt/airflow/dags/postgres_to_mysql.py took 0.523 seconds
[2025-05-27T13:43:18.187+0000] {processor.py:161} INFO - Started process (PID=786) to work on /opt/airflow/dags/postgres_to_mysql.py
[2025-05-27T13:43:18.189+0000] {processor.py:830} INFO - Processing file /opt/airflow/dags/postgres_to_mysql.py for tasks to queue
[2025-05-27T13:43:18.190+0000] {logging_mixin.py:188} INFO - [2025-05-27T13:43:18.190+0000] {dagbag.py:538} INFO - Filling up the DagBag from /opt/airflow/dags/postgres_to_mysql.py
[2025-05-27T13:43:18.604+0000] {processor.py:840} INFO - DAG(s) 'postgres_to_mysql' retrieved from /opt/airflow/dags/postgres_to_mysql.py
[2025-05-27T13:43:18.671+0000] {logging_mixin.py:188} INFO - [2025-05-27T13:43:18.670+0000] {dag.py:3036} INFO - Sync 1 DAGs
[2025-05-27T13:43:18.703+0000] {logging_mixin.py:188} INFO - [2025-05-27T13:43:18.703+0000] {dag.py:3823} INFO - Setting next_dagrun for postgres_to_mysql to 2025-05-27 13:00:00+00:00, run_after=2025-05-27 14:00:00+00:00
[2025-05-27T13:43:18.768+0000] {processor.py:183} INFO - Processing /opt/airflow/dags/postgres_to_mysql.py took 0.588 seconds
[2025-05-27T13:43:49.224+0000] {processor.py:161} INFO - Started process (PID=804) to work on /opt/airflow/dags/postgres_to_mysql.py
[2025-05-27T13:43:49.238+0000] {processor.py:830} INFO - Processing file /opt/airflow/dags/postgres_to_mysql.py for tasks to queue
[2025-05-27T13:43:49.241+0000] {logging_mixin.py:188} INFO - [2025-05-27T13:43:49.241+0000] {dagbag.py:538} INFO - Filling up the DagBag from /opt/airflow/dags/postgres_to_mysql.py
[2025-05-27T13:43:49.859+0000] {processor.py:840} INFO - DAG(s) 'postgres_to_mysql' retrieved from /opt/airflow/dags/postgres_to_mysql.py
[2025-05-27T13:43:50.098+0000] {logging_mixin.py:188} INFO - [2025-05-27T13:43:50.082+0000] {dag.py:3036} INFO - Sync 1 DAGs
[2025-05-27T13:43:50.151+0000] {logging_mixin.py:188} INFO - [2025-05-27T13:43:50.151+0000] {dag.py:3823} INFO - Setting next_dagrun for postgres_to_mysql to 2025-05-27 13:00:00+00:00, run_after=2025-05-27 14:00:00+00:00
[2025-05-27T13:43:50.177+0000] {processor.py:183} INFO - Processing /opt/airflow/dags/postgres_to_mysql.py took 1.168 seconds
[2025-05-27T13:44:20.931+0000] {processor.py:161} INFO - Started process (PID=822) to work on /opt/airflow/dags/postgres_to_mysql.py
[2025-05-27T13:44:20.935+0000] {processor.py:830} INFO - Processing file /opt/airflow/dags/postgres_to_mysql.py for tasks to queue
[2025-05-27T13:44:20.937+0000] {logging_mixin.py:188} INFO - [2025-05-27T13:44:20.936+0000] {dagbag.py:538} INFO - Filling up the DagBag from /opt/airflow/dags/postgres_to_mysql.py
[2025-05-27T13:44:21.209+0000] {processor.py:840} INFO - DAG(s) 'postgres_to_mysql' retrieved from /opt/airflow/dags/postgres_to_mysql.py
[2025-05-27T13:44:21.255+0000] {logging_mixin.py:188} INFO - [2025-05-27T13:44:21.255+0000] {dag.py:3036} INFO - Sync 1 DAGs
[2025-05-27T13:44:21.293+0000] {logging_mixin.py:188} INFO - [2025-05-27T13:44:21.292+0000] {dag.py:3823} INFO - Setting next_dagrun for postgres_to_mysql to 2025-05-27 13:00:00+00:00, run_after=2025-05-27 14:00:00+00:00
[2025-05-27T13:44:21.315+0000] {processor.py:183} INFO - Processing /opt/airflow/dags/postgres_to_mysql.py took 0.410 seconds
[2025-05-27T13:44:51.559+0000] {processor.py:161} INFO - Started process (PID=840) to work on /opt/airflow/dags/postgres_to_mysql.py
[2025-05-27T13:44:51.563+0000] {processor.py:830} INFO - Processing file /opt/airflow/dags/postgres_to_mysql.py for tasks to queue
[2025-05-27T13:44:51.565+0000] {logging_mixin.py:188} INFO - [2025-05-27T13:44:51.565+0000] {dagbag.py:538} INFO - Filling up the DagBag from /opt/airflow/dags/postgres_to_mysql.py
[2025-05-27T13:44:51.892+0000] {processor.py:840} INFO - DAG(s) 'postgres_to_mysql' retrieved from /opt/airflow/dags/postgres_to_mysql.py
[2025-05-27T13:44:51.958+0000] {logging_mixin.py:188} INFO - [2025-05-27T13:44:51.958+0000] {dag.py:3036} INFO - Sync 1 DAGs
[2025-05-27T13:44:51.984+0000] {logging_mixin.py:188} INFO - [2025-05-27T13:44:51.984+0000] {dag.py:3823} INFO - Setting next_dagrun for postgres_to_mysql to 2025-05-27 13:00:00+00:00, run_after=2025-05-27 14:00:00+00:00
[2025-05-27T13:44:52.012+0000] {processor.py:183} INFO - Processing /opt/airflow/dags/postgres_to_mysql.py took 0.464 seconds
[2025-05-27T13:45:22.619+0000] {processor.py:161} INFO - Started process (PID=858) to work on /opt/airflow/dags/postgres_to_mysql.py
[2025-05-27T13:45:22.621+0000] {processor.py:830} INFO - Processing file /opt/airflow/dags/postgres_to_mysql.py for tasks to queue
[2025-05-27T13:45:22.623+0000] {logging_mixin.py:188} INFO - [2025-05-27T13:45:22.622+0000] {dagbag.py:538} INFO - Filling up the DagBag from /opt/airflow/dags/postgres_to_mysql.py
[2025-05-27T13:45:22.875+0000] {processor.py:840} INFO - DAG(s) 'postgres_to_mysql' retrieved from /opt/airflow/dags/postgres_to_mysql.py
[2025-05-27T13:45:22.936+0000] {logging_mixin.py:188} INFO - [2025-05-27T13:45:22.936+0000] {dag.py:3036} INFO - Sync 1 DAGs
[2025-05-27T13:45:22.957+0000] {logging_mixin.py:188} INFO - [2025-05-27T13:45:22.957+0000] {dag.py:3823} INFO - Setting next_dagrun for postgres_to_mysql to 2025-05-27 13:00:00+00:00, run_after=2025-05-27 14:00:00+00:00
[2025-05-27T13:45:22.974+0000] {processor.py:183} INFO - Processing /opt/airflow/dags/postgres_to_mysql.py took 0.372 seconds
[2025-05-27T13:45:53.415+0000] {processor.py:161} INFO - Started process (PID=876) to work on /opt/airflow/dags/postgres_to_mysql.py
[2025-05-27T13:45:53.418+0000] {processor.py:830} INFO - Processing file /opt/airflow/dags/postgres_to_mysql.py for tasks to queue
[2025-05-27T13:45:53.419+0000] {logging_mixin.py:188} INFO - [2025-05-27T13:45:53.418+0000] {dagbag.py:538} INFO - Filling up the DagBag from /opt/airflow/dags/postgres_to_mysql.py
[2025-05-27T13:45:53.685+0000] {processor.py:840} INFO - DAG(s) 'postgres_to_mysql' retrieved from /opt/airflow/dags/postgres_to_mysql.py
[2025-05-27T13:45:53.739+0000] {logging_mixin.py:188} INFO - [2025-05-27T13:45:53.739+0000] {dag.py:3036} INFO - Sync 1 DAGs
[2025-05-27T13:45:53.773+0000] {logging_mixin.py:188} INFO - [2025-05-27T13:45:53.772+0000] {dag.py:3823} INFO - Setting next_dagrun for postgres_to_mysql to 2025-05-27 13:00:00+00:00, run_after=2025-05-27 14:00:00+00:00
[2025-05-27T13:45:53.789+0000] {processor.py:183} INFO - Processing /opt/airflow/dags/postgres_to_mysql.py took 0.384 seconds
[2025-05-27T13:46:24.241+0000] {processor.py:161} INFO - Started process (PID=894) to work on /opt/airflow/dags/postgres_to_mysql.py
[2025-05-27T13:46:24.244+0000] {processor.py:830} INFO - Processing file /opt/airflow/dags/postgres_to_mysql.py for tasks to queue
[2025-05-27T13:46:24.247+0000] {logging_mixin.py:188} INFO - [2025-05-27T13:46:24.246+0000] {dagbag.py:538} INFO - Filling up the DagBag from /opt/airflow/dags/postgres_to_mysql.py
[2025-05-27T13:46:24.524+0000] {processor.py:840} INFO - DAG(s) 'postgres_to_mysql' retrieved from /opt/airflow/dags/postgres_to_mysql.py
[2025-05-27T13:46:24.563+0000] {logging_mixin.py:188} INFO - [2025-05-27T13:46:24.562+0000] {dag.py:3036} INFO - Sync 1 DAGs
[2025-05-27T13:46:24.584+0000] {logging_mixin.py:188} INFO - [2025-05-27T13:46:24.584+0000] {dag.py:3823} INFO - Setting next_dagrun for postgres_to_mysql to 2025-05-27 13:00:00+00:00, run_after=2025-05-27 14:00:00+00:00
[2025-05-27T13:46:24.604+0000] {processor.py:183} INFO - Processing /opt/airflow/dags/postgres_to_mysql.py took 0.371 seconds
[2025-05-27T13:46:55.018+0000] {processor.py:161} INFO - Started process (PID=912) to work on /opt/airflow/dags/postgres_to_mysql.py
[2025-05-27T13:46:55.020+0000] {processor.py:830} INFO - Processing file /opt/airflow/dags/postgres_to_mysql.py for tasks to queue
[2025-05-27T13:46:55.022+0000] {logging_mixin.py:188} INFO - [2025-05-27T13:46:55.022+0000] {dagbag.py:538} INFO - Filling up the DagBag from /opt/airflow/dags/postgres_to_mysql.py
[2025-05-27T13:46:55.323+0000] {processor.py:840} INFO - DAG(s) 'postgres_to_mysql' retrieved from /opt/airflow/dags/postgres_to_mysql.py
[2025-05-27T13:46:55.379+0000] {logging_mixin.py:188} INFO - [2025-05-27T13:46:55.379+0000] {dag.py:3036} INFO - Sync 1 DAGs
[2025-05-27T13:46:55.399+0000] {logging_mixin.py:188} INFO - [2025-05-27T13:46:55.399+0000] {dag.py:3823} INFO - Setting next_dagrun for postgres_to_mysql to 2025-05-27 13:00:00+00:00, run_after=2025-05-27 14:00:00+00:00
[2025-05-27T13:46:55.417+0000] {processor.py:183} INFO - Processing /opt/airflow/dags/postgres_to_mysql.py took 0.408 seconds
[2025-05-27T13:47:25.936+0000] {processor.py:161} INFO - Started process (PID=930) to work on /opt/airflow/dags/postgres_to_mysql.py
[2025-05-27T13:47:25.939+0000] {processor.py:830} INFO - Processing file /opt/airflow/dags/postgres_to_mysql.py for tasks to queue
[2025-05-27T13:47:25.942+0000] {logging_mixin.py:188} INFO - [2025-05-27T13:47:25.941+0000] {dagbag.py:538} INFO - Filling up the DagBag from /opt/airflow/dags/postgres_to_mysql.py
[2025-05-27T13:47:26.215+0000] {processor.py:840} INFO - DAG(s) 'postgres_to_mysql' retrieved from /opt/airflow/dags/postgres_to_mysql.py
[2025-05-27T13:47:26.270+0000] {logging_mixin.py:188} INFO - [2025-05-27T13:47:26.270+0000] {dag.py:3036} INFO - Sync 1 DAGs
[2025-05-27T13:47:26.296+0000] {logging_mixin.py:188} INFO - [2025-05-27T13:47:26.296+0000] {dag.py:3823} INFO - Setting next_dagrun for postgres_to_mysql to 2025-05-27 13:00:00+00:00, run_after=2025-05-27 14:00:00+00:00
[2025-05-27T13:47:26.313+0000] {processor.py:183} INFO - Processing /opt/airflow/dags/postgres_to_mysql.py took 0.405 seconds
[2025-05-27T13:47:56.687+0000] {processor.py:161} INFO - Started process (PID=948) to work on /opt/airflow/dags/postgres_to_mysql.py
[2025-05-27T13:47:56.691+0000] {processor.py:830} INFO - Processing file /opt/airflow/dags/postgres_to_mysql.py for tasks to queue
[2025-05-27T13:47:56.692+0000] {logging_mixin.py:188} INFO - [2025-05-27T13:47:56.691+0000] {dagbag.py:538} INFO - Filling up the DagBag from /opt/airflow/dags/postgres_to_mysql.py
[2025-05-27T13:47:56.977+0000] {processor.py:840} INFO - DAG(s) 'postgres_to_mysql' retrieved from /opt/airflow/dags/postgres_to_mysql.py
[2025-05-27T13:47:57.050+0000] {logging_mixin.py:188} INFO - [2025-05-27T13:47:57.049+0000] {dag.py:3036} INFO - Sync 1 DAGs
[2025-05-27T13:47:57.077+0000] {logging_mixin.py:188} INFO - [2025-05-27T13:47:57.077+0000] {dag.py:3823} INFO - Setting next_dagrun for postgres_to_mysql to 2025-05-27 13:00:00+00:00, run_after=2025-05-27 14:00:00+00:00
[2025-05-27T13:47:57.093+0000] {processor.py:183} INFO - Processing /opt/airflow/dags/postgres_to_mysql.py took 0.414 seconds
[2025-05-27T13:48:28.110+0000] {processor.py:161} INFO - Started process (PID=966) to work on /opt/airflow/dags/postgres_to_mysql.py
[2025-05-27T13:48:28.113+0000] {processor.py:830} INFO - Processing file /opt/airflow/dags/postgres_to_mysql.py for tasks to queue
[2025-05-27T13:48:28.115+0000] {logging_mixin.py:188} INFO - [2025-05-27T13:48:28.114+0000] {dagbag.py:538} INFO - Filling up the DagBag from /opt/airflow/dags/postgres_to_mysql.py
[2025-05-27T13:48:28.793+0000] {processor.py:840} INFO - DAG(s) 'postgres_to_mysql' retrieved from /opt/airflow/dags/postgres_to_mysql.py
[2025-05-27T13:48:28.940+0000] {logging_mixin.py:188} INFO - [2025-05-27T13:48:28.936+0000] {dag.py:3036} INFO - Sync 1 DAGs
[2025-05-27T13:48:28.981+0000] {logging_mixin.py:188} INFO - [2025-05-27T13:48:28.981+0000] {dag.py:3823} INFO - Setting next_dagrun for postgres_to_mysql to 2025-05-27 13:00:00+00:00, run_after=2025-05-27 14:00:00+00:00
[2025-05-27T13:48:29.013+0000] {processor.py:183} INFO - Processing /opt/airflow/dags/postgres_to_mysql.py took 0.868 seconds
[2025-05-27T13:48:59.637+0000] {processor.py:161} INFO - Started process (PID=984) to work on /opt/airflow/dags/postgres_to_mysql.py
[2025-05-27T13:48:59.639+0000] {processor.py:830} INFO - Processing file /opt/airflow/dags/postgres_to_mysql.py for tasks to queue
[2025-05-27T13:48:59.640+0000] {logging_mixin.py:188} INFO - [2025-05-27T13:48:59.640+0000] {dagbag.py:538} INFO - Filling up the DagBag from /opt/airflow/dags/postgres_to_mysql.py
[2025-05-27T13:48:59.927+0000] {processor.py:840} INFO - DAG(s) 'postgres_to_mysql' retrieved from /opt/airflow/dags/postgres_to_mysql.py
[2025-05-27T13:49:00.075+0000] {logging_mixin.py:188} INFO - [2025-05-27T13:49:00.074+0000] {dag.py:3036} INFO - Sync 1 DAGs
[2025-05-27T13:49:00.106+0000] {logging_mixin.py:188} INFO - [2025-05-27T13:49:00.106+0000] {dag.py:3823} INFO - Setting next_dagrun for postgres_to_mysql to 2025-05-27 13:00:00+00:00, run_after=2025-05-27 14:00:00+00:00
[2025-05-27T13:49:00.132+0000] {processor.py:183} INFO - Processing /opt/airflow/dags/postgres_to_mysql.py took 0.505 seconds
[2025-05-27T13:49:31.269+0000] {processor.py:161} INFO - Started process (PID=1002) to work on /opt/airflow/dags/postgres_to_mysql.py
[2025-05-27T13:49:31.272+0000] {processor.py:830} INFO - Processing file /opt/airflow/dags/postgres_to_mysql.py for tasks to queue
[2025-05-27T13:49:31.274+0000] {logging_mixin.py:188} INFO - [2025-05-27T13:49:31.273+0000] {dagbag.py:538} INFO - Filling up the DagBag from /opt/airflow/dags/postgres_to_mysql.py
[2025-05-27T13:49:31.691+0000] {processor.py:840} INFO - DAG(s) 'postgres_to_mysql' retrieved from /opt/airflow/dags/postgres_to_mysql.py
[2025-05-27T13:49:31.763+0000] {logging_mixin.py:188} INFO - [2025-05-27T13:49:31.762+0000] {dag.py:3036} INFO - Sync 1 DAGs
[2025-05-27T13:49:31.828+0000] {logging_mixin.py:188} INFO - [2025-05-27T13:49:31.827+0000] {dag.py:3823} INFO - Setting next_dagrun for postgres_to_mysql to 2025-05-27 13:00:00+00:00, run_after=2025-05-27 14:00:00+00:00
[2025-05-27T13:49:31.869+0000] {processor.py:183} INFO - Processing /opt/airflow/dags/postgres_to_mysql.py took 0.618 seconds
[2025-05-27T13:50:02.793+0000] {processor.py:161} INFO - Started process (PID=1020) to work on /opt/airflow/dags/postgres_to_mysql.py
[2025-05-27T13:50:02.800+0000] {processor.py:830} INFO - Processing file /opt/airflow/dags/postgres_to_mysql.py for tasks to queue
[2025-05-27T13:50:02.801+0000] {logging_mixin.py:188} INFO - [2025-05-27T13:50:02.801+0000] {dagbag.py:538} INFO - Filling up the DagBag from /opt/airflow/dags/postgres_to_mysql.py
[2025-05-27T13:50:03.104+0000] {processor.py:840} INFO - DAG(s) 'postgres_to_mysql' retrieved from /opt/airflow/dags/postgres_to_mysql.py
[2025-05-27T13:50:03.191+0000] {logging_mixin.py:188} INFO - [2025-05-27T13:50:03.191+0000] {dag.py:3036} INFO - Sync 1 DAGs
[2025-05-27T13:50:03.228+0000] {logging_mixin.py:188} INFO - [2025-05-27T13:50:03.228+0000] {dag.py:3823} INFO - Setting next_dagrun for postgres_to_mysql to 2025-05-27 13:00:00+00:00, run_after=2025-05-27 14:00:00+00:00
[2025-05-27T13:50:03.265+0000] {processor.py:183} INFO - Processing /opt/airflow/dags/postgres_to_mysql.py took 0.492 seconds
[2025-05-27T13:50:33.422+0000] {processor.py:161} INFO - Started process (PID=1038) to work on /opt/airflow/dags/postgres_to_mysql.py
[2025-05-27T13:50:33.436+0000] {processor.py:830} INFO - Processing file /opt/airflow/dags/postgres_to_mysql.py for tasks to queue
[2025-05-27T13:50:33.438+0000] {logging_mixin.py:188} INFO - [2025-05-27T13:50:33.437+0000] {dagbag.py:538} INFO - Filling up the DagBag from /opt/airflow/dags/postgres_to_mysql.py
[2025-05-27T13:50:33.766+0000] {processor.py:840} INFO - DAG(s) 'postgres_to_mysql' retrieved from /opt/airflow/dags/postgres_to_mysql.py
[2025-05-27T13:50:33.805+0000] {logging_mixin.py:188} INFO - [2025-05-27T13:50:33.805+0000] {dag.py:3036} INFO - Sync 1 DAGs
[2025-05-27T13:50:33.832+0000] {logging_mixin.py:188} INFO - [2025-05-27T13:50:33.831+0000] {dag.py:3823} INFO - Setting next_dagrun for postgres_to_mysql to 2025-05-27 13:00:00+00:00, run_after=2025-05-27 14:00:00+00:00
[2025-05-27T13:50:33.870+0000] {processor.py:183} INFO - Processing /opt/airflow/dags/postgres_to_mysql.py took 0.464 seconds
[2025-05-27T13:51:04.725+0000] {processor.py:161} INFO - Started process (PID=1056) to work on /opt/airflow/dags/postgres_to_mysql.py
[2025-05-27T13:51:04.729+0000] {processor.py:830} INFO - Processing file /opt/airflow/dags/postgres_to_mysql.py for tasks to queue
[2025-05-27T13:51:04.731+0000] {logging_mixin.py:188} INFO - [2025-05-27T13:51:04.730+0000] {dagbag.py:538} INFO - Filling up the DagBag from /opt/airflow/dags/postgres_to_mysql.py
[2025-05-27T13:51:05.224+0000] {processor.py:840} INFO - DAG(s) 'postgres_to_mysql' retrieved from /opt/airflow/dags/postgres_to_mysql.py
[2025-05-27T13:51:05.264+0000] {logging_mixin.py:188} INFO - [2025-05-27T13:51:05.263+0000] {dag.py:3036} INFO - Sync 1 DAGs
[2025-05-27T13:51:05.289+0000] {logging_mixin.py:188} INFO - [2025-05-27T13:51:05.289+0000] {dag.py:3823} INFO - Setting next_dagrun for postgres_to_mysql to 2025-05-27 13:00:00+00:00, run_after=2025-05-27 14:00:00+00:00
[2025-05-27T13:51:05.326+0000] {processor.py:183} INFO - Processing /opt/airflow/dags/postgres_to_mysql.py took 0.618 seconds
[2025-05-27T13:51:35.810+0000] {processor.py:161} INFO - Started process (PID=1074) to work on /opt/airflow/dags/postgres_to_mysql.py
[2025-05-27T13:51:35.812+0000] {processor.py:830} INFO - Processing file /opt/airflow/dags/postgres_to_mysql.py for tasks to queue
[2025-05-27T13:51:35.813+0000] {logging_mixin.py:188} INFO - [2025-05-27T13:51:35.813+0000] {dagbag.py:538} INFO - Filling up the DagBag from /opt/airflow/dags/postgres_to_mysql.py
[2025-05-27T13:51:36.146+0000] {processor.py:840} INFO - DAG(s) 'postgres_to_mysql' retrieved from /opt/airflow/dags/postgres_to_mysql.py
[2025-05-27T13:51:36.186+0000] {logging_mixin.py:188} INFO - [2025-05-27T13:51:36.186+0000] {dag.py:3036} INFO - Sync 1 DAGs
[2025-05-27T13:51:36.220+0000] {logging_mixin.py:188} INFO - [2025-05-27T13:51:36.220+0000] {dag.py:3823} INFO - Setting next_dagrun for postgres_to_mysql to 2025-05-27 13:00:00+00:00, run_after=2025-05-27 14:00:00+00:00
[2025-05-27T13:51:36.238+0000] {processor.py:183} INFO - Processing /opt/airflow/dags/postgres_to_mysql.py took 0.435 seconds
[2025-05-27T13:52:07.217+0000] {processor.py:161} INFO - Started process (PID=1092) to work on /opt/airflow/dags/postgres_to_mysql.py
[2025-05-27T13:52:07.220+0000] {processor.py:830} INFO - Processing file /opt/airflow/dags/postgres_to_mysql.py for tasks to queue
[2025-05-27T13:52:07.222+0000] {logging_mixin.py:188} INFO - [2025-05-27T13:52:07.221+0000] {dagbag.py:538} INFO - Filling up the DagBag from /opt/airflow/dags/postgres_to_mysql.py
[2025-05-27T13:52:07.943+0000] {processor.py:840} INFO - DAG(s) 'postgres_to_mysql' retrieved from /opt/airflow/dags/postgres_to_mysql.py
[2025-05-27T13:52:08.011+0000] {logging_mixin.py:188} INFO - [2025-05-27T13:52:08.007+0000] {dag.py:3036} INFO - Sync 1 DAGs
[2025-05-27T13:52:08.069+0000] {logging_mixin.py:188} INFO - [2025-05-27T13:52:08.069+0000] {dag.py:3823} INFO - Setting next_dagrun for postgres_to_mysql to 2025-05-27 13:00:00+00:00, run_after=2025-05-27 14:00:00+00:00
[2025-05-27T13:52:08.114+0000] {processor.py:183} INFO - Processing /opt/airflow/dags/postgres_to_mysql.py took 0.959 seconds
[2025-05-27T13:52:38.604+0000] {processor.py:161} INFO - Started process (PID=1116) to work on /opt/airflow/dags/postgres_to_mysql.py
[2025-05-27T13:52:38.606+0000] {processor.py:830} INFO - Processing file /opt/airflow/dags/postgres_to_mysql.py for tasks to queue
[2025-05-27T13:52:38.606+0000] {logging_mixin.py:188} INFO - [2025-05-27T13:52:38.606+0000] {dagbag.py:538} INFO - Filling up the DagBag from /opt/airflow/dags/postgres_to_mysql.py
[2025-05-27T13:52:38.741+0000] {processor.py:840} INFO - DAG(s) 'postgres_to_mysql' retrieved from /opt/airflow/dags/postgres_to_mysql.py
[2025-05-27T13:52:38.760+0000] {logging_mixin.py:188} INFO - [2025-05-27T13:52:38.760+0000] {dag.py:3036} INFO - Sync 1 DAGs
[2025-05-27T13:52:38.772+0000] {logging_mixin.py:188} INFO - [2025-05-27T13:52:38.772+0000] {dag.py:3823} INFO - Setting next_dagrun for postgres_to_mysql to 2025-05-27 13:00:00+00:00, run_after=2025-05-27 14:00:00+00:00
[2025-05-27T13:52:38.783+0000] {processor.py:183} INFO - Processing /opt/airflow/dags/postgres_to_mysql.py took 0.181 seconds
[2025-05-27T13:53:09.043+0000] {processor.py:161} INFO - Started process (PID=1128) to work on /opt/airflow/dags/postgres_to_mysql.py
[2025-05-27T13:53:09.045+0000] {processor.py:830} INFO - Processing file /opt/airflow/dags/postgres_to_mysql.py for tasks to queue
[2025-05-27T13:53:09.047+0000] {logging_mixin.py:188} INFO - [2025-05-27T13:53:09.046+0000] {dagbag.py:538} INFO - Filling up the DagBag from /opt/airflow/dags/postgres_to_mysql.py
[2025-05-27T13:53:09.418+0000] {processor.py:840} INFO - DAG(s) 'postgres_to_mysql' retrieved from /opt/airflow/dags/postgres_to_mysql.py
[2025-05-27T13:53:09.467+0000] {logging_mixin.py:188} INFO - [2025-05-27T13:53:09.466+0000] {dag.py:3036} INFO - Sync 1 DAGs
[2025-05-27T13:53:09.491+0000] {logging_mixin.py:188} INFO - [2025-05-27T13:53:09.490+0000] {dag.py:3823} INFO - Setting next_dagrun for postgres_to_mysql to 2025-05-27 13:00:00+00:00, run_after=2025-05-27 14:00:00+00:00
[2025-05-27T13:53:09.508+0000] {processor.py:183} INFO - Processing /opt/airflow/dags/postgres_to_mysql.py took 0.476 seconds
[2025-05-27T13:53:40.378+0000] {processor.py:161} INFO - Started process (PID=1146) to work on /opt/airflow/dags/postgres_to_mysql.py
[2025-05-27T13:53:40.382+0000] {processor.py:830} INFO - Processing file /opt/airflow/dags/postgres_to_mysql.py for tasks to queue
[2025-05-27T13:53:40.387+0000] {logging_mixin.py:188} INFO - [2025-05-27T13:53:40.386+0000] {dagbag.py:538} INFO - Filling up the DagBag from /opt/airflow/dags/postgres_to_mysql.py
[2025-05-27T13:53:40.938+0000] {processor.py:840} INFO - DAG(s) 'postgres_to_mysql' retrieved from /opt/airflow/dags/postgres_to_mysql.py
[2025-05-27T13:53:41.102+0000] {logging_mixin.py:188} INFO - [2025-05-27T13:53:41.102+0000] {dag.py:3036} INFO - Sync 1 DAGs
[2025-05-27T13:53:41.199+0000] {logging_mixin.py:188} INFO - [2025-05-27T13:53:41.199+0000] {dag.py:3823} INFO - Setting next_dagrun for postgres_to_mysql to 2025-05-27 13:00:00+00:00, run_after=2025-05-27 14:00:00+00:00
[2025-05-27T13:53:41.246+0000] {processor.py:183} INFO - Processing /opt/airflow/dags/postgres_to_mysql.py took 0.896 seconds
[2025-05-27T13:54:11.588+0000] {processor.py:161} INFO - Started process (PID=1164) to work on /opt/airflow/dags/postgres_to_mysql.py
[2025-05-27T13:54:11.593+0000] {processor.py:830} INFO - Processing file /opt/airflow/dags/postgres_to_mysql.py for tasks to queue
[2025-05-27T13:54:11.596+0000] {logging_mixin.py:188} INFO - [2025-05-27T13:54:11.595+0000] {dagbag.py:538} INFO - Filling up the DagBag from /opt/airflow/dags/postgres_to_mysql.py
[2025-05-27T13:54:12.150+0000] {processor.py:840} INFO - DAG(s) 'postgres_to_mysql' retrieved from /opt/airflow/dags/postgres_to_mysql.py
[2025-05-27T13:54:12.224+0000] {logging_mixin.py:188} INFO - [2025-05-27T13:54:12.223+0000] {dag.py:3036} INFO - Sync 1 DAGs
[2025-05-27T13:54:12.270+0000] {logging_mixin.py:188} INFO - [2025-05-27T13:54:12.269+0000] {dag.py:3823} INFO - Setting next_dagrun for postgres_to_mysql to 2025-05-27 13:00:00+00:00, run_after=2025-05-27 14:00:00+00:00
[2025-05-27T13:54:12.296+0000] {processor.py:183} INFO - Processing /opt/airflow/dags/postgres_to_mysql.py took 0.734 seconds
[2025-05-27T13:54:43.002+0000] {processor.py:161} INFO - Started process (PID=1183) to work on /opt/airflow/dags/postgres_to_mysql.py
[2025-05-27T13:54:43.005+0000] {processor.py:830} INFO - Processing file /opt/airflow/dags/postgres_to_mysql.py for tasks to queue
[2025-05-27T13:54:43.007+0000] {logging_mixin.py:188} INFO - [2025-05-27T13:54:43.006+0000] {dagbag.py:538} INFO - Filling up the DagBag from /opt/airflow/dags/postgres_to_mysql.py
[2025-05-27T13:54:43.339+0000] {processor.py:840} INFO - DAG(s) 'postgres_to_mysql' retrieved from /opt/airflow/dags/postgres_to_mysql.py
[2025-05-27T13:54:43.458+0000] {logging_mixin.py:188} INFO - [2025-05-27T13:54:43.457+0000] {dag.py:3036} INFO - Sync 1 DAGs
[2025-05-27T13:54:43.494+0000] {logging_mixin.py:188} INFO - [2025-05-27T13:54:43.494+0000] {dag.py:3823} INFO - Setting next_dagrun for postgres_to_mysql to 2025-05-27 13:00:00+00:00, run_after=2025-05-27 14:00:00+00:00
[2025-05-27T13:54:43.524+0000] {processor.py:183} INFO - Processing /opt/airflow/dags/postgres_to_mysql.py took 0.532 seconds
[2025-05-27T13:55:13.837+0000] {processor.py:161} INFO - Started process (PID=1207) to work on /opt/airflow/dags/postgres_to_mysql.py
[2025-05-27T13:55:13.845+0000] {processor.py:830} INFO - Processing file /opt/airflow/dags/postgres_to_mysql.py for tasks to queue
[2025-05-27T13:55:13.847+0000] {logging_mixin.py:188} INFO - [2025-05-27T13:55:13.846+0000] {dagbag.py:538} INFO - Filling up the DagBag from /opt/airflow/dags/postgres_to_mysql.py
[2025-05-27T13:55:14.269+0000] {processor.py:840} INFO - DAG(s) 'postgres_to_mysql' retrieved from /opt/airflow/dags/postgres_to_mysql.py
[2025-05-27T13:55:14.331+0000] {logging_mixin.py:188} INFO - [2025-05-27T13:55:14.331+0000] {dag.py:3036} INFO - Sync 1 DAGs
[2025-05-27T13:55:14.387+0000] {logging_mixin.py:188} INFO - [2025-05-27T13:55:14.386+0000] {dag.py:3823} INFO - Setting next_dagrun for postgres_to_mysql to 2025-05-27 13:00:00+00:00, run_after=2025-05-27 14:00:00+00:00
[2025-05-27T13:55:14.408+0000] {processor.py:183} INFO - Processing /opt/airflow/dags/postgres_to_mysql.py took 0.589 seconds
[2025-05-27T13:55:45.331+0000] {processor.py:161} INFO - Started process (PID=1228) to work on /opt/airflow/dags/postgres_to_mysql.py
[2025-05-27T13:55:45.335+0000] {processor.py:830} INFO - Processing file /opt/airflow/dags/postgres_to_mysql.py for tasks to queue
[2025-05-27T13:55:45.337+0000] {logging_mixin.py:188} INFO - [2025-05-27T13:55:45.337+0000] {dagbag.py:538} INFO - Filling up the DagBag from /opt/airflow/dags/postgres_to_mysql.py
[2025-05-27T13:55:45.604+0000] {processor.py:840} INFO - DAG(s) 'postgres_to_mysql' retrieved from /opt/airflow/dags/postgres_to_mysql.py
[2025-05-27T13:55:45.636+0000] {logging_mixin.py:188} INFO - [2025-05-27T13:55:45.636+0000] {dag.py:3036} INFO - Sync 1 DAGs
[2025-05-27T13:55:45.665+0000] {logging_mixin.py:188} INFO - [2025-05-27T13:55:45.665+0000] {dag.py:3823} INFO - Setting next_dagrun for postgres_to_mysql to 2025-05-27 13:00:00+00:00, run_after=2025-05-27 14:00:00+00:00
[2025-05-27T13:55:45.690+0000] {processor.py:183} INFO - Processing /opt/airflow/dags/postgres_to_mysql.py took 0.369 seconds
[2025-05-27T13:56:16.684+0000] {processor.py:161} INFO - Started process (PID=1246) to work on /opt/airflow/dags/postgres_to_mysql.py
[2025-05-27T13:56:16.687+0000] {processor.py:830} INFO - Processing file /opt/airflow/dags/postgres_to_mysql.py for tasks to queue
[2025-05-27T13:56:16.688+0000] {logging_mixin.py:188} INFO - [2025-05-27T13:56:16.688+0000] {dagbag.py:538} INFO - Filling up the DagBag from /opt/airflow/dags/postgres_to_mysql.py
[2025-05-27T13:56:16.946+0000] {processor.py:840} INFO - DAG(s) 'postgres_to_mysql' retrieved from /opt/airflow/dags/postgres_to_mysql.py
[2025-05-27T13:56:16.992+0000] {logging_mixin.py:188} INFO - [2025-05-27T13:56:16.992+0000] {dag.py:3036} INFO - Sync 1 DAGs
[2025-05-27T13:56:17.012+0000] {logging_mixin.py:188} INFO - [2025-05-27T13:56:17.012+0000] {dag.py:3823} INFO - Setting next_dagrun for postgres_to_mysql to 2025-05-27 13:00:00+00:00, run_after=2025-05-27 14:00:00+00:00
[2025-05-27T13:56:17.030+0000] {processor.py:183} INFO - Processing /opt/airflow/dags/postgres_to_mysql.py took 0.356 seconds
[2025-05-27T13:56:47.748+0000] {processor.py:161} INFO - Started process (PID=1264) to work on /opt/airflow/dags/postgres_to_mysql.py
[2025-05-27T13:56:47.750+0000] {processor.py:830} INFO - Processing file /opt/airflow/dags/postgres_to_mysql.py for tasks to queue
[2025-05-27T13:56:47.751+0000] {logging_mixin.py:188} INFO - [2025-05-27T13:56:47.751+0000] {dagbag.py:538} INFO - Filling up the DagBag from /opt/airflow/dags/postgres_to_mysql.py
[2025-05-27T13:56:48.165+0000] {processor.py:840} INFO - DAG(s) 'postgres_to_mysql' retrieved from /opt/airflow/dags/postgres_to_mysql.py
[2025-05-27T13:56:48.206+0000] {logging_mixin.py:188} INFO - [2025-05-27T13:56:48.205+0000] {dag.py:3036} INFO - Sync 1 DAGs
[2025-05-27T13:56:48.244+0000] {logging_mixin.py:188} INFO - [2025-05-27T13:56:48.243+0000] {dag.py:3823} INFO - Setting next_dagrun for postgres_to_mysql to 2025-05-27 13:00:00+00:00, run_after=2025-05-27 14:00:00+00:00
[2025-05-27T13:56:48.272+0000] {processor.py:183} INFO - Processing /opt/airflow/dags/postgres_to_mysql.py took 0.531 seconds
[2025-05-27T13:57:18.725+0000] {processor.py:161} INFO - Started process (PID=1282) to work on /opt/airflow/dags/postgres_to_mysql.py
[2025-05-27T13:57:18.731+0000] {processor.py:830} INFO - Processing file /opt/airflow/dags/postgres_to_mysql.py for tasks to queue
[2025-05-27T13:57:18.738+0000] {logging_mixin.py:188} INFO - [2025-05-27T13:57:18.733+0000] {dagbag.py:538} INFO - Filling up the DagBag from /opt/airflow/dags/postgres_to_mysql.py
[2025-05-27T13:57:19.011+0000] {processor.py:840} INFO - DAG(s) 'postgres_to_mysql' retrieved from /opt/airflow/dags/postgres_to_mysql.py
[2025-05-27T13:57:19.083+0000] {logging_mixin.py:188} INFO - [2025-05-27T13:57:19.083+0000] {dag.py:3036} INFO - Sync 1 DAGs
[2025-05-27T13:57:19.106+0000] {logging_mixin.py:188} INFO - [2025-05-27T13:57:19.105+0000] {dag.py:3823} INFO - Setting next_dagrun for postgres_to_mysql to 2025-05-27 13:00:00+00:00, run_after=2025-05-27 14:00:00+00:00
[2025-05-27T13:57:19.126+0000] {processor.py:183} INFO - Processing /opt/airflow/dags/postgres_to_mysql.py took 0.414 seconds
[2025-05-27T13:57:50.168+0000] {processor.py:161} INFO - Started process (PID=1300) to work on /opt/airflow/dags/postgres_to_mysql.py
[2025-05-27T13:57:50.172+0000] {processor.py:830} INFO - Processing file /opt/airflow/dags/postgres_to_mysql.py for tasks to queue
[2025-05-27T13:57:50.174+0000] {logging_mixin.py:188} INFO - [2025-05-27T13:57:50.174+0000] {dagbag.py:538} INFO - Filling up the DagBag from /opt/airflow/dags/postgres_to_mysql.py
[2025-05-27T13:57:50.544+0000] {processor.py:840} INFO - DAG(s) 'postgres_to_mysql' retrieved from /opt/airflow/dags/postgres_to_mysql.py
[2025-05-27T13:57:50.656+0000] {logging_mixin.py:188} INFO - [2025-05-27T13:57:50.655+0000] {dag.py:3036} INFO - Sync 1 DAGs
[2025-05-27T13:57:50.708+0000] {logging_mixin.py:188} INFO - [2025-05-27T13:57:50.707+0000] {dag.py:3823} INFO - Setting next_dagrun for postgres_to_mysql to 2025-05-27 13:00:00+00:00, run_after=2025-05-27 14:00:00+00:00
[2025-05-27T13:57:50.739+0000] {processor.py:183} INFO - Processing /opt/airflow/dags/postgres_to_mysql.py took 0.580 seconds
[2025-05-27T13:58:21.263+0000] {processor.py:161} INFO - Started process (PID=1318) to work on /opt/airflow/dags/postgres_to_mysql.py
[2025-05-27T13:58:21.266+0000] {processor.py:830} INFO - Processing file /opt/airflow/dags/postgres_to_mysql.py for tasks to queue
[2025-05-27T13:58:21.268+0000] {logging_mixin.py:188} INFO - [2025-05-27T13:58:21.267+0000] {dagbag.py:538} INFO - Filling up the DagBag from /opt/airflow/dags/postgres_to_mysql.py
[2025-05-27T13:58:21.502+0000] {processor.py:840} INFO - DAG(s) 'postgres_to_mysql' retrieved from /opt/airflow/dags/postgres_to_mysql.py
[2025-05-27T13:58:21.534+0000] {logging_mixin.py:188} INFO - [2025-05-27T13:58:21.534+0000] {dag.py:3036} INFO - Sync 1 DAGs
[2025-05-27T13:58:21.557+0000] {logging_mixin.py:188} INFO - [2025-05-27T13:58:21.557+0000] {dag.py:3823} INFO - Setting next_dagrun for postgres_to_mysql to 2025-05-27 13:00:00+00:00, run_after=2025-05-27 14:00:00+00:00
[2025-05-27T13:58:21.581+0000] {processor.py:183} INFO - Processing /opt/airflow/dags/postgres_to_mysql.py took 0.329 seconds
[2025-05-27T13:58:51.897+0000] {processor.py:161} INFO - Started process (PID=1336) to work on /opt/airflow/dags/postgres_to_mysql.py
[2025-05-27T13:58:51.900+0000] {processor.py:830} INFO - Processing file /opt/airflow/dags/postgres_to_mysql.py for tasks to queue
[2025-05-27T13:58:51.902+0000] {logging_mixin.py:188} INFO - [2025-05-27T13:58:51.901+0000] {dagbag.py:538} INFO - Filling up the DagBag from /opt/airflow/dags/postgres_to_mysql.py
[2025-05-27T13:58:52.149+0000] {processor.py:840} INFO - DAG(s) 'postgres_to_mysql' retrieved from /opt/airflow/dags/postgres_to_mysql.py
[2025-05-27T13:58:52.178+0000] {logging_mixin.py:188} INFO - [2025-05-27T13:58:52.177+0000] {dag.py:3036} INFO - Sync 1 DAGs
[2025-05-27T13:58:52.215+0000] {logging_mixin.py:188} INFO - [2025-05-27T13:58:52.215+0000] {dag.py:3823} INFO - Setting next_dagrun for postgres_to_mysql to 2025-05-27 13:00:00+00:00, run_after=2025-05-27 14:00:00+00:00
[2025-05-27T13:58:52.245+0000] {processor.py:183} INFO - Processing /opt/airflow/dags/postgres_to_mysql.py took 0.359 seconds
[2025-05-27T13:59:22.840+0000] {processor.py:161} INFO - Started process (PID=1354) to work on /opt/airflow/dags/postgres_to_mysql.py
[2025-05-27T13:59:22.842+0000] {processor.py:830} INFO - Processing file /opt/airflow/dags/postgres_to_mysql.py for tasks to queue
[2025-05-27T13:59:22.844+0000] {logging_mixin.py:188} INFO - [2025-05-27T13:59:22.844+0000] {dagbag.py:538} INFO - Filling up the DagBag from /opt/airflow/dags/postgres_to_mysql.py
[2025-05-27T13:59:23.151+0000] {processor.py:840} INFO - DAG(s) 'postgres_to_mysql' retrieved from /opt/airflow/dags/postgres_to_mysql.py
[2025-05-27T13:59:23.242+0000] {logging_mixin.py:188} INFO - [2025-05-27T13:59:23.242+0000] {dag.py:3036} INFO - Sync 1 DAGs
[2025-05-27T13:59:23.294+0000] {logging_mixin.py:188} INFO - [2025-05-27T13:59:23.293+0000] {dag.py:3823} INFO - Setting next_dagrun for postgres_to_mysql to 2025-05-27 13:00:00+00:00, run_after=2025-05-27 14:00:00+00:00
[2025-05-27T13:59:23.360+0000] {processor.py:183} INFO - Processing /opt/airflow/dags/postgres_to_mysql.py took 0.528 seconds
[2025-05-27T13:59:54.234+0000] {processor.py:161} INFO - Started process (PID=1372) to work on /opt/airflow/dags/postgres_to_mysql.py
[2025-05-27T13:59:54.237+0000] {processor.py:830} INFO - Processing file /opt/airflow/dags/postgres_to_mysql.py for tasks to queue
[2025-05-27T13:59:54.240+0000] {logging_mixin.py:188} INFO - [2025-05-27T13:59:54.238+0000] {dagbag.py:538} INFO - Filling up the DagBag from /opt/airflow/dags/postgres_to_mysql.py
[2025-05-27T13:59:54.496+0000] {processor.py:840} INFO - DAG(s) 'postgres_to_mysql' retrieved from /opt/airflow/dags/postgres_to_mysql.py
[2025-05-27T13:59:54.545+0000] {logging_mixin.py:188} INFO - [2025-05-27T13:59:54.544+0000] {dag.py:3036} INFO - Sync 1 DAGs
[2025-05-27T13:59:54.567+0000] {logging_mixin.py:188} INFO - [2025-05-27T13:59:54.567+0000] {dag.py:3823} INFO - Setting next_dagrun for postgres_to_mysql to 2025-05-27 13:00:00+00:00, run_after=2025-05-27 14:00:00+00:00
[2025-05-27T13:59:54.581+0000] {processor.py:183} INFO - Processing /opt/airflow/dags/postgres_to_mysql.py took 0.357 seconds
[2025-05-27T14:00:25.367+0000] {processor.py:161} INFO - Started process (PID=1396) to work on /opt/airflow/dags/postgres_to_mysql.py
[2025-05-27T14:00:25.371+0000] {processor.py:830} INFO - Processing file /opt/airflow/dags/postgres_to_mysql.py for tasks to queue
[2025-05-27T14:00:25.382+0000] {logging_mixin.py:188} INFO - [2025-05-27T14:00:25.379+0000] {dagbag.py:538} INFO - Filling up the DagBag from /opt/airflow/dags/postgres_to_mysql.py
[2025-05-27T14:00:25.936+0000] {processor.py:840} INFO - DAG(s) 'postgres_to_mysql' retrieved from /opt/airflow/dags/postgres_to_mysql.py
[2025-05-27T14:00:26.023+0000] {logging_mixin.py:188} INFO - [2025-05-27T14:00:26.021+0000] {dag.py:3036} INFO - Sync 1 DAGs
[2025-05-27T14:00:26.054+0000] {logging_mixin.py:188} INFO - [2025-05-27T14:00:26.054+0000] {dag.py:3823} INFO - Setting next_dagrun for postgres_to_mysql to 2025-05-27 14:00:00+00:00, run_after=2025-05-27 15:00:00+00:00
[2025-05-27T14:00:26.078+0000] {processor.py:183} INFO - Processing /opt/airflow/dags/postgres_to_mysql.py took 0.744 seconds
[2025-05-27T14:00:56.733+0000] {processor.py:161} INFO - Started process (PID=1414) to work on /opt/airflow/dags/postgres_to_mysql.py
[2025-05-27T14:00:56.737+0000] {processor.py:830} INFO - Processing file /opt/airflow/dags/postgres_to_mysql.py for tasks to queue
[2025-05-27T14:00:56.739+0000] {logging_mixin.py:188} INFO - [2025-05-27T14:00:56.738+0000] {dagbag.py:538} INFO - Filling up the DagBag from /opt/airflow/dags/postgres_to_mysql.py
[2025-05-27T14:00:57.071+0000] {processor.py:840} INFO - DAG(s) 'postgres_to_mysql' retrieved from /opt/airflow/dags/postgres_to_mysql.py
[2025-05-27T14:00:57.140+0000] {logging_mixin.py:188} INFO - [2025-05-27T14:00:57.139+0000] {dag.py:3036} INFO - Sync 1 DAGs
[2025-05-27T14:00:57.157+0000] {logging_mixin.py:188} INFO - [2025-05-27T14:00:57.157+0000] {dag.py:3823} INFO - Setting next_dagrun for postgres_to_mysql to 2025-05-27 14:00:00+00:00, run_after=2025-05-27 15:00:00+00:00
[2025-05-27T14:00:57.185+0000] {processor.py:183} INFO - Processing /opt/airflow/dags/postgres_to_mysql.py took 0.462 seconds
[2025-05-27T14:01:28.315+0000] {processor.py:161} INFO - Started process (PID=1432) to work on /opt/airflow/dags/postgres_to_mysql.py
[2025-05-27T14:01:28.323+0000] {processor.py:830} INFO - Processing file /opt/airflow/dags/postgres_to_mysql.py for tasks to queue
[2025-05-27T14:01:28.328+0000] {logging_mixin.py:188} INFO - [2025-05-27T14:01:28.326+0000] {dagbag.py:538} INFO - Filling up the DagBag from /opt/airflow/dags/postgres_to_mysql.py
[2025-05-27T14:01:28.838+0000] {processor.py:840} INFO - DAG(s) 'postgres_to_mysql' retrieved from /opt/airflow/dags/postgres_to_mysql.py
[2025-05-27T14:01:28.897+0000] {logging_mixin.py:188} INFO - [2025-05-27T14:01:28.895+0000] {dag.py:3036} INFO - Sync 1 DAGs
[2025-05-27T14:01:28.942+0000] {logging_mixin.py:188} INFO - [2025-05-27T14:01:28.941+0000] {dag.py:3823} INFO - Setting next_dagrun for postgres_to_mysql to 2025-05-27 14:00:00+00:00, run_after=2025-05-27 15:00:00+00:00
[2025-05-27T14:01:28.972+0000] {processor.py:183} INFO - Processing /opt/airflow/dags/postgres_to_mysql.py took 0.705 seconds
[2025-05-27T14:01:59.749+0000] {processor.py:161} INFO - Started process (PID=1450) to work on /opt/airflow/dags/postgres_to_mysql.py
[2025-05-27T14:01:59.759+0000] {processor.py:830} INFO - Processing file /opt/airflow/dags/postgres_to_mysql.py for tasks to queue
[2025-05-27T14:01:59.765+0000] {logging_mixin.py:188} INFO - [2025-05-27T14:01:59.762+0000] {dagbag.py:538} INFO - Filling up the DagBag from /opt/airflow/dags/postgres_to_mysql.py
[2025-05-27T14:02:00.074+0000] {processor.py:840} INFO - DAG(s) 'postgres_to_mysql' retrieved from /opt/airflow/dags/postgres_to_mysql.py
[2025-05-27T14:02:00.120+0000] {logging_mixin.py:188} INFO - [2025-05-27T14:02:00.119+0000] {dag.py:3036} INFO - Sync 1 DAGs
[2025-05-27T14:02:00.180+0000] {logging_mixin.py:188} INFO - [2025-05-27T14:02:00.179+0000] {dag.py:3823} INFO - Setting next_dagrun for postgres_to_mysql to 2025-05-27 14:00:00+00:00, run_after=2025-05-27 15:00:00+00:00
[2025-05-27T14:02:00.230+0000] {processor.py:183} INFO - Processing /opt/airflow/dags/postgres_to_mysql.py took 0.500 seconds
[2025-05-27T14:02:30.487+0000] {processor.py:161} INFO - Started process (PID=1468) to work on /opt/airflow/dags/postgres_to_mysql.py
[2025-05-27T14:02:30.490+0000] {processor.py:830} INFO - Processing file /opt/airflow/dags/postgres_to_mysql.py for tasks to queue
[2025-05-27T14:02:30.493+0000] {logging_mixin.py:188} INFO - [2025-05-27T14:02:30.492+0000] {dagbag.py:538} INFO - Filling up the DagBag from /opt/airflow/dags/postgres_to_mysql.py
[2025-05-27T14:02:30.759+0000] {processor.py:840} INFO - DAG(s) 'postgres_to_mysql' retrieved from /opt/airflow/dags/postgres_to_mysql.py
[2025-05-27T14:02:30.800+0000] {logging_mixin.py:188} INFO - [2025-05-27T14:02:30.799+0000] {dag.py:3036} INFO - Sync 1 DAGs
[2025-05-27T14:02:30.822+0000] {logging_mixin.py:188} INFO - [2025-05-27T14:02:30.822+0000] {dag.py:3823} INFO - Setting next_dagrun for postgres_to_mysql to 2025-05-27 14:00:00+00:00, run_after=2025-05-27 15:00:00+00:00
[2025-05-27T14:02:31.244+0000] {processor.py:183} INFO - Processing /opt/airflow/dags/postgres_to_mysql.py took 0.768 seconds
[2025-05-27T14:03:01.530+0000] {processor.py:161} INFO - Started process (PID=1492) to work on /opt/airflow/dags/postgres_to_mysql.py
[2025-05-27T14:03:01.532+0000] {processor.py:830} INFO - Processing file /opt/airflow/dags/postgres_to_mysql.py for tasks to queue
[2025-05-27T14:03:01.532+0000] {logging_mixin.py:188} INFO - [2025-05-27T14:03:01.532+0000] {dagbag.py:538} INFO - Filling up the DagBag from /opt/airflow/dags/postgres_to_mysql.py
[2025-05-27T14:03:01.747+0000] {processor.py:840} INFO - DAG(s) 'postgres_to_mysql' retrieved from /opt/airflow/dags/postgres_to_mysql.py
[2025-05-27T14:03:01.780+0000] {logging_mixin.py:188} INFO - [2025-05-27T14:03:01.780+0000] {dag.py:3036} INFO - Sync 1 DAGs
[2025-05-27T14:03:01.801+0000] {logging_mixin.py:188} INFO - [2025-05-27T14:03:01.800+0000] {dag.py:3823} INFO - Setting next_dagrun for postgres_to_mysql to 2025-05-27 14:00:00+00:00, run_after=2025-05-27 15:00:00+00:00
[2025-05-27T14:03:01.820+0000] {processor.py:183} INFO - Processing /opt/airflow/dags/postgres_to_mysql.py took 0.296 seconds
[2025-05-27T14:03:32.197+0000] {processor.py:161} INFO - Started process (PID=1504) to work on /opt/airflow/dags/postgres_to_mysql.py
[2025-05-27T14:03:32.200+0000] {processor.py:830} INFO - Processing file /opt/airflow/dags/postgres_to_mysql.py for tasks to queue
[2025-05-27T14:03:32.202+0000] {logging_mixin.py:188} INFO - [2025-05-27T14:03:32.201+0000] {dagbag.py:538} INFO - Filling up the DagBag from /opt/airflow/dags/postgres_to_mysql.py
[2025-05-27T14:03:32.472+0000] {processor.py:840} INFO - DAG(s) 'postgres_to_mysql' retrieved from /opt/airflow/dags/postgres_to_mysql.py
[2025-05-27T14:03:32.503+0000] {logging_mixin.py:188} INFO - [2025-05-27T14:03:32.502+0000] {dag.py:3036} INFO - Sync 1 DAGs
[2025-05-27T14:03:32.525+0000] {logging_mixin.py:188} INFO - [2025-05-27T14:03:32.525+0000] {dag.py:3823} INFO - Setting next_dagrun for postgres_to_mysql to 2025-05-27 14:00:00+00:00, run_after=2025-05-27 15:00:00+00:00
[2025-05-27T14:03:32.542+0000] {processor.py:183} INFO - Processing /opt/airflow/dags/postgres_to_mysql.py took 0.367 seconds
[2025-05-27T14:04:03.056+0000] {processor.py:161} INFO - Started process (PID=1522) to work on /opt/airflow/dags/postgres_to_mysql.py
[2025-05-27T14:04:03.070+0000] {processor.py:830} INFO - Processing file /opt/airflow/dags/postgres_to_mysql.py for tasks to queue
[2025-05-27T14:04:03.072+0000] {logging_mixin.py:188} INFO - [2025-05-27T14:04:03.071+0000] {dagbag.py:538} INFO - Filling up the DagBag from /opt/airflow/dags/postgres_to_mysql.py
[2025-05-27T14:04:03.541+0000] {processor.py:840} INFO - DAG(s) 'postgres_to_mysql' retrieved from /opt/airflow/dags/postgres_to_mysql.py
[2025-05-27T14:04:03.656+0000] {logging_mixin.py:188} INFO - [2025-05-27T14:04:03.655+0000] {dag.py:3036} INFO - Sync 1 DAGs
[2025-05-27T14:04:03.723+0000] {logging_mixin.py:188} INFO - [2025-05-27T14:04:03.722+0000] {dag.py:3823} INFO - Setting next_dagrun for postgres_to_mysql to 2025-05-27 14:00:00+00:00, run_after=2025-05-27 15:00:00+00:00
[2025-05-27T14:04:03.779+0000] {processor.py:183} INFO - Processing /opt/airflow/dags/postgres_to_mysql.py took 0.730 seconds
[2025-05-27T14:04:34.387+0000] {processor.py:161} INFO - Started process (PID=1540) to work on /opt/airflow/dags/postgres_to_mysql.py
[2025-05-27T14:04:34.390+0000] {processor.py:830} INFO - Processing file /opt/airflow/dags/postgres_to_mysql.py for tasks to queue
[2025-05-27T14:04:34.392+0000] {logging_mixin.py:188} INFO - [2025-05-27T14:04:34.391+0000] {dagbag.py:538} INFO - Filling up the DagBag from /opt/airflow/dags/postgres_to_mysql.py
[2025-05-27T14:04:34.774+0000] {processor.py:840} INFO - DAG(s) 'postgres_to_mysql' retrieved from /opt/airflow/dags/postgres_to_mysql.py
[2025-05-27T14:04:34.819+0000] {logging_mixin.py:188} INFO - [2025-05-27T14:04:34.818+0000] {dag.py:3036} INFO - Sync 1 DAGs
[2025-05-27T14:04:34.853+0000] {logging_mixin.py:188} INFO - [2025-05-27T14:04:34.853+0000] {dag.py:3823} INFO - Setting next_dagrun for postgres_to_mysql to 2025-05-27 14:00:00+00:00, run_after=2025-05-27 15:00:00+00:00
[2025-05-27T14:04:34.875+0000] {processor.py:183} INFO - Processing /opt/airflow/dags/postgres_to_mysql.py took 0.501 seconds
